<?xml version="1.0" encoding="UTF-8"?>
<testsuite xmlns:xsi="http://www.w3.org/2001/XMLSchema-instance" xsi:schemaLocation="https://maven.apache.org/surefire/maven-surefire-plugin/xsd/surefire-test-report.xsd" name="org.bukkit.PerMaterialTest" time="0.275" tests="4664" errors="0" skipped="0" failures="0">
  <properties>
[...]
</properties>
  <testcase name="hasGravity[0: AIR]" classname="org.bukkit.PerMaterialTest" time="0.004"/>
  <testcase name="isBurnable[0: AIR]" classname="org.bukkit.PerMaterialTest" time="0"/>
  <testcase name="isEdible[0: AIR]" classname="org.bukkit.PerMaterialTest" time="0"/>
  <testcase name="maxDurability[0: AIR]" classname="org.bukkit.PerMaterialTest" time="0.001"/>
  <testcase name="usesDurability[0: AIR]" classname="org.bukkit.PerMaterialTest" time="0.006"/>
  <testcase name="isOccluding[0: AIR]" classname="org.bukkit.PerMaterialTest" time="0"/>
  <testcase name="isRecord[0: AIR]" classname="org.bukkit.PerMaterialTest" time="0"/>
  <testcase name="isFlammable[0: AIR]" classname="org.bukkit.PerMaterialTest" time="0"/>
  <testcase name="maxStackSize[0: AIR]" classname="org.bukkit.PerMaterialTest" time="0"/>
  <testcase name="isTransparent[0: AIR]" classname="org.bukkit.PerMaterialTest" time="0"/>
  <testcase name="isSolid[0: AIR]" classname="org.bukkit.PerMaterialTest" time="0"/>
  <testcase name="hasGravity[1: STONE]" classname="org.bukkit.PerMaterialTest" time="0"/>
  <testcase name="isBurnable[1: STONE]" classname="org.bukkit.PerMaterialTest" time="0"/>
  <testcase name="isEdible[1: STONE]" classname="org.bukkit.PerMaterialTest" time="0"/>
  <testcase name="maxDurability[1: STONE]" classname="org.bukkit.PerMaterialTest" time="0"/>
  <testcase name="usesDurability[1: STONE]" classname="org.bukkit.PerMaterialTest" time="0"/>
  <testcase name="isOccluding[1: STONE]" classname="org.bukkit.PerMaterialTest" time="0"/>
  <testcase name="isRecord[1: STONE]" classname="org.bukkit.PerMaterialTest" time="0"/>
  <testcase name="isFlammable[1: STONE]" classname="org.bukkit.PerMaterialTest" time="0"/>
  <testcase name="maxStackSize[1: STONE]" classname="org.bukkit.PerMaterialTest" time="0"/>
  <testcase name="isTransparent[1: STONE]" classname="org.bukkit.PerMaterialTest" time="0"/>
  <testcase name="isSolid[1: STONE]" classname="org.bukkit.PerMaterialTest" time="0"/>
  <testcase name="hasGravity[2: GRASS]" classname="org.bukkit.PerMaterialTest" time="0"/>
  <testcase name="isBurnable[2: GRASS]" classname="org.bukkit.PerMaterialTest" time="0"/>
  <testcase name="isEdible[2: GRASS]" classname="org.bukkit.PerMaterialTest" time="0"/>
  <testcase name="maxDurability[2: GRASS]" classname="org.bukkit.PerMaterialTest" time="0"/>
  <testcase name="usesDurability[2: GRASS]" classname="org.bukkit.PerMaterialTest" time="0"/>
  <testcase name="isOccluding[2: GRASS]" classname="org.bukkit.PerMaterialTest" time="0"/>
  <testcase name="isRecord[2: GRASS]" classname="org.bukkit.PerMaterialTest" time="0"/>
  <testcase name="isFlammable[2: GRASS]" classname="org.bukkit.PerMaterialTest" time="0"/>
  <testcase name="maxStackSize[2: GRASS]" classname="org.bukkit.PerMaterialTest" time="0"/>
  <testcase name="isTransparent[2: GRASS]" classname="org.bukkit.PerMaterialTest" time="0"/>
  <testcase name="isSolid[2: GRASS]" classname="org.bukkit.PerMaterialTest" time="0"/>
  <testcase name="hasGravity[3: DIRT]" classname="org.bukkit.PerMaterialTest" time="0"/>
  <testcase name="isBurnable[3: DIRT]" classname="org.bukkit.PerMaterialTest" time="0"/>
  <testcase name="isEdible[3: DIRT]" classname="org.bukkit.PerMaterialTest" time="0"/>
  <testcase name="maxDurability[3: DIRT]" classname="org.bukkit.PerMaterialTest" time="0.001"/>
  <testcase name="usesDurability[3: DIRT]" classname="org.bukkit.PerMaterialTest" time="0"/>
  <testcase name="isOccluding[3: DIRT]" classname="org.bukkit.PerMaterialTest" time="0"/>
  <testcase name="isRecord[3: DIRT]" classname="org.bukkit.PerMaterialTest" time="0"/>
  <testcase name="isFlammable[3: DIRT]" classname="org.bukkit.PerMaterialTest" time="0"/>
  <testcase name="maxStackSize[3: DIRT]" classname="org.bukkit.PerMaterialTest" time="0"/>
  <testcase name="isTransparent[3: DIRT]" classname="org.bukkit.PerMaterialTest" time="0"/>
  <testcase name="isSolid[3: DIRT]" classname="org.bukkit.PerMaterialTest" time="0"/>
  <testcase name="hasGravity[4: COBBLESTONE]" classname="org.bukkit.PerMaterialTest" time="0"/>
  <testcase name="isBurnable[4: COBBLESTONE]" classname="org.bukkit.PerMaterialTest" time="0"/>
  <testcase name="isEdible[4: COBBLESTONE]" classname="org.bukkit.PerMaterialTest" time="0"/>
  <testcase name="maxDurability[4: COBBLESTONE]" classname="org.bukkit.PerMaterialTest" time="0"/>
  <testcase name="usesDurability[4: COBBLESTONE]" classname="org.bukkit.PerMaterialTest" time="0"/>
  <testcase name="isOccluding[4: COBBLESTONE]" classname="org.bukkit.PerMaterialTest" time="0"/>
  <testcase name="isRecord[4: COBBLESTONE]" classname="org.bukkit.PerMaterialTest" time="0"/>
  <testcase name="isFlammable[4: COBBLESTONE]" classname="org.bukkit.PerMaterialTest" time="0"/>
  <testcase name="maxStackSize[4: COBBLESTONE]" classname="org.bukkit.PerMaterialTest" time="0.001"/>
  <testcase name="isTransparent[4: COBBLESTONE]" classname="org.bukkit.PerMaterialTest" time="0"/>
  <testcase name="isSolid[4: COBBLESTONE]" classname="org.bukkit.PerMaterialTest" time="0"/>
  <testcase name="hasGravity[5: WOOD]" classname="org.bukkit.PerMaterialTest" time="0"/>
  <testcase name="isBurnable[5: WOOD]" classname="org.bukkit.PerMaterialTest" time="0"/>
  <testcase name="isEdible[5: WOOD]" classname="org.bukkit.PerMaterialTest" time="0"/>
  <testcase name="maxDurability[5: WOOD]" classname="org.bukkit.PerMaterialTest" time="0"/>
  <testcase name="usesDurability[5: WOOD]" classname="org.bukkit.PerMaterialTest" time="0"/>
  <testcase name="isOccluding[5: WOOD]" classname="org.bukkit.PerMaterialTest" time="0"/>
  <testcase name="isRecord[5: WOOD]" classname="org.bukkit.PerMaterialTest" time="0"/>
  <testcase name="isFlammable[5: WOOD]" classname="org.bukkit.PerMaterialTest" time="0"/>
  <testcase name="maxStackSize[5: WOOD]" classname="org.bukkit.PerMaterialTest" time="0"/>
  <testcase name="isTransparent[5: WOOD]" classname="org.bukkit.PerMaterialTest" time="0"/>
  <testcase name="isSolid[5: WOOD]" classname="org.bukkit.PerMaterialTest" time="0"/>
  <testcase name="hasGravity[6: SAPLING]" classname="org.bukkit.PerMaterialTest" time="0"/>
  <testcase name="isBurnable[6: SAPLING]" classname="org.bukkit.PerMaterialTest" time="0"/>
  <testcase name="isEdible[6: SAPLING]" classname="org.bukkit.PerMaterialTest" time="0"/>
  <testcase name="maxDurability[6: SAPLING]" classname="org.bukkit.PerMaterialTest" time="0"/>
  <testcase name="usesDurability[6: SAPLING]" classname="org.bukkit.PerMaterialTest" time="0"/>
  <testcase name="isOccluding[6: SAPLING]" classname="org.bukkit.PerMaterialTest" time="0"/>
  <testcase name="isRecord[6: SAPLING]" classname="org.bukkit.PerMaterialTest" time="0"/>
  <testcase name="isFlammable[6: SAPLING]" classname="org.bukkit.PerMaterialTest" time="0"/>
  <testcase name="maxStackSize[6: SAPLING]" classname="org.bukkit.PerMaterialTest" time="0"/>
  <testcase name="isTransparent[6: SAPLING]" classname="org.bukkit.PerMaterialTest" time="0"/>
  <testcase name="isSolid[6: SAPLING]" classname="org.bukkit.PerMaterialTest" time="0.001"/>
  <testcase name="hasGravity[7: BEDROCK]" classname="org.bukkit.PerMaterialTest" time="0"/>
  <testcase name="isBurnable[7: BEDROCK]" classname="org.bukkit.PerMaterialTest" time="0"/>
  <testcase name="isEdible[7: BEDROCK]" classname="org.bukkit.PerMaterialTest" time="0"/>
  <testcase name="maxDurability[7: BEDROCK]" classname="org.bukkit.PerMaterialTest" time="0"/>
  <testcase name="usesDurability[7: BEDROCK]" classname="org.bukkit.PerMaterialTest" time="0"/>
  <testcase name="isOccluding[7: BEDROCK]" classname="org.bukkit.PerMaterialTest" time="0"/>
  <testcase name="isRecord[7: BEDROCK]" classname="org.bukkit.PerMaterialTest" time="0"/>
  <testcase name="isFlammable[7: BEDROCK]" classname="org.bukkit.PerMaterialTest" time="0"/>
  <testcase name="maxStackSize[7: BEDROCK]" classname="org.bukkit.PerMaterialTest" time="0"/>
  <testcase name="isTransparent[7: BEDROCK]" classname="org.bukkit.PerMaterialTest" time="0"/>
  <testcase name="isSolid[7: BEDROCK]" classname="org.bukkit.PerMaterialTest" time="0"/>
  <testcase name="hasGravity[8: WATER]" classname="org.bukkit.PerMaterialTest" time="0"/>
  <testcase name="isBurnable[8: WATER]" classname="org.bukkit.PerMaterialTest" time="0"/>
  <testcase name="isEdible[8: WATER]" classname="org.bukkit.PerMaterialTest" time="0"/>
  <testcase name="maxDurability[8: WATER]" classname="org.bukkit.PerMaterialTest" time="0"/>
  <testcase name="usesDurability[8: WATER]" classname="org.bukkit.PerMaterialTest" time="0"/>
  <testcase name="isOccluding[8: WATER]" classname="org.bukkit.PerMaterialTest" time="0"/>
  <testcase name="isRecord[8: WATER]" classname="org.bukkit.PerMaterialTest" time="0"/>
  <testcase name="isFlammable[8: WATER]" classname="org.bukkit.PerMaterialTest" time="0"/>
  <testcase name="maxStackSize[8: WATER]" classname="org.bukkit.PerMaterialTest" time="0"/>
  <testcase name="isTransparent[8: WATER]" classname="org.bukkit.PerMaterialTest" time="0"/>
  <testcase name="isSolid[8: WATER]" classname="org.bukkit.PerMaterialTest" time="0"/>
  <testcase name="hasGravity[9: STATIONARY_WATER]" classname="org.bukkit.PerMaterialTest" time="0"/>
  <testcase name="isBurnable[9: STATIONARY_WATER]" classname="org.bukkit.PerMaterialTest" time="0"/>
  <testcase name="isEdible[9: STATIONARY_WATER]" classname="org.bukkit.PerMaterialTest" time="0"/>
  <testcase name="maxDurability[9: STATIONARY_WATER]" classname="org.bukkit.PerMaterialTest" time="0"/>
  <testcase name="usesDurability[9: STATIONARY_WATER]" classname="org.bukkit.PerMaterialTest" time="0"/>
  <testcase name="isOccluding[9: STATIONARY_WATER]" classname="org.bukkit.PerMaterialTest" time="0"/>
  <testcase name="isRecord[9: STATIONARY_WATER]" classname="org.bukkit.PerMaterialTest" time="0"/>
  <testcase name="isFlammable[9: STATIONARY_WATER]" classname="org.bukkit.PerMaterialTest" time="0"/>
  <testcase name="maxStackSize[9: STATIONARY_WATER]" classname="org.bukkit.PerMaterialTest" time="0"/>
  <testcase name="isTransparent[9: STATIONARY_WATER]" classname="org.bukkit.PerMaterialTest" time="0"/>
  <testcase name="isSolid[9: STATIONARY_WATER]" classname="org.bukkit.PerMaterialTest" time="0"/>
  <testcase name="hasGravity[10: LAVA]" classname="org.bukkit.PerMaterialTest" time="0"/>
  <testcase name="isBurnable[10: LAVA]" classname="org.bukkit.PerMaterialTest" time="0"/>
  <testcase name="isEdible[10: LAVA]" classname="org.bukkit.PerMaterialTest" time="0"/>
  <testcase name="maxDurability[10: LAVA]" classname="org.bukkit.PerMaterialTest" time="0"/>
  <testcase name="usesDurability[10: LAVA]" classname="org.bukkit.PerMaterialTest" time="0"/>
  <testcase name="isOccluding[10: LAVA]" classname="org.bukkit.PerMaterialTest" time="0"/>
  <testcase name="isRecord[10: LAVA]" classname="org.bukkit.PerMaterialTest" time="0"/>
  <testcase name="isFlammable[10: LAVA]" classname="org.bukkit.PerMaterialTest" time="0"/>
  <testcase name="maxStackSize[10: LAVA]" classname="org.bukkit.PerMaterialTest" time="0"/>
  <testcase name="isTransparent[10: LAVA]" classname="org.bukkit.PerMaterialTest" time="0"/>
  <testcase name="isSolid[10: LAVA]" classname="org.bukkit.PerMaterialTest" time="0"/>
  <testcase name="hasGravity[11: STATIONARY_LAVA]" classname="org.bukkit.PerMaterialTest" time="0"/>
  <testcase name="isBurnable[11: STATIONARY_LAVA]" classname="org.bukkit.PerMaterialTest" time="0"/>
  <testcase name="isEdible[11: STATIONARY_LAVA]" classname="org.bukkit.PerMaterialTest" time="0"/>
  <testcase name="maxDurability[11: STATIONARY_LAVA]" classname="org.bukkit.PerMaterialTest" time="0"/>
  <testcase name="usesDurability[11: STATIONARY_LAVA]" classname="org.bukkit.PerMaterialTest" time="0"/>
  <testcase name="isOccluding[11: STATIONARY_LAVA]" classname="org.bukkit.PerMaterialTest" time="0"/>
  <testcase name="isRecord[11: STATIONARY_LAVA]" classname="org.bukkit.PerMaterialTest" time="0"/>
  <testcase name="isFlammable[11: STATIONARY_LAVA]" classname="org.bukkit.PerMaterialTest" time="0"/>
  <testcase name="maxStackSize[11: STATIONARY_LAVA]" classname="org.bukkit.PerMaterialTest" time="0"/>
  <testcase name="isTransparent[11: STATIONARY_LAVA]" classname="org.bukkit.PerMaterialTest" time="0"/>
  <testcase name="isSolid[11: STATIONARY_LAVA]" classname="org.bukkit.PerMaterialTest" time="0"/>
  <testcase name="hasGravity[12: SAND]" classname="org.bukkit.PerMaterialTest" time="0.001"/>
  <testcase name="isBurnable[12: SAND]" classname="org.bukkit.PerMaterialTest" time="0"/>
  <testcase name="isEdible[12: SAND]" classname="org.bukkit.PerMaterialTest" time="0"/>
  <testcase name="maxDurability[12: SAND]" classname="org.bukkit.PerMaterialTest" time="0"/>
  <testcase name="usesDurability[12: SAND]" classname="org.bukkit.PerMaterialTest" time="0"/>
  <testcase name="isOccluding[12: SAND]" classname="org.bukkit.PerMaterialTest" time="0"/>
  <testcase name="isRecord[12: SAND]" classname="org.bukkit.PerMaterialTest" time="0"/>
  <testcase name="isFlammable[12: SAND]" classname="org.bukkit.PerMaterialTest" time="0"/>
  <testcase name="maxStackSize[12: SAND]" classname="org.bukkit.PerMaterialTest" time="0"/>
  <testcase name="isTransparent[12: SAND]" classname="org.bukkit.PerMaterialTest" time="0"/>
  <testcase name="isSolid[12: SAND]" classname="org.bukkit.PerMaterialTest" time="0"/>
  <testcase name="hasGravity[13: GRAVEL]" classname="org.bukkit.PerMaterialTest" time="0"/>
  <testcase name="isBurnable[13: GRAVEL]" classname="org.bukkit.PerMaterialTest" time="0"/>
  <testcase name="isEdible[13: GRAVEL]" classname="org.bukkit.PerMaterialTest" time="0"/>
  <testcase name="maxDurability[13: GRAVEL]" classname="org.bukkit.PerMaterialTest" time="0"/>
  <testcase name="usesDurability[13: GRAVEL]" classname="org.bukkit.PerMaterialTest" time="0"/>
  <testcase name="isOccluding[13: GRAVEL]" classname="org.bukkit.PerMaterialTest" time="0"/>
  <testcase name="isRecord[13: GRAVEL]" classname="org.bukkit.PerMaterialTest" time="0"/>
  <testcase name="isFlammable[13: GRAVEL]" classname="org.bukkit.PerMaterialTest" time="0"/>
  <testcase name="maxStackSize[13: GRAVEL]" classname="org.bukkit.PerMaterialTest" time="0"/>
  <testcase name="isTransparent[13: GRAVEL]" classname="org.bukkit.PerMaterialTest" time="0"/>
  <testcase name="isSolid[13: GRAVEL]" classname="org.bukkit.PerMaterialTest" time="0"/>
  <testcase name="hasGravity[14: GOLD_ORE]" classname="org.bukkit.PerMaterialTest" time="0"/>
  <testcase name="isBurnable[14: GOLD_ORE]" classname="org.bukkit.PerMaterialTest" time="0"/>
  <testcase name="isEdible[14: GOLD_ORE]" classname="org.bukkit.PerMaterialTest" time="0"/>
  <testcase name="maxDurability[14: GOLD_ORE]" classname="org.bukkit.PerMaterialTest" time="0"/>
  <testcase name="usesDurability[14: GOLD_ORE]" classname="org.bukkit.PerMaterialTest" time="0.001"/>
  <testcase name="isOccluding[14: GOLD_ORE]" classname="org.bukkit.PerMaterialTest" time="0"/>
  <testcase name="isRecord[14: GOLD_ORE]" classname="org.bukkit.PerMaterialTest" time="0"/>
  <testcase name="isFlammable[14: GOLD_ORE]" classname="org.bukkit.PerMaterialTest" time="0"/>
  <testcase name="maxStackSize[14: GOLD_ORE]" classname="org.bukkit.PerMaterialTest" time="0"/>
  <testcase name="isTransparent[14: GOLD_ORE]" classname="org.bukkit.PerMaterialTest" time="0"/>
  <testcase name="isSolid[14: GOLD_ORE]" classname="org.bukkit.PerMaterialTest" time="0"/>
  <testcase name="hasGravity[15: IRON_ORE]" classname="org.bukkit.PerMaterialTest" time="0"/>
  <testcase name="isBurnable[15: IRON_ORE]" classname="org.bukkit.PerMaterialTest" time="0"/>
  <testcase name="isEdible[15: IRON_ORE]" classname="org.bukkit.PerMaterialTest" time="0.002"/>
  <testcase name="maxDurability[15: IRON_ORE]" classname="org.bukkit.PerMaterialTest" time="0"/>
  <testcase name="usesDurability[15: IRON_ORE]" classname="org.bukkit.PerMaterialTest" time="0"/>
  <testcase name="isOccluding[15: IRON_ORE]" classname="org.bukkit.PerMaterialTest" time="0"/>
  <testcase name="isRecord[15: IRON_ORE]" classname="org.bukkit.PerMaterialTest" time="0.001"/>
  <testcase name="isFlammable[15: IRON_ORE]" classname="org.bukkit.PerMaterialTest" time="0"/>
  <testcase name="maxStackSize[15: IRON_ORE]" classname="org.bukkit.PerMaterialTest" time="0"/>
  <testcase name="isTransparent[15: IRON_ORE]" classname="org.bukkit.PerMaterialTest" time="0"/>
  <testcase name="isSolid[15: IRON_ORE]" classname="org.bukkit.PerMaterialTest" time="0.001"/>
  <testcase name="hasGravity[16: COAL_ORE]" classname="org.bukkit.PerMaterialTest" time="0"/>
  <testcase name="isBurnable[16: COAL_ORE]" classname="org.bukkit.PerMaterialTest" time="0"/>
  <testcase name="isEdible[16: COAL_ORE]" classname="org.bukkit.PerMaterialTest" time="0"/>
  <testcase name="maxDurability[16: COAL_ORE]" classname="org.bukkit.PerMaterialTest" time="0"/>
  <testcase name="usesDurability[16: COAL_ORE]" classname="org.bukkit.PerMaterialTest" time="0"/>
  <testcase name="isOccluding[16: COAL_ORE]" classname="org.bukkit.PerMaterialTest" time="0"/>
  <testcase name="isRecord[16: COAL_ORE]" classname="org.bukkit.PerMaterialTest" time="0"/>
  <testcase name="isFlammable[16: COAL_ORE]" classname="org.bukkit.PerMaterialTest" time="0"/>
  <testcase name="maxStackSize[16: COAL_ORE]" classname="org.bukkit.PerMaterialTest" time="0"/>
  <testcase name="isTransparent[16: COAL_ORE]" classname="org.bukkit.PerMaterialTest" time="0"/>
  <testcase name="isSolid[16: COAL_ORE]" classname="org.bukkit.PerMaterialTest" time="0"/>
  <testcase name="hasGravity[17: LOG]" classname="org.bukkit.PerMaterialTest" time="0"/>
  <testcase name="isBurnable[17: LOG]" classname="org.bukkit.PerMaterialTest" time="0"/>
  <testcase name="isEdible[17: LOG]" classname="org.bukkit.PerMaterialTest" time="0"/>
  <testcase name="maxDurability[17: LOG]" classname="org.bukkit.PerMaterialTest" time="0"/>
  <testcase name="usesDurability[17: LOG]" classname="org.bukkit.PerMaterialTest" time="0"/>
  <testcase name="isOccluding[17: LOG]" classname="org.bukkit.PerMaterialTest" time="0"/>
  <testcase name="isRecord[17: LOG]" classname="org.bukkit.PerMaterialTest" time="0"/>
  <testcase name="isFlammable[17: LOG]" classname="org.bukkit.PerMaterialTest" time="0"/>
  <testcase name="maxStackSize[17: LOG]" classname="org.bukkit.PerMaterialTest" time="0"/>
  <testcase name="isTransparent[17: LOG]" classname="org.bukkit.PerMaterialTest" time="0"/>
  <testcase name="isSolid[17: LOG]" classname="org.bukkit.PerMaterialTest" time="0"/>
  <testcase name="hasGravity[18: LEAVES]" classname="org.bukkit.PerMaterialTest" time="0"/>
  <testcase name="isBurnable[18: LEAVES]" classname="org.bukkit.PerMaterialTest" time="0"/>
  <testcase name="isEdible[18: LEAVES]" classname="org.bukkit.PerMaterialTest" time="0"/>
  <testcase name="maxDurability[18: LEAVES]" classname="org.bukkit.PerMaterialTest" time="0"/>
  <testcase name="usesDurability[18: LEAVES]" classname="org.bukkit.PerMaterialTest" time="0"/>
  <testcase name="isOccluding[18: LEAVES]" classname="org.bukkit.PerMaterialTest" time="0"/>
  <testcase name="isRecord[18: LEAVES]" classname="org.bukkit.PerMaterialTest" time="0.001"/>
  <testcase name="isFlammable[18: LEAVES]" classname="org.bukkit.PerMaterialTest" time="0"/>
  <testcase name="maxStackSize[18: LEAVES]" classname="org.bukkit.PerMaterialTest" time="0"/>
  <testcase name="isTransparent[18: LEAVES]" classname="org.bukkit.PerMaterialTest" time="0"/>
  <testcase name="isSolid[18: LEAVES]" classname="org.bukkit.PerMaterialTest" time="0"/>
  <testcase name="hasGravity[19: SPONGE]" classname="org.bukkit.PerMaterialTest" time="0"/>
  <testcase name="isBurnable[19: SPONGE]" classname="org.bukkit.PerMaterialTest" time="0"/>
  <testcase name="isEdible[19: SPONGE]" classname="org.bukkit.PerMaterialTest" time="0"/>
  <testcase name="maxDurability[19: SPONGE]" classname="org.bukkit.PerMaterialTest" time="0"/>
  <testcase name="usesDurability[19: SPONGE]" classname="org.bukkit.PerMaterialTest" time="0"/>
  <testcase name="isOccluding[19: SPONGE]" classname="org.bukkit.PerMaterialTest" time="0"/>
  <testcase name="isRecord[19: SPONGE]" classname="org.bukkit.PerMaterialTest" time="0"/>
  <testcase name="isFlammable[19: SPONGE]" classname="org.bukkit.PerMaterialTest" time="0"/>
  <testcase name="maxStackSize[19: SPONGE]" classname="org.bukkit.PerMaterialTest" time="0"/>
  <testcase name="isTransparent[19: SPONGE]" classname="org.bukkit.PerMaterialTest" time="0"/>
  <testcase name="isSolid[19: SPONGE]" classname="org.bukkit.PerMaterialTest" time="0"/>
  <testcase name="hasGravity[20: GLASS]" classname="org.bukkit.PerMaterialTest" time="0"/>
  <testcase name="isBurnable[20: GLASS]" classname="org.bukkit.PerMaterialTest" time="0"/>
  <testcase name="isEdible[20: GLASS]" classname="org.bukkit.PerMaterialTest" time="0"/>
  <testcase name="maxDurability[20: GLASS]" classname="org.bukkit.PerMaterialTest" time="0"/>
  <testcase name="usesDurability[20: GLASS]" classname="org.bukkit.PerMaterialTest" time="0"/>
  <testcase name="isOccluding[20: GLASS]" classname="org.bukkit.PerMaterialTest" time="0"/>
  <testcase name="isRecord[20: GLASS]" classname="org.bukkit.PerMaterialTest" time="0"/>
  <testcase name="isFlammable[20: GLASS]" classname="org.bukkit.PerMaterialTest" time="0"/>
  <testcase name="maxStackSize[20: GLASS]" classname="org.bukkit.PerMaterialTest" time="0"/>
  <testcase name="isTransparent[20: GLASS]" classname="org.bukkit.PerMaterialTest" time="0"/>
  <testcase name="isSolid[20: GLASS]" classname="org.bukkit.PerMaterialTest" time="0"/>
  <testcase name="hasGravity[21: LAPIS_ORE]" classname="org.bukkit.PerMaterialTest" time="0"/>
  <testcase name="isBurnable[21: LAPIS_ORE]" classname="org.bukkit.PerMaterialTest" time="0"/>
  <testcase name="isEdible[21: LAPIS_ORE]" classname="org.bukkit.PerMaterialTest" time="0"/>
  <testcase name="maxDurability[21: LAPIS_ORE]" classname="org.bukkit.PerMaterialTest" time="0"/>
  <testcase name="usesDurability[21: LAPIS_ORE]" classname="org.bukkit.PerMaterialTest" time="0"/>
  <testcase name="isOccluding[21: LAPIS_ORE]" classname="org.bukkit.PerMaterialTest" time="0"/>
  <testcase name="isRecord[21: LAPIS_ORE]" classname="org.bukkit.PerMaterialTest" time="0"/>
  <testcase name="isFlammable[21: LAPIS_ORE]" classname="org.bukkit.PerMaterialTest" time="0"/>
  <testcase name="maxStackSize[21: LAPIS_ORE]" classname="org.bukkit.PerMaterialTest" time="0"/>
  <testcase name="isTransparent[21: LAPIS_ORE]" classname="org.bukkit.PerMaterialTest" time="0"/>
  <testcase name="isSolid[21: LAPIS_ORE]" classname="org.bukkit.PerMaterialTest" time="0"/>
  <testcase name="hasGravity[22: LAPIS_BLOCK]" classname="org.bukkit.PerMaterialTest" time="0"/>
  <testcase name="isBurnable[22: LAPIS_BLOCK]" classname="org.bukkit.PerMaterialTest" time="0"/>
  <testcase name="isEdible[22: LAPIS_BLOCK]" classname="org.bukkit.PerMaterialTest" time="0"/>
  <testcase name="maxDurability[22: LAPIS_BLOCK]" classname="org.bukkit.PerMaterialTest" time="0"/>
  <testcase name="usesDurability[22: LAPIS_BLOCK]" classname="org.bukkit.PerMaterialTest" time="0"/>
  <testcase name="isOccluding[22: LAPIS_BLOCK]" classname="org.bukkit.PerMaterialTest" time="0"/>
  <testcase name="isRecord[22: LAPIS_BLOCK]" classname="org.bukkit.PerMaterialTest" time="0"/>
  <testcase name="isFlammable[22: LAPIS_BLOCK]" classname="org.bukkit.PerMaterialTest" time="0"/>
  <testcase name="maxStackSize[22: LAPIS_BLOCK]" classname="org.bukkit.PerMaterialTest" time="0"/>
  <testcase name="isTransparent[22: LAPIS_BLOCK]" classname="org.bukkit.PerMaterialTest" time="0"/>
  <testcase name="isSolid[22: LAPIS_BLOCK]" classname="org.bukkit.PerMaterialTest" time="0"/>
  <testcase name="hasGravity[23: DISPENSER]" classname="org.bukkit.PerMaterialTest" time="0"/>
  <testcase name="isBurnable[23: DISPENSER]" classname="org.bukkit.PerMaterialTest" time="0"/>
  <testcase name="isEdible[23: DISPENSER]" classname="org.bukkit.PerMaterialTest" time="0"/>
  <testcase name="maxDurability[23: DISPENSER]" classname="org.bukkit.PerMaterialTest" time="0"/>
  <testcase name="usesDurability[23: DISPENSER]" classname="org.bukkit.PerMaterialTest" time="0"/>
  <testcase name="isOccluding[23: DISPENSER]" classname="org.bukkit.PerMaterialTest" time="0"/>
  <testcase name="isRecord[23: DISPENSER]" classname="org.bukkit.PerMaterialTest" time="0"/>
  <testcase name="isFlammable[23: DISPENSER]" classname="org.bukkit.PerMaterialTest" time="0"/>
  <testcase name="maxStackSize[23: DISPENSER]" classname="org.bukkit.PerMaterialTest" time="0"/>
  <testcase name="isTransparent[23: DISPENSER]" classname="org.bukkit.PerMaterialTest" time="0"/>
  <testcase name="isSolid[23: DISPENSER]" classname="org.bukkit.PerMaterialTest" time="0"/>
  <testcase name="hasGravity[24: SANDSTONE]" classname="org.bukkit.PerMaterialTest" time="0"/>
  <testcase name="isBurnable[24: SANDSTONE]" classname="org.bukkit.PerMaterialTest" time="0"/>
  <testcase name="isEdible[24: SANDSTONE]" classname="org.bukkit.PerMaterialTest" time="0"/>
  <testcase name="maxDurability[24: SANDSTONE]" classname="org.bukkit.PerMaterialTest" time="0"/>
  <testcase name="usesDurability[24: SANDSTONE]" classname="org.bukkit.PerMaterialTest" time="0"/>
  <testcase name="isOccluding[24: SANDSTONE]" classname="org.bukkit.PerMaterialTest" time="0"/>
  <testcase name="isRecord[24: SANDSTONE]" classname="org.bukkit.PerMaterialTest" time="0"/>
  <testcase name="isFlammable[24: SANDSTONE]" classname="org.bukkit.PerMaterialTest" time="0"/>
  <testcase name="maxStackSize[24: SANDSTONE]" classname="org.bukkit.PerMaterialTest" time="0"/>
  <testcase name="isTransparent[24: SANDSTONE]" classname="org.bukkit.PerMaterialTest" time="0"/>
  <testcase name="isSolid[24: SANDSTONE]" classname="org.bukkit.PerMaterialTest" time="0"/>
  <testcase name="hasGravity[25: NOTE_BLOCK]" classname="org.bukkit.PerMaterialTest" time="0"/>
  <testcase name="isBurnable[25: NOTE_BLOCK]" classname="org.bukkit.PerMaterialTest" time="0"/>
  <testcase name="isEdible[25: NOTE_BLOCK]" classname="org.bukkit.PerMaterialTest" time="0"/>
  <testcase name="maxDurability[25: NOTE_BLOCK]" classname="org.bukkit.PerMaterialTest" time="0"/>
  <testcase name="usesDurability[25: NOTE_BLOCK]" classname="org.bukkit.PerMaterialTest" time="0"/>
  <testcase name="isOccluding[25: NOTE_BLOCK]" classname="org.bukkit.PerMaterialTest" time="0"/>
  <testcase name="isRecord[25: NOTE_BLOCK]" classname="org.bukkit.PerMaterialTest" time="0"/>
  <testcase name="isFlammable[25: NOTE_BLOCK]" classname="org.bukkit.PerMaterialTest" time="0"/>
  <testcase name="maxStackSize[25: NOTE_BLOCK]" classname="org.bukkit.PerMaterialTest" time="0"/>
  <testcase name="isTransparent[25: NOTE_BLOCK]" classname="org.bukkit.PerMaterialTest" time="0"/>
  <testcase name="isSolid[25: NOTE_BLOCK]" classname="org.bukkit.PerMaterialTest" time="0"/>
  <testcase name="hasGravity[26: BED_BLOCK]" classname="org.bukkit.PerMaterialTest" time="0"/>
  <testcase name="isBurnable[26: BED_BLOCK]" classname="org.bukkit.PerMaterialTest" time="0"/>
  <testcase name="isEdible[26: BED_BLOCK]" classname="org.bukkit.PerMaterialTest" time="0"/>
  <testcase name="maxDurability[26: BED_BLOCK]" classname="org.bukkit.PerMaterialTest" time="0"/>
  <testcase name="usesDurability[26: BED_BLOCK]" classname="org.bukkit.PerMaterialTest" time="0"/>
  <testcase name="isOccluding[26: BED_BLOCK]" classname="org.bukkit.PerMaterialTest" time="0"/>
  <testcase name="isRecord[26: BED_BLOCK]" classname="org.bukkit.PerMaterialTest" time="0"/>
  <testcase name="isFlammable[26: BED_BLOCK]" classname="org.bukkit.PerMaterialTest" time="0"/>
  <testcase name="maxStackSize[26: BED_BLOCK]" classname="org.bukkit.PerMaterialTest" time="0"/>
  <testcase name="isTransparent[26: BED_BLOCK]" classname="org.bukkit.PerMaterialTest" time="0.001"/>
  <testcase name="isSolid[26: BED_BLOCK]" classname="org.bukkit.PerMaterialTest" time="0"/>
  <testcase name="hasGravity[27: POWERED_RAIL]" classname="org.bukkit.PerMaterialTest" time="0"/>
  <testcase name="isBurnable[27: POWERED_RAIL]" classname="org.bukkit.PerMaterialTest" time="0"/>
  <testcase name="isEdible[27: POWERED_RAIL]" classname="org.bukkit.PerMaterialTest" time="0"/>
  <testcase name="maxDurability[27: POWERED_RAIL]" classname="org.bukkit.PerMaterialTest" time="0"/>
  <testcase name="usesDurability[27: POWERED_RAIL]" classname="org.bukkit.PerMaterialTest" time="0"/>
  <testcase name="isOccluding[27: POWERED_RAIL]" classname="org.bukkit.PerMaterialTest" time="0"/>
  <testcase name="isRecord[27: POWERED_RAIL]" classname="org.bukkit.PerMaterialTest" time="0"/>
  <testcase name="isFlammable[27: POWERED_RAIL]" classname="org.bukkit.PerMaterialTest" time="0"/>
  <testcase name="maxStackSize[27: POWERED_RAIL]" classname="org.bukkit.PerMaterialTest" time="0"/>
  <testcase name="isTransparent[27: POWERED_RAIL]" classname="org.bukkit.PerMaterialTest" time="0"/>
  <testcase name="isSolid[27: POWERED_RAIL]" classname="org.bukkit.PerMaterialTest" time="0"/>
  <testcase name="hasGravity[28: DETECTOR_RAIL]" classname="org.bukkit.PerMaterialTest" time="0"/>
  <testcase name="isBurnable[28: DETECTOR_RAIL]" classname="org.bukkit.PerMaterialTest" time="0"/>
  <testcase name="isEdible[28: DETECTOR_RAIL]" classname="org.bukkit.PerMaterialTest" time="0"/>
  <testcase name="maxDurability[28: DETECTOR_RAIL]" classname="org.bukkit.PerMaterialTest" time="0"/>
  <testcase name="usesDurability[28: DETECTOR_RAIL]" classname="org.bukkit.PerMaterialTest" time="0"/>
  <testcase name="isOccluding[28: DETECTOR_RAIL]" classname="org.bukkit.PerMaterialTest" time="0"/>
  <testcase name="isRecord[28: DETECTOR_RAIL]" classname="org.bukkit.PerMaterialTest" time="0"/>
  <testcase name="isFlammable[28: DETECTOR_RAIL]" classname="org.bukkit.PerMaterialTest" time="0"/>
  <testcase name="maxStackSize[28: DETECTOR_RAIL]" classname="org.bukkit.PerMaterialTest" time="0"/>
  <testcase name="isTransparent[28: DETECTOR_RAIL]" classname="org.bukkit.PerMaterialTest" time="0"/>
  <testcase name="isSolid[28: DETECTOR_RAIL]" classname="org.bukkit.PerMaterialTest" time="0"/>
  <testcase name="hasGravity[29: PISTON_STICKY_BASE]" classname="org.bukkit.PerMaterialTest" time="0"/>
  <testcase name="isBurnable[29: PISTON_STICKY_BASE]" classname="org.bukkit.PerMaterialTest" time="0"/>
  <testcase name="isEdible[29: PISTON_STICKY_BASE]" classname="org.bukkit.PerMaterialTest" time="0"/>
  <testcase name="maxDurability[29: PISTON_STICKY_BASE]" classname="org.bukkit.PerMaterialTest" time="0"/>
  <testcase name="usesDurability[29: PISTON_STICKY_BASE]" classname="org.bukkit.PerMaterialTest" time="0"/>
  <testcase name="isOccluding[29: PISTON_STICKY_BASE]" classname="org.bukkit.PerMaterialTest" time="0"/>
  <testcase name="isRecord[29: PISTON_STICKY_BASE]" classname="org.bukkit.PerMaterialTest" time="0"/>
  <testcase name="isFlammable[29: PISTON_STICKY_BASE]" classname="org.bukkit.PerMaterialTest" time="0"/>
  <testcase name="maxStackSize[29: PISTON_STICKY_BASE]" classname="org.bukkit.PerMaterialTest" time="0"/>
  <testcase name="isTransparent[29: PISTON_STICKY_BASE]" classname="org.bukkit.PerMaterialTest" time="0"/>
  <testcase name="isSolid[29: PISTON_STICKY_BASE]" classname="org.bukkit.PerMaterialTest" time="0"/>
  <testcase name="hasGravity[30: WEB]" classname="org.bukkit.PerMaterialTest" time="0"/>
  <testcase name="isBurnable[30: WEB]" classname="org.bukkit.PerMaterialTest" time="0"/>
  <testcase name="isEdible[30: WEB]" classname="org.bukkit.PerMaterialTest" time="0"/>
  <testcase name="maxDurability[30: WEB]" classname="org.bukkit.PerMaterialTest" time="0"/>
  <testcase name="usesDurability[30: WEB]" classname="org.bukkit.PerMaterialTest" time="0"/>
  <testcase name="isOccluding[30: WEB]" classname="org.bukkit.PerMaterialTest" time="0"/>
  <testcase name="isRecord[30: WEB]" classname="org.bukkit.PerMaterialTest" time="0"/>
  <testcase name="isFlammable[30: WEB]" classname="org.bukkit.PerMaterialTest" time="0"/>
  <testcase name="maxStackSize[30: WEB]" classname="org.bukkit.PerMaterialTest" time="0"/>
  <testcase name="isTransparent[30: WEB]" classname="org.bukkit.PerMaterialTest" time="0"/>
  <testcase name="isSolid[30: WEB]" classname="org.bukkit.PerMaterialTest" time="0"/>
  <testcase name="hasGravity[31: LONG_GRASS]" classname="org.bukkit.PerMaterialTest" time="0"/>
  <testcase name="isBurnable[31: LONG_GRASS]" classname="org.bukkit.PerMaterialTest" time="0"/>
  <testcase name="isEdible[31: LONG_GRASS]" classname="org.bukkit.PerMaterialTest" time="0"/>
  <testcase name="maxDurability[31: LONG_GRASS]" classname="org.bukkit.PerMaterialTest" time="0"/>
  <testcase name="usesDurability[31: LONG_GRASS]" classname="org.bukkit.PerMaterialTest" time="0"/>
  <testcase name="isOccluding[31: LONG_GRASS]" classname="org.bukkit.PerMaterialTest" time="0"/>
  <testcase name="isRecord[31: LONG_GRASS]" classname="org.bukkit.PerMaterialTest" time="0"/>
  <testcase name="isFlammable[31: LONG_GRASS]" classname="org.bukkit.PerMaterialTest" time="0"/>
  <testcase name="maxStackSize[31: LONG_GRASS]" classname="org.bukkit.PerMaterialTest" time="0"/>
  <testcase name="isTransparent[31: LONG_GRASS]" classname="org.bukkit.PerMaterialTest" time="0"/>
  <testcase name="isSolid[31: LONG_GRASS]" classname="org.bukkit.PerMaterialTest" time="0"/>
  <testcase name="hasGravity[32: DEAD_BUSH]" classname="org.bukkit.PerMaterialTest" time="0"/>
  <testcase name="isBurnable[32: DEAD_BUSH]" classname="org.bukkit.PerMaterialTest" time="0"/>
  <testcase name="isEdible[32: DEAD_BUSH]" classname="org.bukkit.PerMaterialTest" time="0"/>
  <testcase name="maxDurability[32: DEAD_BUSH]" classname="org.bukkit.PerMaterialTest" time="0"/>
  <testcase name="usesDurability[32: DEAD_BUSH]" classname="org.bukkit.PerMaterialTest" time="0"/>
  <testcase name="isOccluding[32: DEAD_BUSH]" classname="org.bukkit.PerMaterialTest" time="0"/>
  <testcase name="isRecord[32: DEAD_BUSH]" classname="org.bukkit.PerMaterialTest" time="0"/>
  <testcase name="isFlammable[32: DEAD_BUSH]" classname="org.bukkit.PerMaterialTest" time="0"/>
  <testcase name="maxStackSize[32: DEAD_BUSH]" classname="org.bukkit.PerMaterialTest" time="0"/>
  <testcase name="isTransparent[32: DEAD_BUSH]" classname="org.bukkit.PerMaterialTest" time="0"/>
  <testcase name="isSolid[32: DEAD_BUSH]" classname="org.bukkit.PerMaterialTest" time="0"/>
  <testcase name="hasGravity[33: PISTON_BASE]" classname="org.bukkit.PerMaterialTest" time="0"/>
  <testcase name="isBurnable[33: PISTON_BASE]" classname="org.bukkit.PerMaterialTest" time="0"/>
  <testcase name="isEdible[33: PISTON_BASE]" classname="org.bukkit.PerMaterialTest" time="0"/>
  <testcase name="maxDurability[33: PISTON_BASE]" classname="org.bukkit.PerMaterialTest" time="0"/>
  <testcase name="usesDurability[33: PISTON_BASE]" classname="org.bukkit.PerMaterialTest" time="0"/>
  <testcase name="isOccluding[33: PISTON_BASE]" classname="org.bukkit.PerMaterialTest" time="0"/>
  <testcase name="isRecord[33: PISTON_BASE]" classname="org.bukkit.PerMaterialTest" time="0"/>
  <testcase name="isFlammable[33: PISTON_BASE]" classname="org.bukkit.PerMaterialTest" time="0"/>
  <testcase name="maxStackSize[33: PISTON_BASE]" classname="org.bukkit.PerMaterialTest" time="0"/>
  <testcase name="isTransparent[33: PISTON_BASE]" classname="org.bukkit.PerMaterialTest" time="0"/>
  <testcase name="isSolid[33: PISTON_BASE]" classname="org.bukkit.PerMaterialTest" time="0"/>
  <testcase name="hasGravity[34: PISTON_EXTENSION]" classname="org.bukkit.PerMaterialTest" time="0"/>
  <testcase name="isBurnable[34: PISTON_EXTENSION]" classname="org.bukkit.PerMaterialTest" time="0"/>
  <testcase name="isEdible[34: PISTON_EXTENSION]" classname="org.bukkit.PerMaterialTest" time="0"/>
  <testcase name="maxDurability[34: PISTON_EXTENSION]" classname="org.bukkit.PerMaterialTest" time="0"/>
  <testcase name="usesDurability[34: PISTON_EXTENSION]" classname="org.bukkit.PerMaterialTest" time="0"/>
  <testcase name="isOccluding[34: PISTON_EXTENSION]" classname="org.bukkit.PerMaterialTest" time="0"/>
  <testcase name="isRecord[34: PISTON_EXTENSION]" classname="org.bukkit.PerMaterialTest" time="0"/>
  <testcase name="isFlammable[34: PISTON_EXTENSION]" classname="org.bukkit.PerMaterialTest" time="0"/>
  <testcase name="maxStackSize[34: PISTON_EXTENSION]" classname="org.bukkit.PerMaterialTest" time="0"/>
  <testcase name="isTransparent[34: PISTON_EXTENSION]" classname="org.bukkit.PerMaterialTest" time="0"/>
  <testcase name="isSolid[34: PISTON_EXTENSION]" classname="org.bukkit.PerMaterialTest" time="0"/>
  <testcase name="hasGravity[35: WOOL]" classname="org.bukkit.PerMaterialTest" time="0"/>
  <testcase name="isBurnable[35: WOOL]" classname="org.bukkit.PerMaterialTest" time="0"/>
  <testcase name="isEdible[35: WOOL]" classname="org.bukkit.PerMaterialTest" time="0"/>
  <testcase name="maxDurability[35: WOOL]" classname="org.bukkit.PerMaterialTest" time="0"/>
  <testcase name="usesDurability[35: WOOL]" classname="org.bukkit.PerMaterialTest" time="0"/>
  <testcase name="isOccluding[35: WOOL]" classname="org.bukkit.PerMaterialTest" time="0"/>
  <testcase name="isRecord[35: WOOL]" classname="org.bukkit.PerMaterialTest" time="0"/>
  <testcase name="isFlammable[35: WOOL]" classname="org.bukkit.PerMaterialTest" time="0"/>
  <testcase name="maxStackSize[35: WOOL]" classname="org.bukkit.PerMaterialTest" time="0"/>
  <testcase name="isTransparent[35: WOOL]" classname="org.bukkit.PerMaterialTest" time="0"/>
  <testcase name="isSolid[35: WOOL]" classname="org.bukkit.PerMaterialTest" time="0"/>
  <testcase name="hasGravity[36: PISTON_MOVING_PIECE]" classname="org.bukkit.PerMaterialTest" time="0"/>
  <testcase name="isBurnable[36: PISTON_MOVING_PIECE]" classname="org.bukkit.PerMaterialTest" time="0"/>
  <testcase name="isEdible[36: PISTON_MOVING_PIECE]" classname="org.bukkit.PerMaterialTest" time="0"/>
  <testcase name="maxDurability[36: PISTON_MOVING_PIECE]" classname="org.bukkit.PerMaterialTest" time="0"/>
  <testcase name="usesDurability[36: PISTON_MOVING_PIECE]" classname="org.bukkit.PerMaterialTest" time="0"/>
  <testcase name="isOccluding[36: PISTON_MOVING_PIECE]" classname="org.bukkit.PerMaterialTest" time="0"/>
  <testcase name="isRecord[36: PISTON_MOVING_PIECE]" classname="org.bukkit.PerMaterialTest" time="0"/>
  <testcase name="isFlammable[36: PISTON_MOVING_PIECE]" classname="org.bukkit.PerMaterialTest" time="0"/>
  <testcase name="maxStackSize[36: PISTON_MOVING_PIECE]" classname="org.bukkit.PerMaterialTest" time="0"/>
  <testcase name="isTransparent[36: PISTON_MOVING_PIECE]" classname="org.bukkit.PerMaterialTest" time="0"/>
  <testcase name="isSolid[36: PISTON_MOVING_PIECE]" classname="org.bukkit.PerMaterialTest" time="0"/>
  <testcase name="hasGravity[37: YELLOW_FLOWER]" classname="org.bukkit.PerMaterialTest" time="0"/>
  <testcase name="isBurnable[37: YELLOW_FLOWER]" classname="org.bukkit.PerMaterialTest" time="0"/>
  <testcase name="isEdible[37: YELLOW_FLOWER]" classname="org.bukkit.PerMaterialTest" time="0"/>
  <testcase name="maxDurability[37: YELLOW_FLOWER]" classname="org.bukkit.PerMaterialTest" time="0"/>
  <testcase name="usesDurability[37: YELLOW_FLOWER]" classname="org.bukkit.PerMaterialTest" time="0"/>
  <testcase name="isOccluding[37: YELLOW_FLOWER]" classname="org.bukkit.PerMaterialTest" time="0"/>
  <testcase name="isRecord[37: YELLOW_FLOWER]" classname="org.bukkit.PerMaterialTest" time="0"/>
  <testcase name="isFlammable[37: YELLOW_FLOWER]" classname="org.bukkit.PerMaterialTest" time="0"/>
  <testcase name="maxStackSize[37: YELLOW_FLOWER]" classname="org.bukkit.PerMaterialTest" time="0"/>
  <testcase name="isTransparent[37: YELLOW_FLOWER]" classname="org.bukkit.PerMaterialTest" time="0"/>
  <testcase name="isSolid[37: YELLOW_FLOWER]" classname="org.bukkit.PerMaterialTest" time="0"/>
  <testcase name="hasGravity[38: RED_ROSE]" classname="org.bukkit.PerMaterialTest" time="0"/>
  <testcase name="isBurnable[38: RED_ROSE]" classname="org.bukkit.PerMaterialTest" time="0"/>
  <testcase name="isEdible[38: RED_ROSE]" classname="org.bukkit.PerMaterialTest" time="0"/>
  <testcase name="maxDurability[38: RED_ROSE]" classname="org.bukkit.PerMaterialTest" time="0"/>
  <testcase name="usesDurability[38: RED_ROSE]" classname="org.bukkit.PerMaterialTest" time="0"/>
  <testcase name="isOccluding[38: RED_ROSE]" classname="org.bukkit.PerMaterialTest" time="0"/>
  <testcase name="isRecord[38: RED_ROSE]" classname="org.bukkit.PerMaterialTest" time="0"/>
  <testcase name="isFlammable[38: RED_ROSE]" classname="org.bukkit.PerMaterialTest" time="0"/>
  <testcase name="maxStackSize[38: RED_ROSE]" classname="org.bukkit.PerMaterialTest" time="0"/>
  <testcase name="isTransparent[38: RED_ROSE]" classname="org.bukkit.PerMaterialTest" time="0"/>
  <testcase name="isSolid[38: RED_ROSE]" classname="org.bukkit.PerMaterialTest" time="0"/>
  <testcase name="hasGravity[39: BROWN_MUSHROOM]" classname="org.bukkit.PerMaterialTest" time="0"/>
  <testcase name="isBurnable[39: BROWN_MUSHROOM]" classname="org.bukkit.PerMaterialTest" time="0"/>
  <testcase name="isEdible[39: BROWN_MUSHROOM]" classname="org.bukkit.PerMaterialTest" time="0"/>
  <testcase name="maxDurability[39: BROWN_MUSHROOM]" classname="org.bukkit.PerMaterialTest" time="0"/>
  <testcase name="usesDurability[39: BROWN_MUSHROOM]" classname="org.bukkit.PerMaterialTest" time="0"/>
  <testcase name="isOccluding[39: BROWN_MUSHROOM]" classname="org.bukkit.PerMaterialTest" time="0"/>
  <testcase name="isRecord[39: BROWN_MUSHROOM]" classname="org.bukkit.PerMaterialTest" time="0"/>
  <testcase name="isFlammable[39: BROWN_MUSHROOM]" classname="org.bukkit.PerMaterialTest" time="0"/>
  <testcase name="maxStackSize[39: BROWN_MUSHROOM]" classname="org.bukkit.PerMaterialTest" time="0"/>
  <testcase name="isTransparent[39: BROWN_MUSHROOM]" classname="org.bukkit.PerMaterialTest" time="0"/>
  <testcase name="isSolid[39: BROWN_MUSHROOM]" classname="org.bukkit.PerMaterialTest" time="0"/>
  <testcase name="hasGravity[40: RED_MUSHROOM]" classname="org.bukkit.PerMaterialTest" time="0"/>
  <testcase name="isBurnable[40: RED_MUSHROOM]" classname="org.bukkit.PerMaterialTest" time="0"/>
  <testcase name="isEdible[40: RED_MUSHROOM]" classname="org.bukkit.PerMaterialTest" time="0"/>
  <testcase name="maxDurability[40: RED_MUSHROOM]" classname="org.bukkit.PerMaterialTest" time="0"/>
  <testcase name="usesDurability[40: RED_MUSHROOM]" classname="org.bukkit.PerMaterialTest" time="0"/>
  <testcase name="isOccluding[40: RED_MUSHROOM]" classname="org.bukkit.PerMaterialTest" time="0"/>
  <testcase name="isRecord[40: RED_MUSHROOM]" classname="org.bukkit.PerMaterialTest" time="0"/>
  <testcase name="isFlammable[40: RED_MUSHROOM]" classname="org.bukkit.PerMaterialTest" time="0"/>
  <testcase name="maxStackSize[40: RED_MUSHROOM]" classname="org.bukkit.PerMaterialTest" time="0"/>
  <testcase name="isTransparent[40: RED_MUSHROOM]" classname="org.bukkit.PerMaterialTest" time="0"/>
  <testcase name="isSolid[40: RED_MUSHROOM]" classname="org.bukkit.PerMaterialTest" time="0"/>
  <testcase name="hasGravity[41: GOLD_BLOCK]" classname="org.bukkit.PerMaterialTest" time="0"/>
  <testcase name="isBurnable[41: GOLD_BLOCK]" classname="org.bukkit.PerMaterialTest" time="0"/>
  <testcase name="isEdible[41: GOLD_BLOCK]" classname="org.bukkit.PerMaterialTest" time="0"/>
  <testcase name="maxDurability[41: GOLD_BLOCK]" classname="org.bukkit.PerMaterialTest" time="0"/>
  <testcase name="usesDurability[41: GOLD_BLOCK]" classname="org.bukkit.PerMaterialTest" time="0"/>
  <testcase name="isOccluding[41: GOLD_BLOCK]" classname="org.bukkit.PerMaterialTest" time="0"/>
  <testcase name="isRecord[41: GOLD_BLOCK]" classname="org.bukkit.PerMaterialTest" time="0"/>
  <testcase name="isFlammable[41: GOLD_BLOCK]" classname="org.bukkit.PerMaterialTest" time="0"/>
  <testcase name="maxStackSize[41: GOLD_BLOCK]" classname="org.bukkit.PerMaterialTest" time="0"/>
  <testcase name="isTransparent[41: GOLD_BLOCK]" classname="org.bukkit.PerMaterialTest" time="0"/>
  <testcase name="isSolid[41: GOLD_BLOCK]" classname="org.bukkit.PerMaterialTest" time="0"/>
  <testcase name="hasGravity[42: IRON_BLOCK]" classname="org.bukkit.PerMaterialTest" time="0"/>
  <testcase name="isBurnable[42: IRON_BLOCK]" classname="org.bukkit.PerMaterialTest" time="0"/>
  <testcase name="isEdible[42: IRON_BLOCK]" classname="org.bukkit.PerMaterialTest" time="0"/>
  <testcase name="maxDurability[42: IRON_BLOCK]" classname="org.bukkit.PerMaterialTest" time="0"/>
  <testcase name="usesDurability[42: IRON_BLOCK]" classname="org.bukkit.PerMaterialTest" time="0"/>
  <testcase name="isOccluding[42: IRON_BLOCK]" classname="org.bukkit.PerMaterialTest" time="0"/>
  <testcase name="isRecord[42: IRON_BLOCK]" classname="org.bukkit.PerMaterialTest" time="0"/>
  <testcase name="isFlammable[42: IRON_BLOCK]" classname="org.bukkit.PerMaterialTest" time="0"/>
  <testcase name="maxStackSize[42: IRON_BLOCK]" classname="org.bukkit.PerMaterialTest" time="0"/>
  <testcase name="isTransparent[42: IRON_BLOCK]" classname="org.bukkit.PerMaterialTest" time="0"/>
  <testcase name="isSolid[42: IRON_BLOCK]" classname="org.bukkit.PerMaterialTest" time="0"/>
  <testcase name="hasGravity[43: DOUBLE_STEP]" classname="org.bukkit.PerMaterialTest" time="0"/>
  <testcase name="isBurnable[43: DOUBLE_STEP]" classname="org.bukkit.PerMaterialTest" time="0"/>
  <testcase name="isEdible[43: DOUBLE_STEP]" classname="org.bukkit.PerMaterialTest" time="0"/>
  <testcase name="maxDurability[43: DOUBLE_STEP]" classname="org.bukkit.PerMaterialTest" time="0"/>
  <testcase name="usesDurability[43: DOUBLE_STEP]" classname="org.bukkit.PerMaterialTest" time="0"/>
  <testcase name="isOccluding[43: DOUBLE_STEP]" classname="org.bukkit.PerMaterialTest" time="0"/>
  <testcase name="isRecord[43: DOUBLE_STEP]" classname="org.bukkit.PerMaterialTest" time="0"/>
  <testcase name="isFlammable[43: DOUBLE_STEP]" classname="org.bukkit.PerMaterialTest" time="0"/>
  <testcase name="maxStackSize[43: DOUBLE_STEP]" classname="org.bukkit.PerMaterialTest" time="0"/>
  <testcase name="isTransparent[43: DOUBLE_STEP]" classname="org.bukkit.PerMaterialTest" time="0"/>
  <testcase name="isSolid[43: DOUBLE_STEP]" classname="org.bukkit.PerMaterialTest" time="0"/>
  <testcase name="hasGravity[44: STEP]" classname="org.bukkit.PerMaterialTest" time="0"/>
  <testcase name="isBurnable[44: STEP]" classname="org.bukkit.PerMaterialTest" time="0"/>
  <testcase name="isEdible[44: STEP]" classname="org.bukkit.PerMaterialTest" time="0"/>
  <testcase name="maxDurability[44: STEP]" classname="org.bukkit.PerMaterialTest" time="0"/>
  <testcase name="usesDurability[44: STEP]" classname="org.bukkit.PerMaterialTest" time="0"/>
  <testcase name="isOccluding[44: STEP]" classname="org.bukkit.PerMaterialTest" time="0"/>
  <testcase name="isRecord[44: STEP]" classname="org.bukkit.PerMaterialTest" time="0"/>
  <testcase name="isFlammable[44: STEP]" classname="org.bukkit.PerMaterialTest" time="0"/>
  <testcase name="maxStackSize[44: STEP]" classname="org.bukkit.PerMaterialTest" time="0"/>
  <testcase name="isTransparent[44: STEP]" classname="org.bukkit.PerMaterialTest" time="0"/>
  <testcase name="isSolid[44: STEP]" classname="org.bukkit.PerMaterialTest" time="0"/>
  <testcase name="hasGravity[45: BRICK]" classname="org.bukkit.PerMaterialTest" time="0"/>
  <testcase name="isBurnable[45: BRICK]" classname="org.bukkit.PerMaterialTest" time="0"/>
  <testcase name="isEdible[45: BRICK]" classname="org.bukkit.PerMaterialTest" time="0"/>
  <testcase name="maxDurability[45: BRICK]" classname="org.bukkit.PerMaterialTest" time="0.001"/>
  <testcase name="usesDurability[45: BRICK]" classname="org.bukkit.PerMaterialTest" time="0"/>
  <testcase name="isOccluding[45: BRICK]" classname="org.bukkit.PerMaterialTest" time="0"/>
  <testcase name="isRecord[45: BRICK]" classname="org.bukkit.PerMaterialTest" time="0"/>
  <testcase name="isFlammable[45: BRICK]" classname="org.bukkit.PerMaterialTest" time="0"/>
  <testcase name="maxStackSize[45: BRICK]" classname="org.bukkit.PerMaterialTest" time="0"/>
  <testcase name="isTransparent[45: BRICK]" classname="org.bukkit.PerMaterialTest" time="0"/>
  <testcase name="isSolid[45: BRICK]" classname="org.bukkit.PerMaterialTest" time="0"/>
  <testcase name="hasGravity[46: TNT]" classname="org.bukkit.PerMaterialTest" time="0"/>
  <testcase name="isBurnable[46: TNT]" classname="org.bukkit.PerMaterialTest" time="0"/>
  <testcase name="isEdible[46: TNT]" classname="org.bukkit.PerMaterialTest" time="0"/>
  <testcase name="maxDurability[46: TNT]" classname="org.bukkit.PerMaterialTest" time="0"/>
  <testcase name="usesDurability[46: TNT]" classname="org.bukkit.PerMaterialTest" time="0"/>
  <testcase name="isOccluding[46: TNT]" classname="org.bukkit.PerMaterialTest" time="0"/>
  <testcase name="isRecord[46: TNT]" classname="org.bukkit.PerMaterialTest" time="0"/>
  <testcase name="isFlammable[46: TNT]" classname="org.bukkit.PerMaterialTest" time="0"/>
  <testcase name="maxStackSize[46: TNT]" classname="org.bukkit.PerMaterialTest" time="0"/>
  <testcase name="isTransparent[46: TNT]" classname="org.bukkit.PerMaterialTest" time="0"/>
  <testcase name="isSolid[46: TNT]" classname="org.bukkit.PerMaterialTest" time="0"/>
  <testcase name="hasGravity[47: BOOKSHELF]" classname="org.bukkit.PerMaterialTest" time="0.008"/>
  <testcase name="isBurnable[47: BOOKSHELF]" classname="org.bukkit.PerMaterialTest" time="0"/>
  <testcase name="isEdible[47: BOOKSHELF]" classname="org.bukkit.PerMaterialTest" time="0"/>
  <testcase name="maxDurability[47: BOOKSHELF]" classname="org.bukkit.PerMaterialTest" time="0"/>
  <testcase name="usesDurability[47: BOOKSHELF]" classname="org.bukkit.PerMaterialTest" time="0"/>
  <testcase name="isOccluding[47: BOOKSHELF]" classname="org.bukkit.PerMaterialTest" time="0"/>
  <testcase name="isRecord[47: BOOKSHELF]" classname="org.bukkit.PerMaterialTest" time="0"/>
  <testcase name="isFlammable[47: BOOKSHELF]" classname="org.bukkit.PerMaterialTest" time="0"/>
  <testcase name="maxStackSize[47: BOOKSHELF]" classname="org.bukkit.PerMaterialTest" time="0"/>
  <testcase name="isTransparent[47: BOOKSHELF]" classname="org.bukkit.PerMaterialTest" time="0"/>
  <testcase name="isSolid[47: BOOKSHELF]" classname="org.bukkit.PerMaterialTest" time="0"/>
  <testcase name="hasGravity[48: MOSSY_COBBLESTONE]" classname="org.bukkit.PerMaterialTest" time="0"/>
  <testcase name="isBurnable[48: MOSSY_COBBLESTONE]" classname="org.bukkit.PerMaterialTest" time="0"/>
  <testcase name="isEdible[48: MOSSY_COBBLESTONE]" classname="org.bukkit.PerMaterialTest" time="0"/>
  <testcase name="maxDurability[48: MOSSY_COBBLESTONE]" classname="org.bukkit.PerMaterialTest" time="0"/>
  <testcase name="usesDurability[48: MOSSY_COBBLESTONE]" classname="org.bukkit.PerMaterialTest" time="0"/>
  <testcase name="isOccluding[48: MOSSY_COBBLESTONE]" classname="org.bukkit.PerMaterialTest" time="0"/>
  <testcase name="isRecord[48: MOSSY_COBBLESTONE]" classname="org.bukkit.PerMaterialTest" time="0"/>
  <testcase name="isFlammable[48: MOSSY_COBBLESTONE]" classname="org.bukkit.PerMaterialTest" time="0"/>
  <testcase name="maxStackSize[48: MOSSY_COBBLESTONE]" classname="org.bukkit.PerMaterialTest" time="0"/>
  <testcase name="isTransparent[48: MOSSY_COBBLESTONE]" classname="org.bukkit.PerMaterialTest" time="0"/>
  <testcase name="isSolid[48: MOSSY_COBBLESTONE]" classname="org.bukkit.PerMaterialTest" time="0"/>
  <testcase name="hasGravity[49: OBSIDIAN]" classname="org.bukkit.PerMaterialTest" time="0"/>
  <testcase name="isBurnable[49: OBSIDIAN]" classname="org.bukkit.PerMaterialTest" time="0"/>
  <testcase name="isEdible[49: OBSIDIAN]" classname="org.bukkit.PerMaterialTest" time="0"/>
  <testcase name="maxDurability[49: OBSIDIAN]" classname="org.bukkit.PerMaterialTest" time="0"/>
  <testcase name="usesDurability[49: OBSIDIAN]" classname="org.bukkit.PerMaterialTest" time="0"/>
  <testcase name="isOccluding[49: OBSIDIAN]" classname="org.bukkit.PerMaterialTest" time="0"/>
  <testcase name="isRecord[49: OBSIDIAN]" classname="org.bukkit.PerMaterialTest" time="0"/>
  <testcase name="isFlammable[49: OBSIDIAN]" classname="org.bukkit.PerMaterialTest" time="0"/>
  <testcase name="maxStackSize[49: OBSIDIAN]" classname="org.bukkit.PerMaterialTest" time="0"/>
  <testcase name="isTransparent[49: OBSIDIAN]" classname="org.bukkit.PerMaterialTest" time="0"/>
  <testcase name="isSolid[49: OBSIDIAN]" classname="org.bukkit.PerMaterialTest" time="0"/>
  <testcase name="hasGravity[50: TORCH]" classname="org.bukkit.PerMaterialTest" time="0"/>
  <testcase name="isBurnable[50: TORCH]" classname="org.bukkit.PerMaterialTest" time="0"/>
  <testcase name="isEdible[50: TORCH]" classname="org.bukkit.PerMaterialTest" time="0"/>
  <testcase name="maxDurability[50: TORCH]" classname="org.bukkit.PerMaterialTest" time="0"/>
  <testcase name="usesDurability[50: TORCH]" classname="org.bukkit.PerMaterialTest" time="0"/>
  <testcase name="isOccluding[50: TORCH]" classname="org.bukkit.PerMaterialTest" time="0"/>
  <testcase name="isRecord[50: TORCH]" classname="org.bukkit.PerMaterialTest" time="0"/>
  <testcase name="isFlammable[50: TORCH]" classname="org.bukkit.PerMaterialTest" time="0"/>
  <testcase name="maxStackSize[50: TORCH]" classname="org.bukkit.PerMaterialTest" time="0"/>
  <testcase name="isTransparent[50: TORCH]" classname="org.bukkit.PerMaterialTest" time="0"/>
  <testcase name="isSolid[50: TORCH]" classname="org.bukkit.PerMaterialTest" time="0"/>
  <testcase name="hasGravity[51: FIRE]" classname="org.bukkit.PerMaterialTest" time="0"/>
  <testcase name="isBurnable[51: FIRE]" classname="org.bukkit.PerMaterialTest" time="0"/>
  <testcase name="isEdible[51: FIRE]" classname="org.bukkit.PerMaterialTest" time="0"/>
  <testcase name="maxDurability[51: FIRE]" classname="org.bukkit.PerMaterialTest" time="0"/>
  <testcase name="usesDurability[51: FIRE]" classname="org.bukkit.PerMaterialTest" time="0"/>
  <testcase name="isOccluding[51: FIRE]" classname="org.bukkit.PerMaterialTest" time="0"/>
  <testcase name="isRecord[51: FIRE]" classname="org.bukkit.PerMaterialTest" time="0"/>
  <testcase name="isFlammable[51: FIRE]" classname="org.bukkit.PerMaterialTest" time="0"/>
  <testcase name="maxStackSize[51: FIRE]" classname="org.bukkit.PerMaterialTest" time="0"/>
  <testcase name="isTransparent[51: FIRE]" classname="org.bukkit.PerMaterialTest" time="0"/>
  <testcase name="isSolid[51: FIRE]" classname="org.bukkit.PerMaterialTest" time="0"/>
  <testcase name="hasGravity[52: MOB_SPAWNER]" classname="org.bukkit.PerMaterialTest" time="0"/>
  <testcase name="isBurnable[52: MOB_SPAWNER]" classname="org.bukkit.PerMaterialTest" time="0"/>
  <testcase name="isEdible[52: MOB_SPAWNER]" classname="org.bukkit.PerMaterialTest" time="0"/>
  <testcase name="maxDurability[52: MOB_SPAWNER]" classname="org.bukkit.PerMaterialTest" time="0"/>
  <testcase name="usesDurability[52: MOB_SPAWNER]" classname="org.bukkit.PerMaterialTest" time="0"/>
  <testcase name="isOccluding[52: MOB_SPAWNER]" classname="org.bukkit.PerMaterialTest" time="0"/>
  <testcase name="isRecord[52: MOB_SPAWNER]" classname="org.bukkit.PerMaterialTest" time="0"/>
  <testcase name="isFlammable[52: MOB_SPAWNER]" classname="org.bukkit.PerMaterialTest" time="0"/>
  <testcase name="maxStackSize[52: MOB_SPAWNER]" classname="org.bukkit.PerMaterialTest" time="0"/>
  <testcase name="isTransparent[52: MOB_SPAWNER]" classname="org.bukkit.PerMaterialTest" time="0"/>
  <testcase name="isSolid[52: MOB_SPAWNER]" classname="org.bukkit.PerMaterialTest" time="0"/>
  <testcase name="hasGravity[53: WOOD_STAIRS]" classname="org.bukkit.PerMaterialTest" time="0"/>
  <testcase name="isBurnable[53: WOOD_STAIRS]" classname="org.bukkit.PerMaterialTest" time="0"/>
  <testcase name="isEdible[53: WOOD_STAIRS]" classname="org.bukkit.PerMaterialTest" time="0"/>
  <testcase name="maxDurability[53: WOOD_STAIRS]" classname="org.bukkit.PerMaterialTest" time="0"/>
  <testcase name="usesDurability[53: WOOD_STAIRS]" classname="org.bukkit.PerMaterialTest" time="0"/>
  <testcase name="isOccluding[53: WOOD_STAIRS]" classname="org.bukkit.PerMaterialTest" time="0"/>
  <testcase name="isRecord[53: WOOD_STAIRS]" classname="org.bukkit.PerMaterialTest" time="0"/>
  <testcase name="isFlammable[53: WOOD_STAIRS]" classname="org.bukkit.PerMaterialTest" time="0"/>
  <testcase name="maxStackSize[53: WOOD_STAIRS]" classname="org.bukkit.PerMaterialTest" time="0"/>
  <testcase name="isTransparent[53: WOOD_STAIRS]" classname="org.bukkit.PerMaterialTest" time="0"/>
  <testcase name="isSolid[53: WOOD_STAIRS]" classname="org.bukkit.PerMaterialTest" time="0"/>
  <testcase name="hasGravity[54: CHEST]" classname="org.bukkit.PerMaterialTest" time="0"/>
  <testcase name="isBurnable[54: CHEST]" classname="org.bukkit.PerMaterialTest" time="0"/>
  <testcase name="isEdible[54: CHEST]" classname="org.bukkit.PerMaterialTest" time="0"/>
  <testcase name="maxDurability[54: CHEST]" classname="org.bukkit.PerMaterialTest" time="0"/>
  <testcase name="usesDurability[54: CHEST]" classname="org.bukkit.PerMaterialTest" time="0"/>
  <testcase name="isOccluding[54: CHEST]" classname="org.bukkit.PerMaterialTest" time="0"/>
  <testcase name="isRecord[54: CHEST]" classname="org.bukkit.PerMaterialTest" time="0"/>
  <testcase name="isFlammable[54: CHEST]" classname="org.bukkit.PerMaterialTest" time="0"/>
  <testcase name="maxStackSize[54: CHEST]" classname="org.bukkit.PerMaterialTest" time="0"/>
  <testcase name="isTransparent[54: CHEST]" classname="org.bukkit.PerMaterialTest" time="0"/>
  <testcase name="isSolid[54: CHEST]" classname="org.bukkit.PerMaterialTest" time="0"/>
  <testcase name="hasGravity[55: REDSTONE_WIRE]" classname="org.bukkit.PerMaterialTest" time="0"/>
  <testcase name="isBurnable[55: REDSTONE_WIRE]" classname="org.bukkit.PerMaterialTest" time="0"/>
  <testcase name="isEdible[55: REDSTONE_WIRE]" classname="org.bukkit.PerMaterialTest" time="0"/>
  <testcase name="maxDurability[55: REDSTONE_WIRE]" classname="org.bukkit.PerMaterialTest" time="0"/>
  <testcase name="usesDurability[55: REDSTONE_WIRE]" classname="org.bukkit.PerMaterialTest" time="0"/>
  <testcase name="isOccluding[55: REDSTONE_WIRE]" classname="org.bukkit.PerMaterialTest" time="0"/>
  <testcase name="isRecord[55: REDSTONE_WIRE]" classname="org.bukkit.PerMaterialTest" time="0"/>
  <testcase name="isFlammable[55: REDSTONE_WIRE]" classname="org.bukkit.PerMaterialTest" time="0"/>
  <testcase name="maxStackSize[55: REDSTONE_WIRE]" classname="org.bukkit.PerMaterialTest" time="0"/>
  <testcase name="isTransparent[55: REDSTONE_WIRE]" classname="org.bukkit.PerMaterialTest" time="0"/>
  <testcase name="isSolid[55: REDSTONE_WIRE]" classname="org.bukkit.PerMaterialTest" time="0"/>
  <testcase name="hasGravity[56: DIAMOND_ORE]" classname="org.bukkit.PerMaterialTest" time="0"/>
  <testcase name="isBurnable[56: DIAMOND_ORE]" classname="org.bukkit.PerMaterialTest" time="0"/>
  <testcase name="isEdible[56: DIAMOND_ORE]" classname="org.bukkit.PerMaterialTest" time="0"/>
  <testcase name="maxDurability[56: DIAMOND_ORE]" classname="org.bukkit.PerMaterialTest" time="0"/>
  <testcase name="usesDurability[56: DIAMOND_ORE]" classname="org.bukkit.PerMaterialTest" time="0"/>
  <testcase name="isOccluding[56: DIAMOND_ORE]" classname="org.bukkit.PerMaterialTest" time="0"/>
  <testcase name="isRecord[56: DIAMOND_ORE]" classname="org.bukkit.PerMaterialTest" time="0"/>
  <testcase name="isFlammable[56: DIAMOND_ORE]" classname="org.bukkit.PerMaterialTest" time="0"/>
  <testcase name="maxStackSize[56: DIAMOND_ORE]" classname="org.bukkit.PerMaterialTest" time="0"/>
  <testcase name="isTransparent[56: DIAMOND_ORE]" classname="org.bukkit.PerMaterialTest" time="0"/>
  <testcase name="isSolid[56: DIAMOND_ORE]" classname="org.bukkit.PerMaterialTest" time="0"/>
  <testcase name="hasGravity[57: DIAMOND_BLOCK]" classname="org.bukkit.PerMaterialTest" time="0"/>
  <testcase name="isBurnable[57: DIAMOND_BLOCK]" classname="org.bukkit.PerMaterialTest" time="0"/>
  <testcase name="isEdible[57: DIAMOND_BLOCK]" classname="org.bukkit.PerMaterialTest" time="0"/>
  <testcase name="maxDurability[57: DIAMOND_BLOCK]" classname="org.bukkit.PerMaterialTest" time="0"/>
  <testcase name="usesDurability[57: DIAMOND_BLOCK]" classname="org.bukkit.PerMaterialTest" time="0"/>
  <testcase name="isOccluding[57: DIAMOND_BLOCK]" classname="org.bukkit.PerMaterialTest" time="0"/>
  <testcase name="isRecord[57: DIAMOND_BLOCK]" classname="org.bukkit.PerMaterialTest" time="0"/>
  <testcase name="isFlammable[57: DIAMOND_BLOCK]" classname="org.bukkit.PerMaterialTest" time="0"/>
  <testcase name="maxStackSize[57: DIAMOND_BLOCK]" classname="org.bukkit.PerMaterialTest" time="0"/>
  <testcase name="isTransparent[57: DIAMOND_BLOCK]" classname="org.bukkit.PerMaterialTest" time="0"/>
  <testcase name="isSolid[57: DIAMOND_BLOCK]" classname="org.bukkit.PerMaterialTest" time="0"/>
  <testcase name="hasGravity[58: WORKBENCH]" classname="org.bukkit.PerMaterialTest" time="0"/>
  <testcase name="isBurnable[58: WORKBENCH]" classname="org.bukkit.PerMaterialTest" time="0"/>
  <testcase name="isEdible[58: WORKBENCH]" classname="org.bukkit.PerMaterialTest" time="0"/>
  <testcase name="maxDurability[58: WORKBENCH]" classname="org.bukkit.PerMaterialTest" time="0"/>
  <testcase name="usesDurability[58: WORKBENCH]" classname="org.bukkit.PerMaterialTest" time="0"/>
  <testcase name="isOccluding[58: WORKBENCH]" classname="org.bukkit.PerMaterialTest" time="0"/>
  <testcase name="isRecord[58: WORKBENCH]" classname="org.bukkit.PerMaterialTest" time="0"/>
  <testcase name="isFlammable[58: WORKBENCH]" classname="org.bukkit.PerMaterialTest" time="0"/>
  <testcase name="maxStackSize[58: WORKBENCH]" classname="org.bukkit.PerMaterialTest" time="0"/>
  <testcase name="isTransparent[58: WORKBENCH]" classname="org.bukkit.PerMaterialTest" time="0"/>
  <testcase name="isSolid[58: WORKBENCH]" classname="org.bukkit.PerMaterialTest" time="0"/>
  <testcase name="hasGravity[59: CROPS]" classname="org.bukkit.PerMaterialTest" time="0"/>
  <testcase name="isBurnable[59: CROPS]" classname="org.bukkit.PerMaterialTest" time="0"/>
  <testcase name="isEdible[59: CROPS]" classname="org.bukkit.PerMaterialTest" time="0"/>
  <testcase name="maxDurability[59: CROPS]" classname="org.bukkit.PerMaterialTest" time="0"/>
  <testcase name="usesDurability[59: CROPS]" classname="org.bukkit.PerMaterialTest" time="0"/>
  <testcase name="isOccluding[59: CROPS]" classname="org.bukkit.PerMaterialTest" time="0"/>
  <testcase name="isRecord[59: CROPS]" classname="org.bukkit.PerMaterialTest" time="0"/>
  <testcase name="isFlammable[59: CROPS]" classname="org.bukkit.PerMaterialTest" time="0"/>
  <testcase name="maxStackSize[59: CROPS]" classname="org.bukkit.PerMaterialTest" time="0"/>
  <testcase name="isTransparent[59: CROPS]" classname="org.bukkit.PerMaterialTest" time="0"/>
  <testcase name="isSolid[59: CROPS]" classname="org.bukkit.PerMaterialTest" time="0"/>
  <testcase name="hasGravity[60: SOIL]" classname="org.bukkit.PerMaterialTest" time="0"/>
  <testcase name="isBurnable[60: SOIL]" classname="org.bukkit.PerMaterialTest" time="0"/>
  <testcase name="isEdible[60: SOIL]" classname="org.bukkit.PerMaterialTest" time="0"/>
  <testcase name="maxDurability[60: SOIL]" classname="org.bukkit.PerMaterialTest" time="0"/>
  <testcase name="usesDurability[60: SOIL]" classname="org.bukkit.PerMaterialTest" time="0"/>
  <testcase name="isOccluding[60: SOIL]" classname="org.bukkit.PerMaterialTest" time="0"/>
  <testcase name="isRecord[60: SOIL]" classname="org.bukkit.PerMaterialTest" time="0"/>
  <testcase name="isFlammable[60: SOIL]" classname="org.bukkit.PerMaterialTest" time="0"/>
  <testcase name="maxStackSize[60: SOIL]" classname="org.bukkit.PerMaterialTest" time="0"/>
  <testcase name="isTransparent[60: SOIL]" classname="org.bukkit.PerMaterialTest" time="0"/>
  <testcase name="isSolid[60: SOIL]" classname="org.bukkit.PerMaterialTest" time="0"/>
  <testcase name="hasGravity[61: FURNACE]" classname="org.bukkit.PerMaterialTest" time="0"/>
  <testcase name="isBurnable[61: FURNACE]" classname="org.bukkit.PerMaterialTest" time="0"/>
  <testcase name="isEdible[61: FURNACE]" classname="org.bukkit.PerMaterialTest" time="0"/>
  <testcase name="maxDurability[61: FURNACE]" classname="org.bukkit.PerMaterialTest" time="0"/>
  <testcase name="usesDurability[61: FURNACE]" classname="org.bukkit.PerMaterialTest" time="0"/>
  <testcase name="isOccluding[61: FURNACE]" classname="org.bukkit.PerMaterialTest" time="0"/>
  <testcase name="isRecord[61: FURNACE]" classname="org.bukkit.PerMaterialTest" time="0"/>
  <testcase name="isFlammable[61: FURNACE]" classname="org.bukkit.PerMaterialTest" time="0"/>
  <testcase name="maxStackSize[61: FURNACE]" classname="org.bukkit.PerMaterialTest" time="0"/>
  <testcase name="isTransparent[61: FURNACE]" classname="org.bukkit.PerMaterialTest" time="0"/>
  <testcase name="isSolid[61: FURNACE]" classname="org.bukkit.PerMaterialTest" time="0"/>
  <testcase name="hasGravity[62: BURNING_FURNACE]" classname="org.bukkit.PerMaterialTest" time="0"/>
  <testcase name="isBurnable[62: BURNING_FURNACE]" classname="org.bukkit.PerMaterialTest" time="0"/>
  <testcase name="isEdible[62: BURNING_FURNACE]" classname="org.bukkit.PerMaterialTest" time="0"/>
  <testcase name="maxDurability[62: BURNING_FURNACE]" classname="org.bukkit.PerMaterialTest" time="0"/>
  <testcase name="usesDurability[62: BURNING_FURNACE]" classname="org.bukkit.PerMaterialTest" time="0"/>
  <testcase name="isOccluding[62: BURNING_FURNACE]" classname="org.bukkit.PerMaterialTest" time="0"/>
  <testcase name="isRecord[62: BURNING_FURNACE]" classname="org.bukkit.PerMaterialTest" time="0"/>
  <testcase name="isFlammable[62: BURNING_FURNACE]" classname="org.bukkit.PerMaterialTest" time="0"/>
  <testcase name="maxStackSize[62: BURNING_FURNACE]" classname="org.bukkit.PerMaterialTest" time="0"/>
  <testcase name="isTransparent[62: BURNING_FURNACE]" classname="org.bukkit.PerMaterialTest" time="0"/>
  <testcase name="isSolid[62: BURNING_FURNACE]" classname="org.bukkit.PerMaterialTest" time="0"/>
  <testcase name="hasGravity[63: SIGN_POST]" classname="org.bukkit.PerMaterialTest" time="0"/>
  <testcase name="isBurnable[63: SIGN_POST]" classname="org.bukkit.PerMaterialTest" time="0"/>
  <testcase name="isEdible[63: SIGN_POST]" classname="org.bukkit.PerMaterialTest" time="0"/>
  <testcase name="maxDurability[63: SIGN_POST]" classname="org.bukkit.PerMaterialTest" time="0"/>
  <testcase name="usesDurability[63: SIGN_POST]" classname="org.bukkit.PerMaterialTest" time="0"/>
  <testcase name="isOccluding[63: SIGN_POST]" classname="org.bukkit.PerMaterialTest" time="0"/>
  <testcase name="isRecord[63: SIGN_POST]" classname="org.bukkit.PerMaterialTest" time="0"/>
  <testcase name="isFlammable[63: SIGN_POST]" classname="org.bukkit.PerMaterialTest" time="0"/>
  <testcase name="maxStackSize[63: SIGN_POST]" classname="org.bukkit.PerMaterialTest" time="0"/>
  <testcase name="isTransparent[63: SIGN_POST]" classname="org.bukkit.PerMaterialTest" time="0"/>
  <testcase name="isSolid[63: SIGN_POST]" classname="org.bukkit.PerMaterialTest" time="0"/>
  <testcase name="hasGravity[64: WOODEN_DOOR]" classname="org.bukkit.PerMaterialTest" time="0"/>
  <testcase name="isBurnable[64: WOODEN_DOOR]" classname="org.bukkit.PerMaterialTest" time="0"/>
  <testcase name="isEdible[64: WOODEN_DOOR]" classname="org.bukkit.PerMaterialTest" time="0"/>
  <testcase name="maxDurability[64: WOODEN_DOOR]" classname="org.bukkit.PerMaterialTest" time="0"/>
  <testcase name="usesDurability[64: WOODEN_DOOR]" classname="org.bukkit.PerMaterialTest" time="0"/>
  <testcase name="isOccluding[64: WOODEN_DOOR]" classname="org.bukkit.PerMaterialTest" time="0"/>
  <testcase name="isRecord[64: WOODEN_DOOR]" classname="org.bukkit.PerMaterialTest" time="0"/>
  <testcase name="isFlammable[64: WOODEN_DOOR]" classname="org.bukkit.PerMaterialTest" time="0"/>
  <testcase name="maxStackSize[64: WOODEN_DOOR]" classname="org.bukkit.PerMaterialTest" time="0"/>
  <testcase name="isTransparent[64: WOODEN_DOOR]" classname="org.bukkit.PerMaterialTest" time="0"/>
  <testcase name="isSolid[64: WOODEN_DOOR]" classname="org.bukkit.PerMaterialTest" time="0"/>
  <testcase name="hasGravity[65: LADDER]" classname="org.bukkit.PerMaterialTest" time="0"/>
  <testcase name="isBurnable[65: LADDER]" classname="org.bukkit.PerMaterialTest" time="0"/>
  <testcase name="isEdible[65: LADDER]" classname="org.bukkit.PerMaterialTest" time="0"/>
  <testcase name="maxDurability[65: LADDER]" classname="org.bukkit.PerMaterialTest" time="0"/>
  <testcase name="usesDurability[65: LADDER]" classname="org.bukkit.PerMaterialTest" time="0"/>
  <testcase name="isOccluding[65: LADDER]" classname="org.bukkit.PerMaterialTest" time="0"/>
  <testcase name="isRecord[65: LADDER]" classname="org.bukkit.PerMaterialTest" time="0"/>
  <testcase name="isFlammable[65: LADDER]" classname="org.bukkit.PerMaterialTest" time="0"/>
  <testcase name="maxStackSize[65: LADDER]" classname="org.bukkit.PerMaterialTest" time="0"/>
  <testcase name="isTransparent[65: LADDER]" classname="org.bukkit.PerMaterialTest" time="0"/>
  <testcase name="isSolid[65: LADDER]" classname="org.bukkit.PerMaterialTest" time="0"/>
  <testcase name="hasGravity[66: RAILS]" classname="org.bukkit.PerMaterialTest" time="0"/>
  <testcase name="isBurnable[66: RAILS]" classname="org.bukkit.PerMaterialTest" time="0"/>
  <testcase name="isEdible[66: RAILS]" classname="org.bukkit.PerMaterialTest" time="0"/>
  <testcase name="maxDurability[66: RAILS]" classname="org.bukkit.PerMaterialTest" time="0"/>
  <testcase name="usesDurability[66: RAILS]" classname="org.bukkit.PerMaterialTest" time="0"/>
  <testcase name="isOccluding[66: RAILS]" classname="org.bukkit.PerMaterialTest" time="0"/>
  <testcase name="isRecord[66: RAILS]" classname="org.bukkit.PerMaterialTest" time="0"/>
  <testcase name="isFlammable[66: RAILS]" classname="org.bukkit.PerMaterialTest" time="0"/>
  <testcase name="maxStackSize[66: RAILS]" classname="org.bukkit.PerMaterialTest" time="0"/>
  <testcase name="isTransparent[66: RAILS]" classname="org.bukkit.PerMaterialTest" time="0"/>
  <testcase name="isSolid[66: RAILS]" classname="org.bukkit.PerMaterialTest" time="0"/>
  <testcase name="hasGravity[67: COBBLESTONE_STAIRS]" classname="org.bukkit.PerMaterialTest" time="0"/>
  <testcase name="isBurnable[67: COBBLESTONE_STAIRS]" classname="org.bukkit.PerMaterialTest" time="0"/>
  <testcase name="isEdible[67: COBBLESTONE_STAIRS]" classname="org.bukkit.PerMaterialTest" time="0"/>
  <testcase name="maxDurability[67: COBBLESTONE_STAIRS]" classname="org.bukkit.PerMaterialTest" time="0"/>
  <testcase name="usesDurability[67: COBBLESTONE_STAIRS]" classname="org.bukkit.PerMaterialTest" time="0"/>
  <testcase name="isOccluding[67: COBBLESTONE_STAIRS]" classname="org.bukkit.PerMaterialTest" time="0"/>
  <testcase name="isRecord[67: COBBLESTONE_STAIRS]" classname="org.bukkit.PerMaterialTest" time="0"/>
  <testcase name="isFlammable[67: COBBLESTONE_STAIRS]" classname="org.bukkit.PerMaterialTest" time="0"/>
  <testcase name="maxStackSize[67: COBBLESTONE_STAIRS]" classname="org.bukkit.PerMaterialTest" time="0"/>
  <testcase name="isTransparent[67: COBBLESTONE_STAIRS]" classname="org.bukkit.PerMaterialTest" time="0"/>
  <testcase name="isSolid[67: COBBLESTONE_STAIRS]" classname="org.bukkit.PerMaterialTest" time="0"/>
  <testcase name="hasGravity[68: WALL_SIGN]" classname="org.bukkit.PerMaterialTest" time="0"/>
  <testcase name="isBurnable[68: WALL_SIGN]" classname="org.bukkit.PerMaterialTest" time="0"/>
  <testcase name="isEdible[68: WALL_SIGN]" classname="org.bukkit.PerMaterialTest" time="0"/>
  <testcase name="maxDurability[68: WALL_SIGN]" classname="org.bukkit.PerMaterialTest" time="0"/>
  <testcase name="usesDurability[68: WALL_SIGN]" classname="org.bukkit.PerMaterialTest" time="0"/>
  <testcase name="isOccluding[68: WALL_SIGN]" classname="org.bukkit.PerMaterialTest" time="0"/>
  <testcase name="isRecord[68: WALL_SIGN]" classname="org.bukkit.PerMaterialTest" time="0"/>
  <testcase name="isFlammable[68: WALL_SIGN]" classname="org.bukkit.PerMaterialTest" time="0"/>
  <testcase name="maxStackSize[68: WALL_SIGN]" classname="org.bukkit.PerMaterialTest" time="0"/>
  <testcase name="isTransparent[68: WALL_SIGN]" classname="org.bukkit.PerMaterialTest" time="0"/>
  <testcase name="isSolid[68: WALL_SIGN]" classname="org.bukkit.PerMaterialTest" time="0"/>
  <testcase name="hasGravity[69: LEVER]" classname="org.bukkit.PerMaterialTest" time="0"/>
  <testcase name="isBurnable[69: LEVER]" classname="org.bukkit.PerMaterialTest" time="0"/>
  <testcase name="isEdible[69: LEVER]" classname="org.bukkit.PerMaterialTest" time="0"/>
  <testcase name="maxDurability[69: LEVER]" classname="org.bukkit.PerMaterialTest" time="0"/>
  <testcase name="usesDurability[69: LEVER]" classname="org.bukkit.PerMaterialTest" time="0"/>
  <testcase name="isOccluding[69: LEVER]" classname="org.bukkit.PerMaterialTest" time="0"/>
  <testcase name="isRecord[69: LEVER]" classname="org.bukkit.PerMaterialTest" time="0"/>
  <testcase name="isFlammable[69: LEVER]" classname="org.bukkit.PerMaterialTest" time="0"/>
  <testcase name="maxStackSize[69: LEVER]" classname="org.bukkit.PerMaterialTest" time="0"/>
  <testcase name="isTransparent[69: LEVER]" classname="org.bukkit.PerMaterialTest" time="0"/>
  <testcase name="isSolid[69: LEVER]" classname="org.bukkit.PerMaterialTest" time="0"/>
  <testcase name="hasGravity[70: STONE_PLATE]" classname="org.bukkit.PerMaterialTest" time="0"/>
  <testcase name="isBurnable[70: STONE_PLATE]" classname="org.bukkit.PerMaterialTest" time="0"/>
  <testcase name="isEdible[70: STONE_PLATE]" classname="org.bukkit.PerMaterialTest" time="0"/>
  <testcase name="maxDurability[70: STONE_PLATE]" classname="org.bukkit.PerMaterialTest" time="0"/>
  <testcase name="usesDurability[70: STONE_PLATE]" classname="org.bukkit.PerMaterialTest" time="0"/>
  <testcase name="isOccluding[70: STONE_PLATE]" classname="org.bukkit.PerMaterialTest" time="0"/>
  <testcase name="isRecord[70: STONE_PLATE]" classname="org.bukkit.PerMaterialTest" time="0"/>
  <testcase name="isFlammable[70: STONE_PLATE]" classname="org.bukkit.PerMaterialTest" time="0"/>
  <testcase name="maxStackSize[70: STONE_PLATE]" classname="org.bukkit.PerMaterialTest" time="0"/>
  <testcase name="isTransparent[70: STONE_PLATE]" classname="org.bukkit.PerMaterialTest" time="0"/>
  <testcase name="isSolid[70: STONE_PLATE]" classname="org.bukkit.PerMaterialTest" time="0"/>
  <testcase name="hasGravity[71: IRON_DOOR_BLOCK]" classname="org.bukkit.PerMaterialTest" time="0"/>
  <testcase name="isBurnable[71: IRON_DOOR_BLOCK]" classname="org.bukkit.PerMaterialTest" time="0"/>
  <testcase name="isEdible[71: IRON_DOOR_BLOCK]" classname="org.bukkit.PerMaterialTest" time="0"/>
  <testcase name="maxDurability[71: IRON_DOOR_BLOCK]" classname="org.bukkit.PerMaterialTest" time="0"/>
  <testcase name="usesDurability[71: IRON_DOOR_BLOCK]" classname="org.bukkit.PerMaterialTest" time="0"/>
  <testcase name="isOccluding[71: IRON_DOOR_BLOCK]" classname="org.bukkit.PerMaterialTest" time="0"/>
  <testcase name="isRecord[71: IRON_DOOR_BLOCK]" classname="org.bukkit.PerMaterialTest" time="0"/>
  <testcase name="isFlammable[71: IRON_DOOR_BLOCK]" classname="org.bukkit.PerMaterialTest" time="0"/>
  <testcase name="maxStackSize[71: IRON_DOOR_BLOCK]" classname="org.bukkit.PerMaterialTest" time="0"/>
  <testcase name="isTransparent[71: IRON_DOOR_BLOCK]" classname="org.bukkit.PerMaterialTest" time="0"/>
  <testcase name="isSolid[71: IRON_DOOR_BLOCK]" classname="org.bukkit.PerMaterialTest" time="0"/>
  <testcase name="hasGravity[72: WOOD_PLATE]" classname="org.bukkit.PerMaterialTest" time="0"/>
  <testcase name="isBurnable[72: WOOD_PLATE]" classname="org.bukkit.PerMaterialTest" time="0"/>
  <testcase name="isEdible[72: WOOD_PLATE]" classname="org.bukkit.PerMaterialTest" time="0"/>
  <testcase name="maxDurability[72: WOOD_PLATE]" classname="org.bukkit.PerMaterialTest" time="0"/>
  <testcase name="usesDurability[72: WOOD_PLATE]" classname="org.bukkit.PerMaterialTest" time="0"/>
  <testcase name="isOccluding[72: WOOD_PLATE]" classname="org.bukkit.PerMaterialTest" time="0"/>
  <testcase name="isRecord[72: WOOD_PLATE]" classname="org.bukkit.PerMaterialTest" time="0"/>
  <testcase name="isFlammable[72: WOOD_PLATE]" classname="org.bukkit.PerMaterialTest" time="0"/>
  <testcase name="maxStackSize[72: WOOD_PLATE]" classname="org.bukkit.PerMaterialTest" time="0"/>
  <testcase name="isTransparent[72: WOOD_PLATE]" classname="org.bukkit.PerMaterialTest" time="0"/>
  <testcase name="isSolid[72: WOOD_PLATE]" classname="org.bukkit.PerMaterialTest" time="0"/>
  <testcase name="hasGravity[73: REDSTONE_ORE]" classname="org.bukkit.PerMaterialTest" time="0"/>
  <testcase name="isBurnable[73: REDSTONE_ORE]" classname="org.bukkit.PerMaterialTest" time="0"/>
  <testcase name="isEdible[73: REDSTONE_ORE]" classname="org.bukkit.PerMaterialTest" time="0"/>
  <testcase name="maxDurability[73: REDSTONE_ORE]" classname="org.bukkit.PerMaterialTest" time="0"/>
  <testcase name="usesDurability[73: REDSTONE_ORE]" classname="org.bukkit.PerMaterialTest" time="0"/>
  <testcase name="isOccluding[73: REDSTONE_ORE]" classname="org.bukkit.PerMaterialTest" time="0"/>
  <testcase name="isRecord[73: REDSTONE_ORE]" classname="org.bukkit.PerMaterialTest" time="0"/>
  <testcase name="isFlammable[73: REDSTONE_ORE]" classname="org.bukkit.PerMaterialTest" time="0"/>
  <testcase name="maxStackSize[73: REDSTONE_ORE]" classname="org.bukkit.PerMaterialTest" time="0"/>
  <testcase name="isTransparent[73: REDSTONE_ORE]" classname="org.bukkit.PerMaterialTest" time="0"/>
  <testcase name="isSolid[73: REDSTONE_ORE]" classname="org.bukkit.PerMaterialTest" time="0"/>
  <testcase name="hasGravity[74: GLOWING_REDSTONE_ORE]" classname="org.bukkit.PerMaterialTest" time="0"/>
  <testcase name="isBurnable[74: GLOWING_REDSTONE_ORE]" classname="org.bukkit.PerMaterialTest" time="0"/>
  <testcase name="isEdible[74: GLOWING_REDSTONE_ORE]" classname="org.bukkit.PerMaterialTest" time="0"/>
  <testcase name="maxDurability[74: GLOWING_REDSTONE_ORE]" classname="org.bukkit.PerMaterialTest" time="0"/>
  <testcase name="usesDurability[74: GLOWING_REDSTONE_ORE]" classname="org.bukkit.PerMaterialTest" time="0"/>
  <testcase name="isOccluding[74: GLOWING_REDSTONE_ORE]" classname="org.bukkit.PerMaterialTest" time="0"/>
  <testcase name="isRecord[74: GLOWING_REDSTONE_ORE]" classname="org.bukkit.PerMaterialTest" time="0"/>
  <testcase name="isFlammable[74: GLOWING_REDSTONE_ORE]" classname="org.bukkit.PerMaterialTest" time="0"/>
  <testcase name="maxStackSize[74: GLOWING_REDSTONE_ORE]" classname="org.bukkit.PerMaterialTest" time="0"/>
  <testcase name="isTransparent[74: GLOWING_REDSTONE_ORE]" classname="org.bukkit.PerMaterialTest" time="0"/>
  <testcase name="isSolid[74: GLOWING_REDSTONE_ORE]" classname="org.bukkit.PerMaterialTest" time="0"/>
  <testcase name="hasGravity[75: REDSTONE_TORCH_OFF]" classname="org.bukkit.PerMaterialTest" time="0"/>
  <testcase name="isBurnable[75: REDSTONE_TORCH_OFF]" classname="org.bukkit.PerMaterialTest" time="0"/>
  <testcase name="isEdible[75: REDSTONE_TORCH_OFF]" classname="org.bukkit.PerMaterialTest" time="0"/>
  <testcase name="maxDurability[75: REDSTONE_TORCH_OFF]" classname="org.bukkit.PerMaterialTest" time="0"/>
  <testcase name="usesDurability[75: REDSTONE_TORCH_OFF]" classname="org.bukkit.PerMaterialTest" time="0"/>
  <testcase name="isOccluding[75: REDSTONE_TORCH_OFF]" classname="org.bukkit.PerMaterialTest" time="0"/>
  <testcase name="isRecord[75: REDSTONE_TORCH_OFF]" classname="org.bukkit.PerMaterialTest" time="0"/>
[...]
  <testcase name="maxDurability[405: SHIELD]" classname="org.bukkit.PerMaterialTest" time="0"/>
  <testcase name="usesDurability[405: SHIELD]" classname="org.bukkit.PerMaterialTest" time="0"/>
  <testcase name="isOccluding[405: SHIELD]" classname="org.bukkit.PerMaterialTest" time="0"/>
  <testcase name="isRecord[405: SHIELD]" classname="org.bukkit.PerMaterialTest" time="0"/>
  <testcase name="isFlammable[405: SHIELD]" classname="org.bukkit.PerMaterialTest" time="0"/>
  <testcase name="maxStackSize[405: SHIELD]" classname="org.bukkit.PerMaterialTest" time="0"/>
  <testcase name="isTransparent[405: SHIELD]" classname="org.bukkit.PerMaterialTest" time="0"/>
  <testcase name="isSolid[405: SHIELD]" classname="org.bukkit.PerMaterialTest" time="0"/>
  <testcase name="hasGravity[406: ELYTRA]" classname="org.bukkit.PerMaterialTest" time="0"/>
  <testcase name="isBurnable[406: ELYTRA]" classname="org.bukkit.PerMaterialTest" time="0"/>
  <testcase name="isEdible[406: ELYTRA]" classname="org.bukkit.PerMaterialTest" time="0"/>
  <testcase name="maxDurability[406: ELYTRA]" classname="org.bukkit.PerMaterialTest" time="0"/>
  <testcase name="usesDurability[406: ELYTRA]" classname="org.bukkit.PerMaterialTest" time="0"/>
  <testcase name="isOccluding[406: ELYTRA]" classname="org.bukkit.PerMaterialTest" time="0"/>
  <testcase name="isRecord[406: ELYTRA]" classname="org.bukkit.PerMaterialTest" time="0"/>
  <testcase name="isFlammable[406: ELYTRA]" classname="org.bukkit.PerMaterialTest" time="0"/>
  <testcase name="maxStackSize[406: ELYTRA]" classname="org.bukkit.PerMaterialTest" time="0"/>
  <testcase name="isTransparent[406: ELYTRA]" classname="org.bukkit.PerMaterialTest" time="0"/>
  <testcase name="isSolid[406: ELYTRA]" classname="org.bukkit.PerMaterialTest" time="0"/>
  <testcase name="hasGravity[407: BOAT_SPRUCE]" classname="org.bukkit.PerMaterialTest" time="0"/>
  <testcase name="isBurnable[407: BOAT_SPRUCE]" classname="org.bukkit.PerMaterialTest" time="0"/>
  <testcase name="isEdible[407: BOAT_SPRUCE]" classname="org.bukkit.PerMaterialTest" time="0"/>
  <testcase name="maxDurability[407: BOAT_SPRUCE]" classname="org.bukkit.PerMaterialTest" time="0"/>
  <testcase name="usesDurability[407: BOAT_SPRUCE]" classname="org.bukkit.PerMaterialTest" time="0"/>
  <testcase name="isOccluding[407: BOAT_SPRUCE]" classname="org.bukkit.PerMaterialTest" time="0"/>
  <testcase name="isRecord[407: BOAT_SPRUCE]" classname="org.bukkit.PerMaterialTest" time="0"/>
  <testcase name="isFlammable[407: BOAT_SPRUCE]" classname="org.bukkit.PerMaterialTest" time="0"/>
  <testcase name="maxStackSize[407: BOAT_SPRUCE]" classname="org.bukkit.PerMaterialTest" time="0"/>
  <testcase name="isTransparent[407: BOAT_SPRUCE]" classname="org.bukkit.PerMaterialTest" time="0"/>
  <testcase name="isSolid[407: BOAT_SPRUCE]" classname="org.bukkit.PerMaterialTest" time="0"/>
  <testcase name="hasGravity[408: BOAT_BIRCH]" classname="org.bukkit.PerMaterialTest" time="0"/>
  <testcase name="isBurnable[408: BOAT_BIRCH]" classname="org.bukkit.PerMaterialTest" time="0"/>
  <testcase name="isEdible[408: BOAT_BIRCH]" classname="org.bukkit.PerMaterialTest" time="0"/>
  <testcase name="maxDurability[408: BOAT_BIRCH]" classname="org.bukkit.PerMaterialTest" time="0"/>
  <testcase name="usesDurability[408: BOAT_BIRCH]" classname="org.bukkit.PerMaterialTest" time="0"/>
  <testcase name="isOccluding[408: BOAT_BIRCH]" classname="org.bukkit.PerMaterialTest" time="0"/>
  <testcase name="isRecord[408: BOAT_BIRCH]" classname="org.bukkit.PerMaterialTest" time="0"/>
  <testcase name="isFlammable[408: BOAT_BIRCH]" classname="org.bukkit.PerMaterialTest" time="0"/>
  <testcase name="maxStackSize[408: BOAT_BIRCH]" classname="org.bukkit.PerMaterialTest" time="0"/>
  <testcase name="isTransparent[408: BOAT_BIRCH]" classname="org.bukkit.PerMaterialTest" time="0"/>
  <testcase name="isSolid[408: BOAT_BIRCH]" classname="org.bukkit.PerMaterialTest" time="0"/>
  <testcase name="hasGravity[409: BOAT_JUNGLE]" classname="org.bukkit.PerMaterialTest" time="0"/>
  <testcase name="isBurnable[409: BOAT_JUNGLE]" classname="org.bukkit.PerMaterialTest" time="0"/>
  <testcase name="isEdible[409: BOAT_JUNGLE]" classname="org.bukkit.PerMaterialTest" time="0"/>
  <testcase name="maxDurability[409: BOAT_JUNGLE]" classname="org.bukkit.PerMaterialTest" time="0"/>
  <testcase name="usesDurability[409: BOAT_JUNGLE]" classname="org.bukkit.PerMaterialTest" time="0"/>
  <testcase name="isOccluding[409: BOAT_JUNGLE]" classname="org.bukkit.PerMaterialTest" time="0"/>
  <testcase name="isRecord[409: BOAT_JUNGLE]" classname="org.bukkit.PerMaterialTest" time="0"/>
  <testcase name="isFlammable[409: BOAT_JUNGLE]" classname="org.bukkit.PerMaterialTest" time="0"/>
  <testcase name="maxStackSize[409: BOAT_JUNGLE]" classname="org.bukkit.PerMaterialTest" time="0"/>
  <testcase name="isTransparent[409: BOAT_JUNGLE]" classname="org.bukkit.PerMaterialTest" time="0"/>
  <testcase name="isSolid[409: BOAT_JUNGLE]" classname="org.bukkit.PerMaterialTest" time="0"/>
  <testcase name="hasGravity[410: BOAT_ACACIA]" classname="org.bukkit.PerMaterialTest" time="0"/>
  <testcase name="isBurnable[410: BOAT_ACACIA]" classname="org.bukkit.PerMaterialTest" time="0"/>
  <testcase name="isEdible[410: BOAT_ACACIA]" classname="org.bukkit.PerMaterialTest" time="0"/>
  <testcase name="maxDurability[410: BOAT_ACACIA]" classname="org.bukkit.PerMaterialTest" time="0"/>
  <testcase name="usesDurability[410: BOAT_ACACIA]" classname="org.bukkit.PerMaterialTest" time="0.001"/>
  <testcase name="isOccluding[410: BOAT_ACACIA]" classname="org.bukkit.PerMaterialTest" time="0"/>
  <testcase name="isRecord[410: BOAT_ACACIA]" classname="org.bukkit.PerMaterialTest" time="0"/>
  <testcase name="isFlammable[410: BOAT_ACACIA]" classname="org.bukkit.PerMaterialTest" time="0"/>
  <testcase name="maxStackSize[410: BOAT_ACACIA]" classname="org.bukkit.PerMaterialTest" time="0"/>
  <testcase name="isTransparent[410: BOAT_ACACIA]" classname="org.bukkit.PerMaterialTest" time="0"/>
  <testcase name="isSolid[410: BOAT_ACACIA]" classname="org.bukkit.PerMaterialTest" time="0"/>
  <testcase name="hasGravity[411: BOAT_DARK_OAK]" classname="org.bukkit.PerMaterialTest" time="0"/>
  <testcase name="isBurnable[411: BOAT_DARK_OAK]" classname="org.bukkit.PerMaterialTest" time="0"/>
  <testcase name="isEdible[411: BOAT_DARK_OAK]" classname="org.bukkit.PerMaterialTest" time="0"/>
  <testcase name="maxDurability[411: BOAT_DARK_OAK]" classname="org.bukkit.PerMaterialTest" time="0"/>
  <testcase name="usesDurability[411: BOAT_DARK_OAK]" classname="org.bukkit.PerMaterialTest" time="0"/>
  <testcase name="isOccluding[411: BOAT_DARK_OAK]" classname="org.bukkit.PerMaterialTest" time="0"/>
  <testcase name="isRecord[411: BOAT_DARK_OAK]" classname="org.bukkit.PerMaterialTest" time="0"/>
  <testcase name="isFlammable[411: BOAT_DARK_OAK]" classname="org.bukkit.PerMaterialTest" time="0"/>
  <testcase name="maxStackSize[411: BOAT_DARK_OAK]" classname="org.bukkit.PerMaterialTest" time="0.003"/>
  <testcase name="isTransparent[411: BOAT_DARK_OAK]" classname="org.bukkit.PerMaterialTest" time="0"/>
  <testcase name="isSolid[411: BOAT_DARK_OAK]" classname="org.bukkit.PerMaterialTest" time="0"/>
  <testcase name="hasGravity[412: GOLD_RECORD]" classname="org.bukkit.PerMaterialTest" time="0"/>
  <testcase name="isBurnable[412: GOLD_RECORD]" classname="org.bukkit.PerMaterialTest" time="0"/>
  <testcase name="isEdible[412: GOLD_RECORD]" classname="org.bukkit.PerMaterialTest" time="0"/>
  <testcase name="maxDurability[412: GOLD_RECORD]" classname="org.bukkit.PerMaterialTest" time="0"/>
  <testcase name="usesDurability[412: GOLD_RECORD]" classname="org.bukkit.PerMaterialTest" time="0"/>
  <testcase name="isOccluding[412: GOLD_RECORD]" classname="org.bukkit.PerMaterialTest" time="0"/>
  <testcase name="isRecord[412: GOLD_RECORD]" classname="org.bukkit.PerMaterialTest" time="0"/>
  <testcase name="isFlammable[412: GOLD_RECORD]" classname="org.bukkit.PerMaterialTest" time="0"/>
  <testcase name="maxStackSize[412: GOLD_RECORD]" classname="org.bukkit.PerMaterialTest" time="0"/>
  <testcase name="isTransparent[412: GOLD_RECORD]" classname="org.bukkit.PerMaterialTest" time="0"/>
  <testcase name="isSolid[412: GOLD_RECORD]" classname="org.bukkit.PerMaterialTest" time="0"/>
  <testcase name="hasGravity[413: GREEN_RECORD]" classname="org.bukkit.PerMaterialTest" time="0"/>
  <testcase name="isBurnable[413: GREEN_RECORD]" classname="org.bukkit.PerMaterialTest" time="0"/>
  <testcase name="isEdible[413: GREEN_RECORD]" classname="org.bukkit.PerMaterialTest" time="0"/>
  <testcase name="maxDurability[413: GREEN_RECORD]" classname="org.bukkit.PerMaterialTest" time="0"/>
  <testcase name="usesDurability[413: GREEN_RECORD]" classname="org.bukkit.PerMaterialTest" time="0"/>
  <testcase name="isOccluding[413: GREEN_RECORD]" classname="org.bukkit.PerMaterialTest" time="0"/>
  <testcase name="isRecord[413: GREEN_RECORD]" classname="org.bukkit.PerMaterialTest" time="0"/>
  <testcase name="isFlammable[413: GREEN_RECORD]" classname="org.bukkit.PerMaterialTest" time="0"/>
  <testcase name="maxStackSize[413: GREEN_RECORD]" classname="org.bukkit.PerMaterialTest" time="0"/>
  <testcase name="isTransparent[413: GREEN_RECORD]" classname="org.bukkit.PerMaterialTest" time="0"/>
  <testcase name="isSolid[413: GREEN_RECORD]" classname="org.bukkit.PerMaterialTest" time="0"/>
  <testcase name="hasGravity[414: RECORD_3]" classname="org.bukkit.PerMaterialTest" time="0"/>
  <testcase name="isBurnable[414: RECORD_3]" classname="org.bukkit.PerMaterialTest" time="0"/>
  <testcase name="isEdible[414: RECORD_3]" classname="org.bukkit.PerMaterialTest" time="0"/>
  <testcase name="maxDurability[414: RECORD_3]" classname="org.bukkit.PerMaterialTest" time="0"/>
  <testcase name="usesDurability[414: RECORD_3]" classname="org.bukkit.PerMaterialTest" time="0"/>
  <testcase name="isOccluding[414: RECORD_3]" classname="org.bukkit.PerMaterialTest" time="0"/>
  <testcase name="isRecord[414: RECORD_3]" classname="org.bukkit.PerMaterialTest" time="0"/>
  <testcase name="isFlammable[414: RECORD_3]" classname="org.bukkit.PerMaterialTest" time="0"/>
  <testcase name="maxStackSize[414: RECORD_3]" classname="org.bukkit.PerMaterialTest" time="0"/>
  <testcase name="isTransparent[414: RECORD_3]" classname="org.bukkit.PerMaterialTest" time="0"/>
  <testcase name="isSolid[414: RECORD_3]" classname="org.bukkit.PerMaterialTest" time="0"/>
  <testcase name="hasGravity[415: RECORD_4]" classname="org.bukkit.PerMaterialTest" time="0"/>
  <testcase name="isBurnable[415: RECORD_4]" classname="org.bukkit.PerMaterialTest" time="0"/>
  <testcase name="isEdible[415: RECORD_4]" classname="org.bukkit.PerMaterialTest" time="0"/>
  <testcase name="maxDurability[415: RECORD_4]" classname="org.bukkit.PerMaterialTest" time="0"/>
  <testcase name="usesDurability[415: RECORD_4]" classname="org.bukkit.PerMaterialTest" time="0"/>
  <testcase name="isOccluding[415: RECORD_4]" classname="org.bukkit.PerMaterialTest" time="0"/>
  <testcase name="isRecord[415: RECORD_4]" classname="org.bukkit.PerMaterialTest" time="0"/>
  <testcase name="isFlammable[415: RECORD_4]" classname="org.bukkit.PerMaterialTest" time="0"/>
  <testcase name="maxStackSize[415: RECORD_4]" classname="org.bukkit.PerMaterialTest" time="0"/>
  <testcase name="isTransparent[415: RECORD_4]" classname="org.bukkit.PerMaterialTest" time="0"/>
  <testcase name="isSolid[415: RECORD_4]" classname="org.bukkit.PerMaterialTest" time="0"/>
  <testcase name="hasGravity[416: RECORD_5]" classname="org.bukkit.PerMaterialTest" time="0"/>
  <testcase name="isBurnable[416: RECORD_5]" classname="org.bukkit.PerMaterialTest" time="0"/>
  <testcase name="isEdible[416: RECORD_5]" classname="org.bukkit.PerMaterialTest" time="0"/>
  <testcase name="maxDurability[416: RECORD_5]" classname="org.bukkit.PerMaterialTest" time="0"/>
  <testcase name="usesDurability[416: RECORD_5]" classname="org.bukkit.PerMaterialTest" time="0"/>
  <testcase name="isOccluding[416: RECORD_5]" classname="org.bukkit.PerMaterialTest" time="0"/>
  <testcase name="isRecord[416: RECORD_5]" classname="org.bukkit.PerMaterialTest" time="0"/>
  <testcase name="isFlammable[416: RECORD_5]" classname="org.bukkit.PerMaterialTest" time="0"/>
  <testcase name="maxStackSize[416: RECORD_5]" classname="org.bukkit.PerMaterialTest" time="0"/>
  <testcase name="isTransparent[416: RECORD_5]" classname="org.bukkit.PerMaterialTest" time="0"/>
  <testcase name="isSolid[416: RECORD_5]" classname="org.bukkit.PerMaterialTest" time="0.001"/>
  <testcase name="hasGravity[417: RECORD_6]" classname="org.bukkit.PerMaterialTest" time="0"/>
  <testcase name="isBurnable[417: RECORD_6]" classname="org.bukkit.PerMaterialTest" time="0"/>
  <testcase name="isEdible[417: RECORD_6]" classname="org.bukkit.PerMaterialTest" time="0"/>
  <testcase name="maxDurability[417: RECORD_6]" classname="org.bukkit.PerMaterialTest" time="0"/>
  <testcase name="usesDurability[417: RECORD_6]" classname="org.bukkit.PerMaterialTest" time="0"/>
  <testcase name="isOccluding[417: RECORD_6]" classname="org.bukkit.PerMaterialTest" time="0"/>
  <testcase name="isRecord[417: RECORD_6]" classname="org.bukkit.PerMaterialTest" time="0"/>
  <testcase name="isFlammable[417: RECORD_6]" classname="org.bukkit.PerMaterialTest" time="0"/>
  <testcase name="maxStackSize[417: RECORD_6]" classname="org.bukkit.PerMaterialTest" time="0"/>
  <testcase name="isTransparent[417: RECORD_6]" classname="org.bukkit.PerMaterialTest" time="0"/>
  <testcase name="isSolid[417: RECORD_6]" classname="org.bukkit.PerMaterialTest" time="0"/>
  <testcase name="hasGravity[418: RECORD_7]" classname="org.bukkit.PerMaterialTest" time="0"/>
  <testcase name="isBurnable[418: RECORD_7]" classname="org.bukkit.PerMaterialTest" time="0"/>
  <testcase name="isEdible[418: RECORD_7]" classname="org.bukkit.PerMaterialTest" time="0"/>
  <testcase name="maxDurability[418: RECORD_7]" classname="org.bukkit.PerMaterialTest" time="0"/>
  <testcase name="usesDurability[418: RECORD_7]" classname="org.bukkit.PerMaterialTest" time="0"/>
  <testcase name="isOccluding[418: RECORD_7]" classname="org.bukkit.PerMaterialTest" time="0"/>
  <testcase name="isRecord[418: RECORD_7]" classname="org.bukkit.PerMaterialTest" time="0"/>
  <testcase name="isFlammable[418: RECORD_7]" classname="org.bukkit.PerMaterialTest" time="0"/>
  <testcase name="maxStackSize[418: RECORD_7]" classname="org.bukkit.PerMaterialTest" time="0"/>
  <testcase name="isTransparent[418: RECORD_7]" classname="org.bukkit.PerMaterialTest" time="0"/>
  <testcase name="isSolid[418: RECORD_7]" classname="org.bukkit.PerMaterialTest" time="0"/>
  <testcase name="hasGravity[419: RECORD_8]" classname="org.bukkit.PerMaterialTest" time="0"/>
  <testcase name="isBurnable[419: RECORD_8]" classname="org.bukkit.PerMaterialTest" time="0"/>
  <testcase name="isEdible[419: RECORD_8]" classname="org.bukkit.PerMaterialTest" time="0"/>
  <testcase name="maxDurability[419: RECORD_8]" classname="org.bukkit.PerMaterialTest" time="0"/>
  <testcase name="usesDurability[419: RECORD_8]" classname="org.bukkit.PerMaterialTest" time="0"/>
  <testcase name="isOccluding[419: RECORD_8]" classname="org.bukkit.PerMaterialTest" time="0"/>
  <testcase name="isRecord[419: RECORD_8]" classname="org.bukkit.PerMaterialTest" time="0"/>
  <testcase name="isFlammable[419: RECORD_8]" classname="org.bukkit.PerMaterialTest" time="0"/>
  <testcase name="maxStackSize[419: RECORD_8]" classname="org.bukkit.PerMaterialTest" time="0"/>
  <testcase name="isTransparent[419: RECORD_8]" classname="org.bukkit.PerMaterialTest" time="0"/>
  <testcase name="isSolid[419: RECORD_8]" classname="org.bukkit.PerMaterialTest" time="0"/>
  <testcase name="hasGravity[420: RECORD_9]" classname="org.bukkit.PerMaterialTest" time="0"/>
  <testcase name="isBurnable[420: RECORD_9]" classname="org.bukkit.PerMaterialTest" time="0"/>
  <testcase name="isEdible[420: RECORD_9]" classname="org.bukkit.PerMaterialTest" time="0"/>
  <testcase name="maxDurability[420: RECORD_9]" classname="org.bukkit.PerMaterialTest" time="0"/>
  <testcase name="usesDurability[420: RECORD_9]" classname="org.bukkit.PerMaterialTest" time="0"/>
  <testcase name="isOccluding[420: RECORD_9]" classname="org.bukkit.PerMaterialTest" time="0"/>
  <testcase name="isRecord[420: RECORD_9]" classname="org.bukkit.PerMaterialTest" time="0"/>
  <testcase name="isFlammable[420: RECORD_9]" classname="org.bukkit.PerMaterialTest" time="0"/>
  <testcase name="maxStackSize[420: RECORD_9]" classname="org.bukkit.PerMaterialTest" time="0"/>
  <testcase name="isTransparent[420: RECORD_9]" classname="org.bukkit.PerMaterialTest" time="0"/>
  <testcase name="isSolid[420: RECORD_9]" classname="org.bukkit.PerMaterialTest" time="0"/>
  <testcase name="hasGravity[421: RECORD_10]" classname="org.bukkit.PerMaterialTest" time="0"/>
  <testcase name="isBurnable[421: RECORD_10]" classname="org.bukkit.PerMaterialTest" time="0"/>
  <testcase name="isEdible[421: RECORD_10]" classname="org.bukkit.PerMaterialTest" time="0"/>
  <testcase name="maxDurability[421: RECORD_10]" classname="org.bukkit.PerMaterialTest" time="0"/>
  <testcase name="usesDurability[421: RECORD_10]" classname="org.bukkit.PerMaterialTest" time="0"/>
  <testcase name="isOccluding[421: RECORD_10]" classname="org.bukkit.PerMaterialTest" time="0"/>
  <testcase name="isRecord[421: RECORD_10]" classname="org.bukkit.PerMaterialTest" time="0"/>
  <testcase name="isFlammable[421: RECORD_10]" classname="org.bukkit.PerMaterialTest" time="0"/>
  <testcase name="maxStackSize[421: RECORD_10]" classname="org.bukkit.PerMaterialTest" time="0"/>
  <testcase name="isTransparent[421: RECORD_10]" classname="org.bukkit.PerMaterialTest" time="0"/>
  <testcase name="isSolid[421: RECORD_10]" classname="org.bukkit.PerMaterialTest" time="0"/>
  <testcase name="hasGravity[422: RECORD_11]" classname="org.bukkit.PerMaterialTest" time="0"/>
  <testcase name="isBurnable[422: RECORD_11]" classname="org.bukkit.PerMaterialTest" time="0"/>
  <testcase name="isEdible[422: RECORD_11]" classname="org.bukkit.PerMaterialTest" time="0"/>
  <testcase name="maxDurability[422: RECORD_11]" classname="org.bukkit.PerMaterialTest" time="0"/>
  <testcase name="usesDurability[422: RECORD_11]" classname="org.bukkit.PerMaterialTest" time="0"/>
  <testcase name="isOccluding[422: RECORD_11]" classname="org.bukkit.PerMaterialTest" time="0"/>
  <testcase name="isRecord[422: RECORD_11]" classname="org.bukkit.PerMaterialTest" time="0"/>
  <testcase name="isFlammable[422: RECORD_11]" classname="org.bukkit.PerMaterialTest" time="0"/>
  <testcase name="maxStackSize[422: RECORD_11]" classname="org.bukkit.PerMaterialTest" time="0"/>
  <testcase name="isTransparent[422: RECORD_11]" classname="org.bukkit.PerMaterialTest" time="0"/>
  <testcase name="isSolid[422: RECORD_11]" classname="org.bukkit.PerMaterialTest" time="0"/>
  <testcase name="hasGravity[423: RECORD_12]" classname="org.bukkit.PerMaterialTest" time="0"/>
  <testcase name="isBurnable[423: RECORD_12]" classname="org.bukkit.PerMaterialTest" time="0"/>
  <testcase name="isEdible[423: RECORD_12]" classname="org.bukkit.PerMaterialTest" time="0"/>
  <testcase name="maxDurability[423: RECORD_12]" classname="org.bukkit.PerMaterialTest" time="0"/>
  <testcase name="usesDurability[423: RECORD_12]" classname="org.bukkit.PerMaterialTest" time="0"/>
  <testcase name="isOccluding[423: RECORD_12]" classname="org.bukkit.PerMaterialTest" time="0"/>
  <testcase name="isRecord[423: RECORD_12]" classname="org.bukkit.PerMaterialTest" time="0"/>
  <testcase name="isFlammable[423: RECORD_12]" classname="org.bukkit.PerMaterialTest" time="0"/>
  <testcase name="maxStackSize[423: RECORD_12]" classname="org.bukkit.PerMaterialTest" time="0"/>
  <testcase name="isTransparent[423: RECORD_12]" classname="org.bukkit.PerMaterialTest" time="0"/>
  <testcase name="isSolid[423: RECORD_12]" classname="org.bukkit.PerMaterialTest" time="0"/>
</testsuite>