<?xml version="1.0" encoding="UTF-8"?>
<testsuite xmlns:xsi="http://www.w3.org/2001/XMLSchema-instance" xsi:schemaLocation="https://maven.apache.org/surefire/maven-surefire-plugin/xsd/surefire-test-report.xsd" name="org.bukkit.craftbukkit.inventory.FactoryItemMaterialTest" time="0.97" tests="1488" errors="0" skipped="0" failures="0">
  <properties>
[...]
</properties>
  <testcase name="blankEqualities[Material[0]:AIR]" classname="org.bukkit.craftbukkit.inventory.FactoryItemMaterialTest" time="0"/>
  <testcase name="generalCase[Material[0]:AIR]" classname="org.bukkit.craftbukkit.inventory.FactoryItemMaterialTest" time="0"/>
  <testcase name="asMetaFor[Material[0]:AIR]" classname="org.bukkit.craftbukkit.inventory.FactoryItemMaterialTest" time="0"/>
  <testcase name="itemStack[Material[0]:AIR]" classname="org.bukkit.craftbukkit.inventory.FactoryItemMaterialTest" time="0.019"/>
  <testcase name="blankEqualities[Material[1]:STONE]" classname="org.bukkit.craftbukkit.inventory.FactoryItemMaterialTest" time="0.007"/>
  <testcase name="generalCase[Material[1]:STONE]" classname="org.bukkit.craftbukkit.inventory.FactoryItemMaterialTest" time="0"/>
  <testcase name="asMetaFor[Material[1]:STONE]" classname="org.bukkit.craftbukkit.inventory.FactoryItemMaterialTest" time="0.035"/>
  <testcase name="itemStack[Material[1]:STONE]" classname="org.bukkit.craftbukkit.inventory.FactoryItemMaterialTest" time="0.001"/>
  <testcase name="blankEqualities[Material[2]:GRASS]" classname="org.bukkit.craftbukkit.inventory.FactoryItemMaterialTest" time="0.001"/>
  <testcase name="generalCase[Material[2]:GRASS]" classname="org.bukkit.craftbukkit.inventory.FactoryItemMaterialTest" time="0"/>
  <testcase name="asMetaFor[Material[2]:GRASS]" classname="org.bukkit.craftbukkit.inventory.FactoryItemMaterialTest" time="0.003"/>
  <testcase name="itemStack[Material[2]:GRASS]" classname="org.bukkit.craftbukkit.inventory.FactoryItemMaterialTest" time="0"/>
  <testcase name="blankEqualities[Material[3]:DIRT]" classname="org.bukkit.craftbukkit.inventory.FactoryItemMaterialTest" time="0.001"/>
  <testcase name="generalCase[Material[3]:DIRT]" classname="org.bukkit.craftbukkit.inventory.FactoryItemMaterialTest" time="0"/>
  <testcase name="asMetaFor[Material[3]:DIRT]" classname="org.bukkit.craftbukkit.inventory.FactoryItemMaterialTest" time="0.002"/>
  <testcase name="itemStack[Material[3]:DIRT]" classname="org.bukkit.craftbukkit.inventory.FactoryItemMaterialTest" time="0.001"/>
  <testcase name="blankEqualities[Material[4]:COBBLESTONE]" classname="org.bukkit.craftbukkit.inventory.FactoryItemMaterialTest" time="0.001"/>
  <testcase name="generalCase[Material[4]:COBBLESTONE]" classname="org.bukkit.craftbukkit.inventory.FactoryItemMaterialTest" time="0"/>
  <testcase name="asMetaFor[Material[4]:COBBLESTONE]" classname="org.bukkit.craftbukkit.inventory.FactoryItemMaterialTest" time="0.002"/>
  <testcase name="itemStack[Material[4]:COBBLESTONE]" classname="org.bukkit.craftbukkit.inventory.FactoryItemMaterialTest" time="0"/>
  <testcase name="blankEqualities[Material[5]:WOOD]" classname="org.bukkit.craftbukkit.inventory.FactoryItemMaterialTest" time="0.002"/>
  <testcase name="generalCase[Material[5]:WOOD]" classname="org.bukkit.craftbukkit.inventory.FactoryItemMaterialTest" time="0"/>
  <testcase name="asMetaFor[Material[5]:WOOD]" classname="org.bukkit.craftbukkit.inventory.FactoryItemMaterialTest" time="0.001"/>
  <testcase name="itemStack[Material[5]:WOOD]" classname="org.bukkit.craftbukkit.inventory.FactoryItemMaterialTest" time="0"/>
  <testcase name="blankEqualities[Material[6]:SAPLING]" classname="org.bukkit.craftbukkit.inventory.FactoryItemMaterialTest" time="0.001"/>
  <testcase name="generalCase[Material[6]:SAPLING]" classname="org.bukkit.craftbukkit.inventory.FactoryItemMaterialTest" time="0"/>
  <testcase name="asMetaFor[Material[6]:SAPLING]" classname="org.bukkit.craftbukkit.inventory.FactoryItemMaterialTest" time="0.002"/>
  <testcase name="itemStack[Material[6]:SAPLING]" classname="org.bukkit.craftbukkit.inventory.FactoryItemMaterialTest" time="0"/>
  <testcase name="blankEqualities[Material[7]:BEDROCK]" classname="org.bukkit.craftbukkit.inventory.FactoryItemMaterialTest" time="0"/>
  <testcase name="generalCase[Material[7]:BEDROCK]" classname="org.bukkit.craftbukkit.inventory.FactoryItemMaterialTest" time="0"/>
  <testcase name="asMetaFor[Material[7]:BEDROCK]" classname="org.bukkit.craftbukkit.inventory.FactoryItemMaterialTest" time="0.002"/>
  <testcase name="itemStack[Material[7]:BEDROCK]" classname="org.bukkit.craftbukkit.inventory.FactoryItemMaterialTest" time="0"/>
  <testcase name="blankEqualities[Material[8]:SAND]" classname="org.bukkit.craftbukkit.inventory.FactoryItemMaterialTest" time="0.001"/>
  <testcase name="generalCase[Material[8]:SAND]" classname="org.bukkit.craftbukkit.inventory.FactoryItemMaterialTest" time="0"/>
  <testcase name="asMetaFor[Material[8]:SAND]" classname="org.bukkit.craftbukkit.inventory.FactoryItemMaterialTest" time="0.004"/>
  <testcase name="itemStack[Material[8]:SAND]" classname="org.bukkit.craftbukkit.inventory.FactoryItemMaterialTest" time="0"/>
  <testcase name="blankEqualities[Material[9]:GRAVEL]" classname="org.bukkit.craftbukkit.inventory.FactoryItemMaterialTest" time="0"/>
  <testcase name="generalCase[Material[9]:GRAVEL]" classname="org.bukkit.craftbukkit.inventory.FactoryItemMaterialTest" time="0"/>
  <testcase name="asMetaFor[Material[9]:GRAVEL]" classname="org.bukkit.craftbukkit.inventory.FactoryItemMaterialTest" time="0.004"/>
  <testcase name="itemStack[Material[9]:GRAVEL]" classname="org.bukkit.craftbukkit.inventory.FactoryItemMaterialTest" time="0"/>
  <testcase name="blankEqualities[Material[10]:GOLD_ORE]" classname="org.bukkit.craftbukkit.inventory.FactoryItemMaterialTest" time="0"/>
  <testcase name="generalCase[Material[10]:GOLD_ORE]" classname="org.bukkit.craftbukkit.inventory.FactoryItemMaterialTest" time="0"/>
  <testcase name="asMetaFor[Material[10]:GOLD_ORE]" classname="org.bukkit.craftbukkit.inventory.FactoryItemMaterialTest" time="0.003"/>
  <testcase name="itemStack[Material[10]:GOLD_ORE]" classname="org.bukkit.craftbukkit.inventory.FactoryItemMaterialTest" time="0"/>
  <testcase name="blankEqualities[Material[11]:IRON_ORE]" classname="org.bukkit.craftbukkit.inventory.FactoryItemMaterialTest" time="0"/>
  <testcase name="generalCase[Material[11]:IRON_ORE]" classname="org.bukkit.craftbukkit.inventory.FactoryItemMaterialTest" time="0"/>
  <testcase name="asMetaFor[Material[11]:IRON_ORE]" classname="org.bukkit.craftbukkit.inventory.FactoryItemMaterialTest" time="0.002"/>
  <testcase name="itemStack[Material[11]:IRON_ORE]" classname="org.bukkit.craftbukkit.inventory.FactoryItemMaterialTest" time="0"/>
  <testcase name="blankEqualities[Material[12]:COAL_ORE]" classname="org.bukkit.craftbukkit.inventory.FactoryItemMaterialTest" time="0.005"/>
  <testcase name="generalCase[Material[12]:COAL_ORE]" classname="org.bukkit.craftbukkit.inventory.FactoryItemMaterialTest" time="0"/>
  <testcase name="asMetaFor[Material[12]:COAL_ORE]" classname="org.bukkit.craftbukkit.inventory.FactoryItemMaterialTest" time="0"/>
  <testcase name="itemStack[Material[12]:COAL_ORE]" classname="org.bukkit.craftbukkit.inventory.FactoryItemMaterialTest" time="0"/>
  <testcase name="blankEqualities[Material[13]:LOG]" classname="org.bukkit.craftbukkit.inventory.FactoryItemMaterialTest" time="0"/>
  <testcase name="generalCase[Material[13]:LOG]" classname="org.bukkit.craftbukkit.inventory.FactoryItemMaterialTest" time="0.002"/>
  <testcase name="asMetaFor[Material[13]:LOG]" classname="org.bukkit.craftbukkit.inventory.FactoryItemMaterialTest" time="0"/>
  <testcase name="itemStack[Material[13]:LOG]" classname="org.bukkit.craftbukkit.inventory.FactoryItemMaterialTest" time="0"/>
  <testcase name="blankEqualities[Material[14]:LEAVES]" classname="org.bukkit.craftbukkit.inventory.FactoryItemMaterialTest" time="0.001"/>
  <testcase name="generalCase[Material[14]:LEAVES]" classname="org.bukkit.craftbukkit.inventory.FactoryItemMaterialTest" time="0"/>
  <testcase name="asMetaFor[Material[14]:LEAVES]" classname="org.bukkit.craftbukkit.inventory.FactoryItemMaterialTest" time="0.002"/>
  <testcase name="itemStack[Material[14]:LEAVES]" classname="org.bukkit.craftbukkit.inventory.FactoryItemMaterialTest" time="0"/>
  <testcase name="blankEqualities[Material[15]:SPONGE]" classname="org.bukkit.craftbukkit.inventory.FactoryItemMaterialTest" time="0.002"/>
  <testcase name="generalCase[Material[15]:SPONGE]" classname="org.bukkit.craftbukkit.inventory.FactoryItemMaterialTest" time="0.001"/>
  <testcase name="asMetaFor[Material[15]:SPONGE]" classname="org.bukkit.craftbukkit.inventory.FactoryItemMaterialTest" time="0.002"/>
  <testcase name="itemStack[Material[15]:SPONGE]" classname="org.bukkit.craftbukkit.inventory.FactoryItemMaterialTest" time="0.001"/>
  <testcase name="blankEqualities[Material[16]:GLASS]" classname="org.bukkit.craftbukkit.inventory.FactoryItemMaterialTest" time="0.002"/>
  <testcase name="generalCase[Material[16]:GLASS]" classname="org.bukkit.craftbukkit.inventory.FactoryItemMaterialTest" time="0"/>
  <testcase name="asMetaFor[Material[16]:GLASS]" classname="org.bukkit.craftbukkit.inventory.FactoryItemMaterialTest" time="0.001"/>
  <testcase name="itemStack[Material[16]:GLASS]" classname="org.bukkit.craftbukkit.inventory.FactoryItemMaterialTest" time="0.001"/>
  <testcase name="blankEqualities[Material[17]:LAPIS_ORE]" classname="org.bukkit.craftbukkit.inventory.FactoryItemMaterialTest" time="0.001"/>
  <testcase name="generalCase[Material[17]:LAPIS_ORE]" classname="org.bukkit.craftbukkit.inventory.FactoryItemMaterialTest" time="0"/>
  <testcase name="asMetaFor[Material[17]:LAPIS_ORE]" classname="org.bukkit.craftbukkit.inventory.FactoryItemMaterialTest" time="0.001"/>
  <testcase name="itemStack[Material[17]:LAPIS_ORE]" classname="org.bukkit.craftbukkit.inventory.FactoryItemMaterialTest" time="0"/>
  <testcase name="blankEqualities[Material[18]:LAPIS_BLOCK]" classname="org.bukkit.craftbukkit.inventory.FactoryItemMaterialTest" time="0.002"/>
  <testcase name="generalCase[Material[18]:LAPIS_BLOCK]" classname="org.bukkit.craftbukkit.inventory.FactoryItemMaterialTest" time="0"/>
  <testcase name="asMetaFor[Material[18]:LAPIS_BLOCK]" classname="org.bukkit.craftbukkit.inventory.FactoryItemMaterialTest" time="0.001"/>
  <testcase name="itemStack[Material[18]:LAPIS_BLOCK]" classname="org.bukkit.craftbukkit.inventory.FactoryItemMaterialTest" time="0"/>
  <testcase name="blankEqualities[Material[19]:DISPENSER]" classname="org.bukkit.craftbukkit.inventory.FactoryItemMaterialTest" time="0.002"/>
  <testcase name="generalCase[Material[19]:DISPENSER]" classname="org.bukkit.craftbukkit.inventory.FactoryItemMaterialTest" time="0"/>
  <testcase name="asMetaFor[Material[19]:DISPENSER]" classname="org.bukkit.craftbukkit.inventory.FactoryItemMaterialTest" time="0.002"/>
  <testcase name="itemStack[Material[19]:DISPENSER]" classname="org.bukkit.craftbukkit.inventory.FactoryItemMaterialTest" time="0"/>
  <testcase name="blankEqualities[Material[20]:SANDSTONE]" classname="org.bukkit.craftbukkit.inventory.FactoryItemMaterialTest" time="0.001"/>
  <testcase name="generalCase[Material[20]:SANDSTONE]" classname="org.bukkit.craftbukkit.inventory.FactoryItemMaterialTest" time="0"/>
  <testcase name="asMetaFor[Material[20]:SANDSTONE]" classname="org.bukkit.craftbukkit.inventory.FactoryItemMaterialTest" time="0.003"/>
  <testcase name="itemStack[Material[20]:SANDSTONE]" classname="org.bukkit.craftbukkit.inventory.FactoryItemMaterialTest" time="0"/>
  <testcase name="blankEqualities[Material[21]:NOTE_BLOCK]" classname="org.bukkit.craftbukkit.inventory.FactoryItemMaterialTest" time="0"/>
  <testcase name="generalCase[Material[21]:NOTE_BLOCK]" classname="org.bukkit.craftbukkit.inventory.FactoryItemMaterialTest" time="0"/>
  <testcase name="asMetaFor[Material[21]:NOTE_BLOCK]" classname="org.bukkit.craftbukkit.inventory.FactoryItemMaterialTest" time="0.001"/>
  <testcase name="itemStack[Material[21]:NOTE_BLOCK]" classname="org.bukkit.craftbukkit.inventory.FactoryItemMaterialTest" time="0"/>
  <testcase name="blankEqualities[Material[22]:POWERED_RAIL]" classname="org.bukkit.craftbukkit.inventory.FactoryItemMaterialTest" time="0.001"/>
  <testcase name="generalCase[Material[22]:POWERED_RAIL]" classname="org.bukkit.craftbukkit.inventory.FactoryItemMaterialTest" time="0"/>
  <testcase name="asMetaFor[Material[22]:POWERED_RAIL]" classname="org.bukkit.craftbukkit.inventory.FactoryItemMaterialTest" time="0.002"/>
  <testcase name="itemStack[Material[22]:POWERED_RAIL]" classname="org.bukkit.craftbukkit.inventory.FactoryItemMaterialTest" time="0"/>
  <testcase name="blankEqualities[Material[23]:DETECTOR_RAIL]" classname="org.bukkit.craftbukkit.inventory.FactoryItemMaterialTest" time="0"/>
  <testcase name="generalCase[Material[23]:DETECTOR_RAIL]" classname="org.bukkit.craftbukkit.inventory.FactoryItemMaterialTest" time="0"/>
  <testcase name="asMetaFor[Material[23]:DETECTOR_RAIL]" classname="org.bukkit.craftbukkit.inventory.FactoryItemMaterialTest" time="0.002"/>
  <testcase name="itemStack[Material[23]:DETECTOR_RAIL]" classname="org.bukkit.craftbukkit.inventory.FactoryItemMaterialTest" time="0"/>
  <testcase name="blankEqualities[Material[24]:PISTON_STICKY_BASE]" classname="org.bukkit.craftbukkit.inventory.FactoryItemMaterialTest" time="0.002"/>
  <testcase name="generalCase[Material[24]:PISTON_STICKY_BASE]" classname="org.bukkit.craftbukkit.inventory.FactoryItemMaterialTest" time="0"/>
  <testcase name="asMetaFor[Material[24]:PISTON_STICKY_BASE]" classname="org.bukkit.craftbukkit.inventory.FactoryItemMaterialTest" time="0.003"/>
  <testcase name="itemStack[Material[24]:PISTON_STICKY_BASE]" classname="org.bukkit.craftbukkit.inventory.FactoryItemMaterialTest" time="0"/>
  <testcase name="blankEqualities[Material[25]:WEB]" classname="org.bukkit.craftbukkit.inventory.FactoryItemMaterialTest" time="0"/>
  <testcase name="generalCase[Material[25]:WEB]" classname="org.bukkit.craftbukkit.inventory.FactoryItemMaterialTest" time="0"/>
  <testcase name="asMetaFor[Material[25]:WEB]" classname="org.bukkit.craftbukkit.inventory.FactoryItemMaterialTest" time="0.001"/>
  <testcase name="itemStack[Material[25]:WEB]" classname="org.bukkit.craftbukkit.inventory.FactoryItemMaterialTest" time="0"/>
  <testcase name="blankEqualities[Material[26]:LONG_GRASS]" classname="org.bukkit.craftbukkit.inventory.FactoryItemMaterialTest" time="0.003"/>
  <testcase name="generalCase[Material[26]:LONG_GRASS]" classname="org.bukkit.craftbukkit.inventory.FactoryItemMaterialTest" time="0"/>
  <testcase name="asMetaFor[Material[26]:LONG_GRASS]" classname="org.bukkit.craftbukkit.inventory.FactoryItemMaterialTest" time="0"/>
  <testcase name="itemStack[Material[26]:LONG_GRASS]" classname="org.bukkit.craftbukkit.inventory.FactoryItemMaterialTest" time="0"/>
  <testcase name="blankEqualities[Material[27]:DEAD_BUSH]" classname="org.bukkit.craftbukkit.inventory.FactoryItemMaterialTest" time="0.002"/>
  <testcase name="generalCase[Material[27]:DEAD_BUSH]" classname="org.bukkit.craftbukkit.inventory.FactoryItemMaterialTest" time="0"/>
  <testcase name="asMetaFor[Material[27]:DEAD_BUSH]" classname="org.bukkit.craftbukkit.inventory.FactoryItemMaterialTest" time="0.001"/>
  <testcase name="itemStack[Material[27]:DEAD_BUSH]" classname="org.bukkit.craftbukkit.inventory.FactoryItemMaterialTest" time="0"/>
  <testcase name="blankEqualities[Material[28]:PISTON_BASE]" classname="org.bukkit.craftbukkit.inventory.FactoryItemMaterialTest" time="0.002"/>
  <testcase name="generalCase[Material[28]:PISTON_BASE]" classname="org.bukkit.craftbukkit.inventory.FactoryItemMaterialTest" time="0"/>
  <testcase name="asMetaFor[Material[28]:PISTON_BASE]" classname="org.bukkit.craftbukkit.inventory.FactoryItemMaterialTest" time="0.001"/>
  <testcase name="itemStack[Material[28]:PISTON_BASE]" classname="org.bukkit.craftbukkit.inventory.FactoryItemMaterialTest" time="0"/>
  <testcase name="blankEqualities[Material[29]:WOOL]" classname="org.bukkit.craftbukkit.inventory.FactoryItemMaterialTest" time="0.003"/>
  <testcase name="generalCase[Material[29]:WOOL]" classname="org.bukkit.craftbukkit.inventory.FactoryItemMaterialTest" time="0"/>
  <testcase name="asMetaFor[Material[29]:WOOL]" classname="org.bukkit.craftbukkit.inventory.FactoryItemMaterialTest" time="0.002"/>
  <testcase name="itemStack[Material[29]:WOOL]" classname="org.bukkit.craftbukkit.inventory.FactoryItemMaterialTest" time="0"/>
  <testcase name="blankEqualities[Material[30]:YELLOW_FLOWER]" classname="org.bukkit.craftbukkit.inventory.FactoryItemMaterialTest" time="0.002"/>
  <testcase name="generalCase[Material[30]:YELLOW_FLOWER]" classname="org.bukkit.craftbukkit.inventory.FactoryItemMaterialTest" time="0"/>
  <testcase name="asMetaFor[Material[30]:YELLOW_FLOWER]" classname="org.bukkit.craftbukkit.inventory.FactoryItemMaterialTest" time="0.002"/>
  <testcase name="itemStack[Material[30]:YELLOW_FLOWER]" classname="org.bukkit.craftbukkit.inventory.FactoryItemMaterialTest" time="0"/>
  <testcase name="blankEqualities[Material[31]:RED_ROSE]" classname="org.bukkit.craftbukkit.inventory.FactoryItemMaterialTest" time="0.001"/>
  <testcase name="generalCase[Material[31]:RED_ROSE]" classname="org.bukkit.craftbukkit.inventory.FactoryItemMaterialTest" time="0"/>
  <testcase name="asMetaFor[Material[31]:RED_ROSE]" classname="org.bukkit.craftbukkit.inventory.FactoryItemMaterialTest" time="0.002"/>
  <testcase name="itemStack[Material[31]:RED_ROSE]" classname="org.bukkit.craftbukkit.inventory.FactoryItemMaterialTest" time="0"/>
  <testcase name="blankEqualities[Material[32]:BROWN_MUSHROOM]" classname="org.bukkit.craftbukkit.inventory.FactoryItemMaterialTest" time="0.001"/>
  <testcase name="generalCase[Material[32]:BROWN_MUSHROOM]" classname="org.bukkit.craftbukkit.inventory.FactoryItemMaterialTest" time="0"/>
  <testcase name="asMetaFor[Material[32]:BROWN_MUSHROOM]" classname="org.bukkit.craftbukkit.inventory.FactoryItemMaterialTest" time="0.002"/>
  <testcase name="itemStack[Material[32]:BROWN_MUSHROOM]" classname="org.bukkit.craftbukkit.inventory.FactoryItemMaterialTest" time="0"/>
  <testcase name="blankEqualities[Material[33]:RED_MUSHROOM]" classname="org.bukkit.craftbukkit.inventory.FactoryItemMaterialTest" time="0.001"/>
  <testcase name="generalCase[Material[33]:RED_MUSHROOM]" classname="org.bukkit.craftbukkit.inventory.FactoryItemMaterialTest" time="0"/>
  <testcase name="asMetaFor[Material[33]:RED_MUSHROOM]" classname="org.bukkit.craftbukkit.inventory.FactoryItemMaterialTest" time="0.002"/>
  <testcase name="itemStack[Material[33]:RED_MUSHROOM]" classname="org.bukkit.craftbukkit.inventory.FactoryItemMaterialTest" time="0"/>
  <testcase name="blankEqualities[Material[34]:GOLD_BLOCK]" classname="org.bukkit.craftbukkit.inventory.FactoryItemMaterialTest" time="0.002"/>
  <testcase name="generalCase[Material[34]:GOLD_BLOCK]" classname="org.bukkit.craftbukkit.inventory.FactoryItemMaterialTest" time="0"/>
  <testcase name="asMetaFor[Material[34]:GOLD_BLOCK]" classname="org.bukkit.craftbukkit.inventory.FactoryItemMaterialTest" time="0.002"/>
  <testcase name="itemStack[Material[34]:GOLD_BLOCK]" classname="org.bukkit.craftbukkit.inventory.FactoryItemMaterialTest" time="0.001"/>
  <testcase name="blankEqualities[Material[35]:IRON_BLOCK]" classname="org.bukkit.craftbukkit.inventory.FactoryItemMaterialTest" time="0.002"/>
  <testcase name="generalCase[Material[35]:IRON_BLOCK]" classname="org.bukkit.craftbukkit.inventory.FactoryItemMaterialTest" time="0"/>
  <testcase name="asMetaFor[Material[35]:IRON_BLOCK]" classname="org.bukkit.craftbukkit.inventory.FactoryItemMaterialTest" time="0.001"/>
  <testcase name="itemStack[Material[35]:IRON_BLOCK]" classname="org.bukkit.craftbukkit.inventory.FactoryItemMaterialTest" time="0"/>
  <testcase name="blankEqualities[Material[36]:STEP]" classname="org.bukkit.craftbukkit.inventory.FactoryItemMaterialTest" time="0.002"/>
  <testcase name="generalCase[Material[36]:STEP]" classname="org.bukkit.craftbukkit.inventory.FactoryItemMaterialTest" time="0"/>
  <testcase name="asMetaFor[Material[36]:STEP]" classname="org.bukkit.craftbukkit.inventory.FactoryItemMaterialTest" time="0.002"/>
  <testcase name="itemStack[Material[36]:STEP]" classname="org.bukkit.craftbukkit.inventory.FactoryItemMaterialTest" time="0"/>
  <testcase name="blankEqualities[Material[37]:BRICK]" classname="org.bukkit.craftbukkit.inventory.FactoryItemMaterialTest" time="0.001"/>
  <testcase name="generalCase[Material[37]:BRICK]" classname="org.bukkit.craftbukkit.inventory.FactoryItemMaterialTest" time="0"/>
  <testcase name="asMetaFor[Material[37]:BRICK]" classname="org.bukkit.craftbukkit.inventory.FactoryItemMaterialTest" time="0.002"/>
  <testcase name="itemStack[Material[37]:BRICK]" classname="org.bukkit.craftbukkit.inventory.FactoryItemMaterialTest" time="0"/>
  <testcase name="blankEqualities[Material[38]:TNT]" classname="org.bukkit.craftbukkit.inventory.FactoryItemMaterialTest" time="0.002"/>
  <testcase name="generalCase[Material[38]:TNT]" classname="org.bukkit.craftbukkit.inventory.FactoryItemMaterialTest" time="0"/>
  <testcase name="asMetaFor[Material[38]:TNT]" classname="org.bukkit.craftbukkit.inventory.FactoryItemMaterialTest" time="0.002"/>
  <testcase name="itemStack[Material[38]:TNT]" classname="org.bukkit.craftbukkit.inventory.FactoryItemMaterialTest" time="0"/>
  <testcase name="blankEqualities[Material[39]:BOOKSHELF]" classname="org.bukkit.craftbukkit.inventory.FactoryItemMaterialTest" time="0.002"/>
  <testcase name="generalCase[Material[39]:BOOKSHELF]" classname="org.bukkit.craftbukkit.inventory.FactoryItemMaterialTest" time="0"/>
  <testcase name="asMetaFor[Material[39]:BOOKSHELF]" classname="org.bukkit.craftbukkit.inventory.FactoryItemMaterialTest" time="0.001"/>
  <testcase name="itemStack[Material[39]:BOOKSHELF]" classname="org.bukkit.craftbukkit.inventory.FactoryItemMaterialTest" time="0"/>
  <testcase name="blankEqualities[Material[40]:MOSSY_COBBLESTONE]" classname="org.bukkit.craftbukkit.inventory.FactoryItemMaterialTest" time="0.001"/>
  <testcase name="generalCase[Material[40]:MOSSY_COBBLESTONE]" classname="org.bukkit.craftbukkit.inventory.FactoryItemMaterialTest" time="0"/>
  <testcase name="asMetaFor[Material[40]:MOSSY_COBBLESTONE]" classname="org.bukkit.craftbukkit.inventory.FactoryItemMaterialTest" time="0.001"/>
  <testcase name="itemStack[Material[40]:MOSSY_COBBLESTONE]" classname="org.bukkit.craftbukkit.inventory.FactoryItemMaterialTest" time="0"/>
  <testcase name="blankEqualities[Material[41]:OBSIDIAN]" classname="org.bukkit.craftbukkit.inventory.FactoryItemMaterialTest" time="0.001"/>
  <testcase name="generalCase[Material[41]:OBSIDIAN]" classname="org.bukkit.craftbukkit.inventory.FactoryItemMaterialTest" time="0"/>
  <testcase name="asMetaFor[Material[41]:OBSIDIAN]" classname="org.bukkit.craftbukkit.inventory.FactoryItemMaterialTest" time="0.002"/>
  <testcase name="itemStack[Material[41]:OBSIDIAN]" classname="org.bukkit.craftbukkit.inventory.FactoryItemMaterialTest" time="0"/>
  <testcase name="blankEqualities[Material[42]:TORCH]" classname="org.bukkit.craftbukkit.inventory.FactoryItemMaterialTest" time="0.007"/>
  <testcase name="generalCase[Material[42]:TORCH]" classname="org.bukkit.craftbukkit.inventory.FactoryItemMaterialTest" time="0"/>
  <testcase name="asMetaFor[Material[42]:TORCH]" classname="org.bukkit.craftbukkit.inventory.FactoryItemMaterialTest" time="0.002"/>
  <testcase name="itemStack[Material[42]:TORCH]" classname="org.bukkit.craftbukkit.inventory.FactoryItemMaterialTest" time="0"/>
  <testcase name="blankEqualities[Material[43]:MOB_SPAWNER]" classname="org.bukkit.craftbukkit.inventory.FactoryItemMaterialTest" time="0.002"/>
  <testcase name="generalCase[Material[43]:MOB_SPAWNER]" classname="org.bukkit.craftbukkit.inventory.FactoryItemMaterialTest" time="0.001"/>
  <testcase name="asMetaFor[Material[43]:MOB_SPAWNER]" classname="org.bukkit.craftbukkit.inventory.FactoryItemMaterialTest" time="0.012"/>
  <testcase name="itemStack[Material[43]:MOB_SPAWNER]" classname="org.bukkit.craftbukkit.inventory.FactoryItemMaterialTest" time="0"/>
  <testcase name="blankEqualities[Material[44]:WOOD_STAIRS]" classname="org.bukkit.craftbukkit.inventory.FactoryItemMaterialTest" time="0.002"/>
  <testcase name="generalCase[Material[44]:WOOD_STAIRS]" classname="org.bukkit.craftbukkit.inventory.FactoryItemMaterialTest" time="0"/>
  <testcase name="asMetaFor[Material[44]:WOOD_STAIRS]" classname="org.bukkit.craftbukkit.inventory.FactoryItemMaterialTest" time="0.003"/>
  <testcase name="itemStack[Material[44]:WOOD_STAIRS]" classname="org.bukkit.craftbukkit.inventory.FactoryItemMaterialTest" time="0"/>
  <testcase name="blankEqualities[Material[45]:CHEST]" classname="org.bukkit.craftbukkit.inventory.FactoryItemMaterialTest" time="0.003"/>
  <testcase name="generalCase[Material[45]:CHEST]" classname="org.bukkit.craftbukkit.inventory.FactoryItemMaterialTest" time="0"/>
  <testcase name="asMetaFor[Material[45]:CHEST]" classname="org.bukkit.craftbukkit.inventory.FactoryItemMaterialTest" time="0.002"/>
  <testcase name="itemStack[Material[45]:CHEST]" classname="org.bukkit.craftbukkit.inventory.FactoryItemMaterialTest" time="0.001"/>
  <testcase name="blankEqualities[Material[46]:DIAMOND_ORE]" classname="org.bukkit.craftbukkit.inventory.FactoryItemMaterialTest" time="0.002"/>
  <testcase name="generalCase[Material[46]:DIAMOND_ORE]" classname="org.bukkit.craftbukkit.inventory.FactoryItemMaterialTest" time="0"/>
  <testcase name="asMetaFor[Material[46]:DIAMOND_ORE]" classname="org.bukkit.craftbukkit.inventory.FactoryItemMaterialTest" time="0.002"/>
  <testcase name="itemStack[Material[46]:DIAMOND_ORE]" classname="org.bukkit.craftbukkit.inventory.FactoryItemMaterialTest" time="0"/>
  <testcase name="blankEqualities[Material[47]:DIAMOND_BLOCK]" classname="org.bukkit.craftbukkit.inventory.FactoryItemMaterialTest" time="0.001"/>
  <testcase name="generalCase[Material[47]:DIAMOND_BLOCK]" classname="org.bukkit.craftbukkit.inventory.FactoryItemMaterialTest" time="0.001"/>
  <testcase name="asMetaFor[Material[47]:DIAMOND_BLOCK]" classname="org.bukkit.craftbukkit.inventory.FactoryItemMaterialTest" time="0.001"/>
  <testcase name="itemStack[Material[47]:DIAMOND_BLOCK]" classname="org.bukkit.craftbukkit.inventory.FactoryItemMaterialTest" time="0"/>
  <testcase name="blankEqualities[Material[48]:WORKBENCH]" classname="org.bukkit.craftbukkit.inventory.FactoryItemMaterialTest" time="0.001"/>
  <testcase name="generalCase[Material[48]:WORKBENCH]" classname="org.bukkit.craftbukkit.inventory.FactoryItemMaterialTest" time="0"/>
  <testcase name="asMetaFor[Material[48]:WORKBENCH]" classname="org.bukkit.craftbukkit.inventory.FactoryItemMaterialTest" time="0.002"/>
  <testcase name="itemStack[Material[48]:WORKBENCH]" classname="org.bukkit.craftbukkit.inventory.FactoryItemMaterialTest" time="0"/>
  <testcase name="blankEqualities[Material[49]:SOIL]" classname="org.bukkit.craftbukkit.inventory.FactoryItemMaterialTest" time="0.001"/>
  <testcase name="generalCase[Material[49]:SOIL]" classname="org.bukkit.craftbukkit.inventory.FactoryItemMaterialTest" time="0"/>
  <testcase name="asMetaFor[Material[49]:SOIL]" classname="org.bukkit.craftbukkit.inventory.FactoryItemMaterialTest" time="0.001"/>
  <testcase name="itemStack[Material[49]:SOIL]" classname="org.bukkit.craftbukkit.inventory.FactoryItemMaterialTest" time="0"/>
  <testcase name="blankEqualities[Material[50]:FURNACE]" classname="org.bukkit.craftbukkit.inventory.FactoryItemMaterialTest" time="0.002"/>
  <testcase name="generalCase[Material[50]:FURNACE]" classname="org.bukkit.craftbukkit.inventory.FactoryItemMaterialTest" time="0"/>
  <testcase name="asMetaFor[Material[50]:FURNACE]" classname="org.bukkit.craftbukkit.inventory.FactoryItemMaterialTest" time="0.001"/>
  <testcase name="itemStack[Material[50]:FURNACE]" classname="org.bukkit.craftbukkit.inventory.FactoryItemMaterialTest" time="0"/>
  <testcase name="blankEqualities[Material[51]:LADDER]" classname="org.bukkit.craftbukkit.inventory.FactoryItemMaterialTest" time="0.002"/>
  <testcase name="generalCase[Material[51]:LADDER]" classname="org.bukkit.craftbukkit.inventory.FactoryItemMaterialTest" time="0"/>
  <testcase name="asMetaFor[Material[51]:LADDER]" classname="org.bukkit.craftbukkit.inventory.FactoryItemMaterialTest" time="0.001"/>
  <testcase name="itemStack[Material[51]:LADDER]" classname="org.bukkit.craftbukkit.inventory.FactoryItemMaterialTest" time="0"/>
  <testcase name="blankEqualities[Material[52]:RAILS]" classname="org.bukkit.craftbukkit.inventory.FactoryItemMaterialTest" time="0.002"/>
  <testcase name="generalCase[Material[52]:RAILS]" classname="org.bukkit.craftbukkit.inventory.FactoryItemMaterialTest" time="0"/>
  <testcase name="asMetaFor[Material[52]:RAILS]" classname="org.bukkit.craftbukkit.inventory.FactoryItemMaterialTest" time="0.001"/>
  <testcase name="itemStack[Material[52]:RAILS]" classname="org.bukkit.craftbukkit.inventory.FactoryItemMaterialTest" time="0"/>
  <testcase name="blankEqualities[Material[53]:COBBLESTONE_STAIRS]" classname="org.bukkit.craftbukkit.inventory.FactoryItemMaterialTest" time="0.002"/>
  <testcase name="generalCase[Material[53]:COBBLESTONE_STAIRS]" classname="org.bukkit.craftbukkit.inventory.FactoryItemMaterialTest" time="0"/>
  <testcase name="asMetaFor[Material[53]:COBBLESTONE_STAIRS]" classname="org.bukkit.craftbukkit.inventory.FactoryItemMaterialTest" time="0.002"/>
  <testcase name="itemStack[Material[53]:COBBLESTONE_STAIRS]" classname="org.bukkit.craftbukkit.inventory.FactoryItemMaterialTest" time="0"/>
  <testcase name="blankEqualities[Material[54]:LEVER]" classname="org.bukkit.craftbukkit.inventory.FactoryItemMaterialTest" time="0.002"/>
  <testcase name="generalCase[Material[54]:LEVER]" classname="org.bukkit.craftbukkit.inventory.FactoryItemMaterialTest" time="0.001"/>
  <testcase name="asMetaFor[Material[54]:LEVER]" classname="org.bukkit.craftbukkit.inventory.FactoryItemMaterialTest" time="0.002"/>
  <testcase name="itemStack[Material[54]:LEVER]" classname="org.bukkit.craftbukkit.inventory.FactoryItemMaterialTest" time="0"/>
  <testcase name="blankEqualities[Material[55]:STONE_PLATE]" classname="org.bukkit.craftbukkit.inventory.FactoryItemMaterialTest" time="0.001"/>
  <testcase name="generalCase[Material[55]:STONE_PLATE]" classname="org.bukkit.craftbukkit.inventory.FactoryItemMaterialTest" time="0.001"/>
  <testcase name="asMetaFor[Material[55]:STONE_PLATE]" classname="org.bukkit.craftbukkit.inventory.FactoryItemMaterialTest" time="0.001"/>
  <testcase name="itemStack[Material[55]:STONE_PLATE]" classname="org.bukkit.craftbukkit.inventory.FactoryItemMaterialTest" time="0"/>
  <testcase name="blankEqualities[Material[56]:WOOD_PLATE]" classname="org.bukkit.craftbukkit.inventory.FactoryItemMaterialTest" time="0.002"/>
  <testcase name="generalCase[Material[56]:WOOD_PLATE]" classname="org.bukkit.craftbukkit.inventory.FactoryItemMaterialTest" time="0"/>
  <testcase name="asMetaFor[Material[56]:WOOD_PLATE]" classname="org.bukkit.craftbukkit.inventory.FactoryItemMaterialTest" time="0.001"/>
  <testcase name="itemStack[Material[56]:WOOD_PLATE]" classname="org.bukkit.craftbukkit.inventory.FactoryItemMaterialTest" time="0.001"/>
  <testcase name="blankEqualities[Material[57]:REDSTONE_ORE]" classname="org.bukkit.craftbukkit.inventory.FactoryItemMaterialTest" time="0.001"/>
  <testcase name="generalCase[Material[57]:REDSTONE_ORE]" classname="org.bukkit.craftbukkit.inventory.FactoryItemMaterialTest" time="0"/>
  <testcase name="asMetaFor[Material[57]:REDSTONE_ORE]" classname="org.bukkit.craftbukkit.inventory.FactoryItemMaterialTest" time="0.002"/>
  <testcase name="itemStack[Material[57]:REDSTONE_ORE]" classname="org.bukkit.craftbukkit.inventory.FactoryItemMaterialTest" time="0"/>
  <testcase name="blankEqualities[Material[58]:REDSTONE_TORCH_ON]" classname="org.bukkit.craftbukkit.inventory.FactoryItemMaterialTest" time="0.001"/>
  <testcase name="generalCase[Material[58]:REDSTONE_TORCH_ON]" classname="org.bukkit.craftbukkit.inventory.FactoryItemMaterialTest" time="0"/>
  <testcase name="asMetaFor[Material[58]:REDSTONE_TORCH_ON]" classname="org.bukkit.craftbukkit.inventory.FactoryItemMaterialTest" time="0.001"/>
  <testcase name="itemStack[Material[58]:REDSTONE_TORCH_ON]" classname="org.bukkit.craftbukkit.inventory.FactoryItemMaterialTest" time="0"/>
  <testcase name="blankEqualities[Material[59]:STONE_BUTTON]" classname="org.bukkit.craftbukkit.inventory.FactoryItemMaterialTest" time="0.002"/>
  <testcase name="generalCase[Material[59]:STONE_BUTTON]" classname="org.bukkit.craftbukkit.inventory.FactoryItemMaterialTest" time="0"/>
  <testcase name="asMetaFor[Material[59]:STONE_BUTTON]" classname="org.bukkit.craftbukkit.inventory.FactoryItemMaterialTest" time="0.001"/>
  <testcase name="itemStack[Material[59]:STONE_BUTTON]" classname="org.bukkit.craftbukkit.inventory.FactoryItemMaterialTest" time="0.001"/>
  <testcase name="blankEqualities[Material[60]:SNOW]" classname="org.bukkit.craftbukkit.inventory.FactoryItemMaterialTest" time="0.001"/>
  <testcase name="generalCase[Material[60]:SNOW]" classname="org.bukkit.craftbukkit.inventory.FactoryItemMaterialTest" time="0"/>
  <testcase name="asMetaFor[Material[60]:SNOW]" classname="org.bukkit.craftbukkit.inventory.FactoryItemMaterialTest" time="0.002"/>
  <testcase name="itemStack[Material[60]:SNOW]" classname="org.bukkit.craftbukkit.inventory.FactoryItemMaterialTest" time="0"/>
  <testcase name="blankEqualities[Material[61]:ICE]" classname="org.bukkit.craftbukkit.inventory.FactoryItemMaterialTest" time="0.002"/>
  <testcase name="generalCase[Material[61]:ICE]" classname="org.bukkit.craftbukkit.inventory.FactoryItemMaterialTest" time="0"/>
  <testcase name="asMetaFor[Material[61]:ICE]" classname="org.bukkit.craftbukkit.inventory.FactoryItemMaterialTest" time="0.001"/>
  <testcase name="itemStack[Material[61]:ICE]" classname="org.bukkit.craftbukkit.inventory.FactoryItemMaterialTest" time="0"/>
  <testcase name="blankEqualities[Material[62]:SNOW_BLOCK]" classname="org.bukkit.craftbukkit.inventory.FactoryItemMaterialTest" time="0.002"/>
  <testcase name="generalCase[Material[62]:SNOW_BLOCK]" classname="org.bukkit.craftbukkit.inventory.FactoryItemMaterialTest" time="0"/>
  <testcase name="asMetaFor[Material[62]:SNOW_BLOCK]" classname="org.bukkit.craftbukkit.inventory.FactoryItemMaterialTest" time="0.001"/>
  <testcase name="itemStack[Material[62]:SNOW_BLOCK]" classname="org.bukkit.craftbukkit.inventory.FactoryItemMaterialTest" time="0"/>
  <testcase name="blankEqualities[Material[63]:CACTUS]" classname="org.bukkit.craftbukkit.inventory.FactoryItemMaterialTest" time="0.001"/>
  <testcase name="generalCase[Material[63]:CACTUS]" classname="org.bukkit.craftbukkit.inventory.FactoryItemMaterialTest" time="0"/>
  <testcase name="asMetaFor[Material[63]:CACTUS]" classname="org.bukkit.craftbukkit.inventory.FactoryItemMaterialTest" time="0.001"/>
  <testcase name="itemStack[Material[63]:CACTUS]" classname="org.bukkit.craftbukkit.inventory.FactoryItemMaterialTest" time="0"/>
  <testcase name="blankEqualities[Material[64]:CLAY]" classname="org.bukkit.craftbukkit.inventory.FactoryItemMaterialTest" time="0.001"/>
  <testcase name="generalCase[Material[64]:CLAY]" classname="org.bukkit.craftbukkit.inventory.FactoryItemMaterialTest" time="0"/>
  <testcase name="asMetaFor[Material[64]:CLAY]" classname="org.bukkit.craftbukkit.inventory.FactoryItemMaterialTest" time="0.002"/>
  <testcase name="itemStack[Material[64]:CLAY]" classname="org.bukkit.craftbukkit.inventory.FactoryItemMaterialTest" time="0"/>
  <testcase name="blankEqualities[Material[65]:JUKEBOX]" classname="org.bukkit.craftbukkit.inventory.FactoryItemMaterialTest" time="0.001"/>
  <testcase name="generalCase[Material[65]:JUKEBOX]" classname="org.bukkit.craftbukkit.inventory.FactoryItemMaterialTest" time="0"/>
  <testcase name="asMetaFor[Material[65]:JUKEBOX]" classname="org.bukkit.craftbukkit.inventory.FactoryItemMaterialTest" time="0.001"/>
  <testcase name="itemStack[Material[65]:JUKEBOX]" classname="org.bukkit.craftbukkit.inventory.FactoryItemMaterialTest" time="0.001"/>
  <testcase name="blankEqualities[Material[66]:FENCE]" classname="org.bukkit.craftbukkit.inventory.FactoryItemMaterialTest" time="0.001"/>
  <testcase name="generalCase[Material[66]:FENCE]" classname="org.bukkit.craftbukkit.inventory.FactoryItemMaterialTest" time="0"/>
  <testcase name="asMetaFor[Material[66]:FENCE]" classname="org.bukkit.craftbukkit.inventory.FactoryItemMaterialTest" time="0.001"/>
  <testcase name="itemStack[Material[66]:FENCE]" classname="org.bukkit.craftbukkit.inventory.FactoryItemMaterialTest" time="0"/>
  <testcase name="blankEqualities[Material[67]:PUMPKIN]" classname="org.bukkit.craftbukkit.inventory.FactoryItemMaterialTest" time="0.001"/>
  <testcase name="generalCase[Material[67]:PUMPKIN]" classname="org.bukkit.craftbukkit.inventory.FactoryItemMaterialTest" time="0"/>
  <testcase name="asMetaFor[Material[67]:PUMPKIN]" classname="org.bukkit.craftbukkit.inventory.FactoryItemMaterialTest" time="0.001"/>
  <testcase name="itemStack[Material[67]:PUMPKIN]" classname="org.bukkit.craftbukkit.inventory.FactoryItemMaterialTest" time="0"/>
  <testcase name="blankEqualities[Material[68]:NETHERRACK]" classname="org.bukkit.craftbukkit.inventory.FactoryItemMaterialTest" time="0.001"/>
  <testcase name="generalCase[Material[68]:NETHERRACK]" classname="org.bukkit.craftbukkit.inventory.FactoryItemMaterialTest" time="0"/>
  <testcase name="asMetaFor[Material[68]:NETHERRACK]" classname="org.bukkit.craftbukkit.inventory.FactoryItemMaterialTest" time="0.001"/>
  <testcase name="itemStack[Material[68]:NETHERRACK]" classname="org.bukkit.craftbukkit.inventory.FactoryItemMaterialTest" time="0"/>
  <testcase name="blankEqualities[Material[69]:SOUL_SAND]" classname="org.bukkit.craftbukkit.inventory.FactoryItemMaterialTest" time="0.001"/>
  <testcase name="generalCase[Material[69]:SOUL_SAND]" classname="org.bukkit.craftbukkit.inventory.FactoryItemMaterialTest" time="0"/>
  <testcase name="asMetaFor[Material[69]:SOUL_SAND]" classname="org.bukkit.craftbukkit.inventory.FactoryItemMaterialTest" time="0.001"/>
  <testcase name="itemStack[Material[69]:SOUL_SAND]" classname="org.bukkit.craftbukkit.inventory.FactoryItemMaterialTest" time="0"/>
  <testcase name="blankEqualities[Material[70]:GLOWSTONE]" classname="org.bukkit.craftbukkit.inventory.FactoryItemMaterialTest" time="0.001"/>
  <testcase name="generalCase[Material[70]:GLOWSTONE]" classname="org.bukkit.craftbukkit.inventory.FactoryItemMaterialTest" time="0"/>
  <testcase name="asMetaFor[Material[70]:GLOWSTONE]" classname="org.bukkit.craftbukkit.inventory.FactoryItemMaterialTest" time="0.001"/>
  <testcase name="itemStack[Material[70]:GLOWSTONE]" classname="org.bukkit.craftbukkit.inventory.FactoryItemMaterialTest" time="0"/>
  <testcase name="blankEqualities[Material[71]:JACK_O_LANTERN]" classname="org.bukkit.craftbukkit.inventory.FactoryItemMaterialTest" time="0.002"/>
  <testcase name="generalCase[Material[71]:JACK_O_LANTERN]" classname="org.bukkit.craftbukkit.inventory.FactoryItemMaterialTest" time="0"/>
  <testcase name="asMetaFor[Material[71]:JACK_O_LANTERN]" classname="org.bukkit.craftbukkit.inventory.FactoryItemMaterialTest" time="0.001"/>
  <testcase name="itemStack[Material[71]:JACK_O_LANTERN]" classname="org.bukkit.craftbukkit.inventory.FactoryItemMaterialTest" time="0"/>
  <testcase name="blankEqualities[Material[72]:STAINED_GLASS]" classname="org.bukkit.craftbukkit.inventory.FactoryItemMaterialTest" time="0.001"/>
  <testcase name="generalCase[Material[72]:STAINED_GLASS]" classname="org.bukkit.craftbukkit.inventory.FactoryItemMaterialTest" time="0"/>
  <testcase name="asMetaFor[Material[72]:STAINED_GLASS]" classname="org.bukkit.craftbukkit.inventory.FactoryItemMaterialTest" time="0.001"/>
  <testcase name="itemStack[Material[72]:STAINED_GLASS]" classname="org.bukkit.craftbukkit.inventory.FactoryItemMaterialTest" time="0"/>
  <testcase name="blankEqualities[Material[73]:TRAP_DOOR]" classname="org.bukkit.craftbukkit.inventory.FactoryItemMaterialTest" time="0.002"/>
  <testcase name="generalCase[Material[73]:TRAP_DOOR]" classname="org.bukkit.craftbukkit.inventory.FactoryItemMaterialTest" time="0"/>
  <testcase name="asMetaFor[Material[73]:TRAP_DOOR]" classname="org.bukkit.craftbukkit.inventory.FactoryItemMaterialTest" time="0.001"/>
  <testcase name="itemStack[Material[73]:TRAP_DOOR]" classname="org.bukkit.craftbukkit.inventory.FactoryItemMaterialTest" time="0"/>
  <testcase name="blankEqualities[Material[74]:MONSTER_EGGS]" classname="org.bukkit.craftbukkit.inventory.FactoryItemMaterialTest" time="0.001"/>
  <testcase name="generalCase[Material[74]:MONSTER_EGGS]" classname="org.bukkit.craftbukkit.inventory.FactoryItemMaterialTest" time="0"/>
  <testcase name="asMetaFor[Material[74]:MONSTER_EGGS]" classname="org.bukkit.craftbukkit.inventory.FactoryItemMaterialTest" time="0.001"/>
  <testcase name="itemStack[Material[74]:MONSTER_EGGS]" classname="org.bukkit.craftbukkit.inventory.FactoryItemMaterialTest" time="0"/>
  <testcase name="blankEqualities[Material[75]:SMOOTH_BRICK]" classname="org.bukkit.craftbukkit.inventory.FactoryItemMaterialTest" time="0.002"/>
  <testcase name="generalCase[Material[75]:SMOOTH_BRICK]" classname="org.bukkit.craftbukkit.inventory.FactoryItemMaterialTest" time="0"/>
  <testcase name="asMetaFor[Material[75]:SMOOTH_BRICK]" classname="org.bukkit.craftbukkit.inventory.FactoryItemMaterialTest" time="0.001"/>
  <testcase name="itemStack[Material[75]:SMOOTH_BRICK]" classname="org.bukkit.craftbukkit.inventory.FactoryItemMaterialTest" time="0"/>
  <testcase name="blankEqualities[Material[76]:HUGE_MUSHROOM_1]" classname="org.bukkit.craftbukkit.inventory.FactoryItemMaterialTest" time="0.002"/>
  <testcase name="generalCase[Material[76]:HUGE_MUSHROOM_1]" classname="org.bukkit.craftbukkit.inventory.FactoryItemMaterialTest" time="0"/>
  <testcase name="asMetaFor[Material[76]:HUGE_MUSHROOM_1]" classname="org.bukkit.craftbukkit.inventory.FactoryItemMaterialTest" time="0.002"/>
  <testcase name="itemStack[Material[76]:HUGE_MUSHROOM_1]" classname="org.bukkit.craftbukkit.inventory.FactoryItemMaterialTest" time="0"/>
  <testcase name="blankEqualities[Material[77]:HUGE_MUSHROOM_2]" classname="org.bukkit.craftbukkit.inventory.FactoryItemMaterialTest" time="0.001"/>
  <testcase name="generalCase[Material[77]:HUGE_MUSHROOM_2]" classname="org.bukkit.craftbukkit.inventory.FactoryItemMaterialTest" time="0.001"/>
  <testcase name="asMetaFor[Material[77]:HUGE_MUSHROOM_2]" classname="org.bukkit.craftbukkit.inventory.FactoryItemMaterialTest" time="0.001"/>
  <testcase name="itemStack[Material[77]:HUGE_MUSHROOM_2]" classname="org.bukkit.craftbukkit.inventory.FactoryItemMaterialTest" time="0"/>
  <testcase name="blankEqualities[Material[78]:IRON_FENCE]" classname="org.bukkit.craftbukkit.inventory.FactoryItemMaterialTest" time="0.001"/>
  <testcase name="generalCase[Material[78]:IRON_FENCE]" classname="org.bukkit.craftbukkit.inventory.FactoryItemMaterialTest" time="0"/>
  <testcase name="asMetaFor[Material[78]:IRON_FENCE]" classname="org.bukkit.craftbukkit.inventory.FactoryItemMaterialTest" time="0.001"/>
  <testcase name="itemStack[Material[78]:IRON_FENCE]" classname="org.bukkit.craftbukkit.inventory.FactoryItemMaterialTest" time="0"/>
  <testcase name="blankEqualities[Material[79]:THIN_GLASS]" classname="org.bukkit.craftbukkit.inventory.FactoryItemMaterialTest" time="0.002"/>
  <testcase name="generalCase[Material[79]:THIN_GLASS]" classname="org.bukkit.craftbukkit.inventory.FactoryItemMaterialTest" time="0"/>
  <testcase name="asMetaFor[Material[79]:THIN_GLASS]" classname="org.bukkit.craftbukkit.inventory.FactoryItemMaterialTest" time="0.001"/>
  <testcase name="itemStack[Material[79]:THIN_GLASS]" classname="org.bukkit.craftbukkit.inventory.FactoryItemMaterialTest" time="0"/>
  <testcase name="blankEqualities[Material[80]:MELON_BLOCK]" classname="org.bukkit.craftbukkit.inventory.FactoryItemMaterialTest" time="0.002"/>
  <testcase name="generalCase[Material[80]:MELON_BLOCK]" classname="org.bukkit.craftbukkit.inventory.FactoryItemMaterialTest" time="0.001"/>
  <testcase name="asMetaFor[Material[80]:MELON_BLOCK]" classname="org.bukkit.craftbukkit.inventory.FactoryItemMaterialTest" time="0.001"/>
  <testcase name="itemStack[Material[80]:MELON_BLOCK]" classname="org.bukkit.craftbukkit.inventory.FactoryItemMaterialTest" time="0"/>
  <testcase name="blankEqualities[Material[81]:VINE]" classname="org.bukkit.craftbukkit.inventory.FactoryItemMaterialTest" time="0.001"/>
  <testcase name="generalCase[Material[81]:VINE]" classname="org.bukkit.craftbukkit.inventory.FactoryItemMaterialTest" time="0"/>
  <testcase name="asMetaFor[Material[81]:VINE]" classname="org.bukkit.craftbukkit.inventory.FactoryItemMaterialTest" time="0.002"/>
  <testcase name="itemStack[Material[81]:VINE]" classname="org.bukkit.craftbukkit.inventory.FactoryItemMaterialTest" time="0"/>
  <testcase name="blankEqualities[Material[82]:FENCE_GATE]" classname="org.bukkit.craftbukkit.inventory.FactoryItemMaterialTest" time="0.001"/>
  <testcase name="generalCase[Material[82]:FENCE_GATE]" classname="org.bukkit.craftbukkit.inventory.FactoryItemMaterialTest" time="0.001"/>
  <testcase name="asMetaFor[Material[82]:FENCE_GATE]" classname="org.bukkit.craftbukkit.inventory.FactoryItemMaterialTest" time="0.001"/>
  <testcase name="itemStack[Material[82]:FENCE_GATE]" classname="org.bukkit.craftbukkit.inventory.FactoryItemMaterialTest" time="0"/>
  <testcase name="blankEqualities[Material[83]:BRICK_STAIRS]" classname="org.bukkit.craftbukkit.inventory.FactoryItemMaterialTest" time="0.001"/>
  <testcase name="generalCase[Material[83]:BRICK_STAIRS]" classname="org.bukkit.craftbukkit.inventory.FactoryItemMaterialTest" time="0"/>
  <testcase name="asMetaFor[Material[83]:BRICK_STAIRS]" classname="org.bukkit.craftbukkit.inventory.FactoryItemMaterialTest" time="0.002"/>
  <testcase name="itemStack[Material[83]:BRICK_STAIRS]" classname="org.bukkit.craftbukkit.inventory.FactoryItemMaterialTest" time="0"/>
  <testcase name="blankEqualities[Material[84]:SMOOTH_STAIRS]" classname="org.bukkit.craftbukkit.inventory.FactoryItemMaterialTest" time="0.001"/>
  <testcase name="generalCase[Material[84]:SMOOTH_STAIRS]" classname="org.bukkit.craftbukkit.inventory.FactoryItemMaterialTest" time="0"/>
  <testcase name="asMetaFor[Material[84]:SMOOTH_STAIRS]" classname="org.bukkit.craftbukkit.inventory.FactoryItemMaterialTest" time="0.001"/>
  <testcase name="itemStack[Material[84]:SMOOTH_STAIRS]" classname="org.bukkit.craftbukkit.inventory.FactoryItemMaterialTest" time="0"/>
  <testcase name="blankEqualities[Material[85]:MYCEL]" classname="org.bukkit.craftbukkit.inventory.FactoryItemMaterialTest" time="0.002"/>
  <testcase name="generalCase[Material[85]:MYCEL]" classname="org.bukkit.craftbukkit.inventory.FactoryItemMaterialTest" time="0"/>
  <testcase name="asMetaFor[Material[85]:MYCEL]" classname="org.bukkit.craftbukkit.inventory.FactoryItemMaterialTest" time="0.001"/>
  <testcase name="itemStack[Material[85]:MYCEL]" classname="org.bukkit.craftbukkit.inventory.FactoryItemMaterialTest" time="0"/>
  <testcase name="blankEqualities[Material[86]:WATER_LILY]" classname="org.bukkit.craftbukkit.inventory.FactoryItemMaterialTest" time="0.002"/>
  <testcase name="generalCase[Material[86]:WATER_LILY]" classname="org.bukkit.craftbukkit.inventory.FactoryItemMaterialTest" time="0"/>
  <testcase name="asMetaFor[Material[86]:WATER_LILY]" classname="org.bukkit.craftbukkit.inventory.FactoryItemMaterialTest" time="0.001"/>
  <testcase name="itemStack[Material[86]:WATER_LILY]" classname="org.bukkit.craftbukkit.inventory.FactoryItemMaterialTest" time="0"/>
  <testcase name="blankEqualities[Material[87]:NETHER_BRICK]" classname="org.bukkit.craftbukkit.inventory.FactoryItemMaterialTest" time="0.001"/>
  <testcase name="generalCase[Material[87]:NETHER_BRICK]" classname="org.bukkit.craftbukkit.inventory.FactoryItemMaterialTest" time="0"/>
  <testcase name="asMetaFor[Material[87]:NETHER_BRICK]" classname="org.bukkit.craftbukkit.inventory.FactoryItemMaterialTest" time="0.001"/>
  <testcase name="itemStack[Material[87]:NETHER_BRICK]" classname="org.bukkit.craftbukkit.inventory.FactoryItemMaterialTest" time="0"/>
  <testcase name="blankEqualities[Material[88]:NETHER_FENCE]" classname="org.bukkit.craftbukkit.inventory.FactoryItemMaterialTest" time="0.001"/>
  <testcase name="generalCase[Material[88]:NETHER_FENCE]" classname="org.bukkit.craftbukkit.inventory.FactoryItemMaterialTest" time="0"/>
  <testcase name="asMetaFor[Material[88]:NETHER_FENCE]" classname="org.bukkit.craftbukkit.inventory.FactoryItemMaterialTest" time="0.001"/>
  <testcase name="itemStack[Material[88]:NETHER_FENCE]" classname="org.bukkit.craftbukkit.inventory.FactoryItemMaterialTest" time="0"/>
  <testcase name="blankEqualities[Material[89]:NETHER_BRICK_STAIRS]" classname="org.bukkit.craftbukkit.inventory.FactoryItemMaterialTest" time="0.001"/>
  <testcase name="generalCase[Material[89]:NETHER_BRICK_STAIRS]" classname="org.bukkit.craftbukkit.inventory.FactoryItemMaterialTest" time="0"/>
  <testcase name="asMetaFor[Material[89]:NETHER_BRICK_STAIRS]" classname="org.bukkit.craftbukkit.inventory.FactoryItemMaterialTest" time="0.001"/>
  <testcase name="itemStack[Material[89]:NETHER_BRICK_STAIRS]" classname="org.bukkit.craftbukkit.inventory.FactoryItemMaterialTest" time="0"/>
  <testcase name="blankEqualities[Material[90]:ENCHANTMENT_TABLE]" classname="org.bukkit.craftbukkit.inventory.FactoryItemMaterialTest" time="0.002"/>
  <testcase name="generalCase[Material[90]:ENCHANTMENT_TABLE]" classname="org.bukkit.craftbukkit.inventory.FactoryItemMaterialTest" time="0"/>
  <testcase name="asMetaFor[Material[90]:ENCHANTMENT_TABLE]" classname="org.bukkit.craftbukkit.inventory.FactoryItemMaterialTest" time="0.001"/>
  <testcase name="itemStack[Material[90]:ENCHANTMENT_TABLE]" classname="org.bukkit.craftbukkit.inventory.FactoryItemMaterialTest" time="0"/>
  <testcase name="blankEqualities[Material[91]:ENDER_PORTAL_FRAME]" classname="org.bukkit.craftbukkit.inventory.FactoryItemMaterialTest" time="0.001"/>
  <testcase name="generalCase[Material[91]:ENDER_PORTAL_FRAME]" classname="org.bukkit.craftbukkit.inventory.FactoryItemMaterialTest" time="0"/>
  <testcase name="asMetaFor[Material[91]:ENDER_PORTAL_FRAME]" classname="org.bukkit.craftbukkit.inventory.FactoryItemMaterialTest" time="0.001"/>
  <testcase name="itemStack[Material[91]:ENDER_PORTAL_FRAME]" classname="org.bukkit.craftbukkit.inventory.FactoryItemMaterialTest" time="0"/>
  <testcase name="blankEqualities[Material[92]:ENDER_STONE]" classname="org.bukkit.craftbukkit.inventory.FactoryItemMaterialTest" time="0.001"/>
  <testcase name="generalCase[Material[92]:ENDER_STONE]" classname="org.bukkit.craftbukkit.inventory.FactoryItemMaterialTest" time="0"/>
  <testcase name="asMetaFor[Material[92]:ENDER_STONE]" classname="org.bukkit.craftbukkit.inventory.FactoryItemMaterialTest" time="0.001"/>
  <testcase name="itemStack[Material[92]:ENDER_STONE]" classname="org.bukkit.craftbukkit.inventory.FactoryItemMaterialTest" time="0"/>
  <testcase name="blankEqualities[Material[93]:DRAGON_EGG]" classname="org.bukkit.craftbukkit.inventory.FactoryItemMaterialTest" time="0.001"/>
  <testcase name="generalCase[Material[93]:DRAGON_EGG]" classname="org.bukkit.craftbukkit.inventory.FactoryItemMaterialTest" time="0.001"/>
  <testcase name="asMetaFor[Material[93]:DRAGON_EGG]" classname="org.bukkit.craftbukkit.inventory.FactoryItemMaterialTest" time="0.001"/>
  <testcase name="itemStack[Material[93]:DRAGON_EGG]" classname="org.bukkit.craftbukkit.inventory.FactoryItemMaterialTest" time="0"/>
  <testcase name="blankEqualities[Material[94]:REDSTONE_LAMP_OFF]" classname="org.bukkit.craftbukkit.inventory.FactoryItemMaterialTest" time="0.001"/>
  <testcase name="generalCase[Material[94]:REDSTONE_LAMP_OFF]" classname="org.bukkit.craftbukkit.inventory.FactoryItemMaterialTest" time="0"/>
  <testcase name="asMetaFor[Material[94]:REDSTONE_LAMP_OFF]" classname="org.bukkit.craftbukkit.inventory.FactoryItemMaterialTest" time="0.001"/>
  <testcase name="itemStack[Material[94]:REDSTONE_LAMP_OFF]" classname="org.bukkit.craftbukkit.inventory.FactoryItemMaterialTest" time="0"/>
  <testcase name="blankEqualities[Material[95]:WOOD_STEP]" classname="org.bukkit.craftbukkit.inventory.FactoryItemMaterialTest" time="0.001"/>
  <testcase name="generalCase[Material[95]:WOOD_STEP]" classname="org.bukkit.craftbukkit.inventory.FactoryItemMaterialTest" time="0"/>
  <testcase name="asMetaFor[Material[95]:WOOD_STEP]" classname="org.bukkit.craftbukkit.inventory.FactoryItemMaterialTest" time="0"/>
  <testcase name="itemStack[Material[95]:WOOD_STEP]" classname="org.bukkit.craftbukkit.inventory.FactoryItemMaterialTest" time="0"/>
  <testcase name="blankEqualities[Material[96]:SANDSTONE_STAIRS]" classname="org.bukkit.craftbukkit.inventory.FactoryItemMaterialTest" time="0"/>
  <testcase name="generalCase[Material[96]:SANDSTONE_STAIRS]" classname="org.bukkit.craftbukkit.inventory.FactoryItemMaterialTest" time="0"/>
  <testcase name="asMetaFor[Material[96]:SANDSTONE_STAIRS]" classname="org.bukkit.craftbukkit.inventory.FactoryItemMaterialTest" time="0.001"/>
  <testcase name="itemStack[Material[96]:SANDSTONE_STAIRS]" classname="org.bukkit.craftbukkit.inventory.FactoryItemMaterialTest" time="0"/>
  <testcase name="blankEqualities[Material[97]:EMERALD_ORE]" classname="org.bukkit.craftbukkit.inventory.FactoryItemMaterialTest" time="0.001"/>
  <testcase name="generalCase[Material[97]:EMERALD_ORE]" classname="org.bukkit.craftbukkit.inventory.FactoryItemMaterialTest" time="0"/>
  <testcase name="asMetaFor[Material[97]:EMERALD_ORE]" classname="org.bukkit.craftbukkit.inventory.FactoryItemMaterialTest" time="0.001"/>
  <testcase name="itemStack[Material[97]:EMERALD_ORE]" classname="org.bukkit.craftbukkit.inventory.FactoryItemMaterialTest" time="0"/>
  <testcase name="blankEqualities[Material[98]:ENDER_CHEST]" classname="org.bukkit.craftbukkit.inventory.FactoryItemMaterialTest" time="0"/>
  <testcase name="generalCase[Material[98]:ENDER_CHEST]" classname="org.bukkit.craftbukkit.inventory.FactoryItemMaterialTest" time="0.001"/>
  <testcase name="asMetaFor[Material[98]:ENDER_CHEST]" classname="org.bukkit.craftbukkit.inventory.FactoryItemMaterialTest" time="0"/>
  <testcase name="itemStack[Material[98]:ENDER_CHEST]" classname="org.bukkit.craftbukkit.inventory.FactoryItemMaterialTest" time="0.001"/>
  <testcase name="blankEqualities[Material[99]:TRIPWIRE_HOOK]" classname="org.bukkit.craftbukkit.inventory.FactoryItemMaterialTest" time="0.001"/>
  <testcase name="generalCase[Material[99]:TRIPWIRE_HOOK]" classname="org.bukkit.craftbukkit.inventory.FactoryItemMaterialTest" time="0"/>
  <testcase name="asMetaFor[Material[99]:TRIPWIRE_HOOK]" classname="org.bukkit.craftbukkit.inventory.FactoryItemMaterialTest" time="0.001"/>
  <testcase name="itemStack[Material[99]:TRIPWIRE_HOOK]" classname="org.bukkit.craftbukkit.inventory.FactoryItemMaterialTest" time="0"/>
  <testcase name="blankEqualities[Material[100]:EMERALD_BLOCK]" classname="org.bukkit.craftbukkit.inventory.FactoryItemMaterialTest" time="0.001"/>
  <testcase name="generalCase[Material[100]:EMERALD_BLOCK]" classname="org.bukkit.craftbukkit.inventory.FactoryItemMaterialTest" time="0"/>
  <testcase name="asMetaFor[Material[100]:EMERALD_BLOCK]" classname="org.bukkit.craftbukkit.inventory.FactoryItemMaterialTest" time="0"/>
  <testcase name="itemStack[Material[100]:EMERALD_BLOCK]" classname="org.bukkit.craftbukkit.inventory.FactoryItemMaterialTest" time="0"/>
  <testcase name="blankEqualities[Material[101]:SPRUCE_WOOD_STAIRS]" classname="org.bukkit.craftbukkit.inventory.FactoryItemMaterialTest" time="0.001"/>
  <testcase name="generalCase[Material[101]:SPRUCE_WOOD_STAIRS]" classname="org.bukkit.craftbukkit.inventory.FactoryItemMaterialTest" time="0"/>
  <testcase name="asMetaFor[Material[101]:SPRUCE_WOOD_STAIRS]" classname="org.bukkit.craftbukkit.inventory.FactoryItemMaterialTest" time="0.001"/>
  <testcase name="itemStack[Material[101]:SPRUCE_WOOD_STAIRS]" classname="org.bukkit.craftbukkit.inventory.FactoryItemMaterialTest" time="0"/>
  <testcase name="blankEqualities[Material[102]:BIRCH_WOOD_STAIRS]" classname="org.bukkit.craftbukkit.inventory.FactoryItemMaterialTest" time="0.001"/>
  <testcase name="generalCase[Material[102]:BIRCH_WOOD_STAIRS]" classname="org.bukkit.craftbukkit.inventory.FactoryItemMaterialTest" time="0"/>
  <testcase name="asMetaFor[Material[102]:BIRCH_WOOD_STAIRS]" classname="org.bukkit.craftbukkit.inventory.FactoryItemMaterialTest" time="0.001"/>
  <testcase name="itemStack[Material[102]:BIRCH_WOOD_STAIRS]" classname="org.bukkit.craftbukkit.inventory.FactoryItemMaterialTest" time="0"/>
  <testcase name="blankEqualities[Material[103]:JUNGLE_WOOD_STAIRS]" classname="org.bukkit.craftbukkit.inventory.FactoryItemMaterialTest" time="0.001"/>
  <testcase name="generalCase[Material[103]:JUNGLE_WOOD_STAIRS]" classname="org.bukkit.craftbukkit.inventory.FactoryItemMaterialTest" time="0"/>
  <testcase name="asMetaFor[Material[103]:JUNGLE_WOOD_STAIRS]" classname="org.bukkit.craftbukkit.inventory.FactoryItemMaterialTest" time="0.001"/>
  <testcase name="itemStack[Material[103]:JUNGLE_WOOD_STAIRS]" classname="org.bukkit.craftbukkit.inventory.FactoryItemMaterialTest" time="0"/>
  <testcase name="blankEqualities[Material[104]:COMMAND]" classname="org.bukkit.craftbukkit.inventory.FactoryItemMaterialTest" time="0.001"/>
  <testcase name="generalCase[Material[104]:COMMAND]" classname="org.bukkit.craftbukkit.inventory.FactoryItemMaterialTest" time="0"/>
  <testcase name="asMetaFor[Material[104]:COMMAND]" classname="org.bukkit.craftbukkit.inventory.FactoryItemMaterialTest" time="0.002"/>
  <testcase name="itemStack[Material[104]:COMMAND]" classname="org.bukkit.craftbukkit.inventory.FactoryItemMaterialTest" time="0"/>
  <testcase name="blankEqualities[Material[105]:BEACON]" classname="org.bukkit.craftbukkit.inventory.FactoryItemMaterialTest" time="0.001"/>
  <testcase name="generalCase[Material[105]:BEACON]" classname="org.bukkit.craftbukkit.inventory.FactoryItemMaterialTest" time="0"/>
  <testcase name="asMetaFor[Material[105]:BEACON]" classname="org.bukkit.craftbukkit.inventory.FactoryItemMaterialTest" time="0.001"/>
  <testcase name="itemStack[Material[105]:BEACON]" classname="org.bukkit.craftbukkit.inventory.FactoryItemMaterialTest" time="0"/>
  <testcase name="blankEqualities[Material[106]:COBBLE_WALL]" classname="org.bukkit.craftbukkit.inventory.FactoryItemMaterialTest" time="0.001"/>
  <testcase name="generalCase[Material[106]:COBBLE_WALL]" classname="org.bukkit.craftbukkit.inventory.FactoryItemMaterialTest" time="0"/>
  <testcase name="asMetaFor[Material[106]:COBBLE_WALL]" classname="org.bukkit.craftbukkit.inventory.FactoryItemMaterialTest" time="0.001"/>
  <testcase name="itemStack[Material[106]:COBBLE_WALL]" classname="org.bukkit.craftbukkit.inventory.FactoryItemMaterialTest" time="0"/>
  <testcase name="blankEqualities[Material[107]:WOOD_BUTTON]" classname="org.bukkit.craftbukkit.inventory.FactoryItemMaterialTest" time="0.002"/>
  <testcase name="generalCase[Material[107]:WOOD_BUTTON]" classname="org.bukkit.craftbukkit.inventory.FactoryItemMaterialTest" time="0"/>
  <testcase name="asMetaFor[Material[107]:WOOD_BUTTON]" classname="org.bukkit.craftbukkit.inventory.FactoryItemMaterialTest" time="0.001"/>
  <testcase name="itemStack[Material[107]:WOOD_BUTTON]" classname="org.bukkit.craftbukkit.inventory.FactoryItemMaterialTest" time="0"/>
  <testcase name="blankEqualities[Material[108]:ANVIL]" classname="org.bukkit.craftbukkit.inventory.FactoryItemMaterialTest" time="0.001"/>
  <testcase name="generalCase[Material[108]:ANVIL]" classname="org.bukkit.craftbukkit.inventory.FactoryItemMaterialTest" time="0"/>
  <testcase name="asMetaFor[Material[108]:ANVIL]" classname="org.bukkit.craftbukkit.inventory.FactoryItemMaterialTest" time="0"/>
  <testcase name="itemStack[Material[108]:ANVIL]" classname="org.bukkit.craftbukkit.inventory.FactoryItemMaterialTest" time="0"/>
  <testcase name="blankEqualities[Material[109]:TRAPPED_CHEST]" classname="org.bukkit.craftbukkit.inventory.FactoryItemMaterialTest" time="0.001"/>
  <testcase name="generalCase[Material[109]:TRAPPED_CHEST]" classname="org.bukkit.craftbukkit.inventory.FactoryItemMaterialTest" time="0"/>
  <testcase name="asMetaFor[Material[109]:TRAPPED_CHEST]" classname="org.bukkit.craftbukkit.inventory.FactoryItemMaterialTest" time="0.001"/>
  <testcase name="itemStack[Material[109]:TRAPPED_CHEST]" classname="org.bukkit.craftbukkit.inventory.FactoryItemMaterialTest" time="0"/>
  <testcase name="blankEqualities[Material[110]:GOLD_PLATE]" classname="org.bukkit.craftbukkit.inventory.FactoryItemMaterialTest" time="0.002"/>
  <testcase name="generalCase[Material[110]:GOLD_PLATE]" classname="org.bukkit.craftbukkit.inventory.FactoryItemMaterialTest" time="0"/>
  <testcase name="asMetaFor[Material[110]:GOLD_PLATE]" classname="org.bukkit.craftbukkit.inventory.FactoryItemMaterialTest" time="0.001"/>
  <testcase name="itemStack[Material[110]:GOLD_PLATE]" classname="org.bukkit.craftbukkit.inventory.FactoryItemMaterialTest" time="0"/>
  <testcase name="blankEqualities[Material[111]:IRON_PLATE]" classname="org.bukkit.craftbukkit.inventory.FactoryItemMaterialTest" time="0.001"/>
  <testcase name="generalCase[Material[111]:IRON_PLATE]" classname="org.bukkit.craftbukkit.inventory.FactoryItemMaterialTest" time="0"/>
  <testcase name="asMetaFor[Material[111]:IRON_PLATE]" classname="org.bukkit.craftbukkit.inventory.FactoryItemMaterialTest" time="0.001"/>
  <testcase name="itemStack[Material[111]:IRON_PLATE]" classname="org.bukkit.craftbukkit.inventory.FactoryItemMaterialTest" time="0"/>
  <testcase name="blankEqualities[Material[112]:DAYLIGHT_DETECTOR]" classname="org.bukkit.craftbukkit.inventory.FactoryItemMaterialTest" time="0.001"/>
  <testcase name="generalCase[Material[112]:DAYLIGHT_DETECTOR]" classname="org.bukkit.craftbukkit.inventory.FactoryItemMaterialTest" time="0"/>
  <testcase name="asMetaFor[Material[112]:DAYLIGHT_DETECTOR]" classname="org.bukkit.craftbukkit.inventory.FactoryItemMaterialTest" time="0.008"/>
  <testcase name="itemStack[Material[112]:DAYLIGHT_DETECTOR]" classname="org.bukkit.craftbukkit.inventory.FactoryItemMaterialTest" time="0.001"/>
  <testcase name="blankEqualities[Material[113]:REDSTONE_BLOCK]" classname="org.bukkit.craftbukkit.inventory.FactoryItemMaterialTest" time="0.001"/>
  <testcase name="generalCase[Material[113]:REDSTONE_BLOCK]" classname="org.bukkit.craftbukkit.inventory.FactoryItemMaterialTest" time="0"/>
  <testcase name="asMetaFor[Material[113]:REDSTONE_BLOCK]" classname="org.bukkit.craftbukkit.inventory.FactoryItemMaterialTest" time="0.002"/>
  <testcase name="itemStack[Material[113]:REDSTONE_BLOCK]" classname="org.bukkit.craftbukkit.inventory.FactoryItemMaterialTest" time="0"/>
  <testcase name="blankEqualities[Material[114]:QUARTZ_ORE]" classname="org.bukkit.craftbukkit.inventory.FactoryItemMaterialTest" time="0.001"/>
  <testcase name="generalCase[Material[114]:QUARTZ_ORE]" classname="org.bukkit.craftbukkit.inventory.FactoryItemMaterialTest" time="0"/>
  <testcase name="asMetaFor[Material[114]:QUARTZ_ORE]" classname="org.bukkit.craftbukkit.inventory.FactoryItemMaterialTest" time="0.001"/>
  <testcase name="itemStack[Material[114]:QUARTZ_ORE]" classname="org.bukkit.craftbukkit.inventory.FactoryItemMaterialTest" time="0"/>
  <testcase name="blankEqualities[Material[115]:HOPPER]" classname="org.bukkit.craftbukkit.inventory.FactoryItemMaterialTest" time="0.002"/>
  <testcase name="generalCase[Material[115]:HOPPER]" classname="org.bukkit.craftbukkit.inventory.FactoryItemMaterialTest" time="0"/>
  <testcase name="asMetaFor[Material[115]:HOPPER]" classname="org.bukkit.craftbukkit.inventory.FactoryItemMaterialTest" time="0.001"/>
  <testcase name="itemStack[Material[115]:HOPPER]" classname="org.bukkit.craftbukkit.inventory.FactoryItemMaterialTest" time="0"/>
  <testcase name="blankEqualities[Material[116]:QUARTZ_BLOCK]" classname="org.bukkit.craftbukkit.inventory.FactoryItemMaterialTest" time="0.002"/>
  <testcase name="generalCase[Material[116]:QUARTZ_BLOCK]" classname="org.bukkit.craftbukkit.inventory.FactoryItemMaterialTest" time="0"/>
  <testcase name="asMetaFor[Material[116]:QUARTZ_BLOCK]" classname="org.bukkit.craftbukkit.inventory.FactoryItemMaterialTest" time="0.001"/>
  <testcase name="itemStack[Material[116]:QUARTZ_BLOCK]" classname="org.bukkit.craftbukkit.inventory.FactoryItemMaterialTest" time="0"/>
  <testcase name="blankEqualities[Material[117]:QUARTZ_STAIRS]" classname="org.bukkit.craftbukkit.inventory.FactoryItemMaterialTest" time="0.001"/>
  <testcase name="generalCase[Material[117]:QUARTZ_STAIRS]" classname="org.bukkit.craftbukkit.inventory.FactoryItemMaterialTest" time="0"/>
  <testcase name="asMetaFor[Material[117]:QUARTZ_STAIRS]" classname="org.bukkit.craftbukkit.inventory.FactoryItemMaterialTest" time="0.001"/>
  <testcase name="itemStack[Material[117]:QUARTZ_STAIRS]" classname="org.bukkit.craftbukkit.inventory.FactoryItemMaterialTest" time="0"/>
  <testcase name="blankEqualities[Material[118]:ACTIVATOR_RAIL]" classname="org.bukkit.craftbukkit.inventory.FactoryItemMaterialTest" time="0.001"/>
  <testcase name="generalCase[Material[118]:ACTIVATOR_RAIL]" classname="org.bukkit.craftbukkit.inventory.FactoryItemMaterialTest" time="0.001"/>
  <testcase name="asMetaFor[Material[118]:ACTIVATOR_RAIL]" classname="org.bukkit.craftbukkit.inventory.FactoryItemMaterialTest" time="0"/>
  <testcase name="itemStack[Material[118]:ACTIVATOR_RAIL]" classname="org.bukkit.craftbukkit.inventory.FactoryItemMaterialTest" time="0"/>
  <testcase name="blankEqualities[Material[119]:DROPPER]" classname="org.bukkit.craftbukkit.inventory.FactoryItemMaterialTest" time="0.002"/>
  <testcase name="generalCase[Material[119]:DROPPER]" classname="org.bukkit.craftbukkit.inventory.FactoryItemMaterialTest" time="0"/>
  <testcase name="asMetaFor[Material[119]:DROPPER]" classname="org.bukkit.craftbukkit.inventory.FactoryItemMaterialTest" time="0.001"/>
  <testcase name="itemStack[Material[119]:DROPPER]" classname="org.bukkit.craftbukkit.inventory.FactoryItemMaterialTest" time="0"/>
  <testcase name="blankEqualities[Material[120]:STAINED_CLAY]" classname="org.bukkit.craftbukkit.inventory.FactoryItemMaterialTest" time="0.001"/>
  <testcase name="generalCase[Material[120]:STAINED_CLAY]" classname="org.bukkit.craftbukkit.inventory.FactoryItemMaterialTest" time="0"/>
  <testcase name="asMetaFor[Material[120]:STAINED_CLAY]" classname="org.bukkit.craftbukkit.inventory.FactoryItemMaterialTest" time="0.001"/>
  <testcase name="itemStack[Material[120]:STAINED_CLAY]" classname="org.bukkit.craftbukkit.inventory.FactoryItemMaterialTest" time="0"/>
  <testcase name="blankEqualities[Material[121]:STAINED_GLASS_PANE]" classname="org.bukkit.craftbukkit.inventory.FactoryItemMaterialTest" time="0.001"/>
  <testcase name="generalCase[Material[121]:STAINED_GLASS_PANE]" classname="org.bukkit.craftbukkit.inventory.FactoryItemMaterialTest" time="0"/>
  <testcase name="asMetaFor[Material[121]:STAINED_GLASS_PANE]" classname="org.bukkit.craftbukkit.inventory.FactoryItemMaterialTest" time="0.002"/>
  <testcase name="itemStack[Material[121]:STAINED_GLASS_PANE]" classname="org.bukkit.craftbukkit.inventory.FactoryItemMaterialTest" time="0"/>
  <testcase name="blankEqualities[Material[122]:LEAVES_2]" classname="org.bukkit.craftbukkit.inventory.FactoryItemMaterialTest" time="0.001"/>
  <testcase name="generalCase[Material[122]:LEAVES_2]" classname="org.bukkit.craftbukkit.inventory.FactoryItemMaterialTest" time="0"/>
  <testcase name="asMetaFor[Material[122]:LEAVES_2]" classname="org.bukkit.craftbukkit.inventory.FactoryItemMaterialTest" time="0.001"/>
  <testcase name="itemStack[Material[122]:LEAVES_2]" classname="org.bukkit.craftbukkit.inventory.FactoryItemMaterialTest" time="0"/>
  <testcase name="blankEqualities[Material[123]:LOG_2]" classname="org.bukkit.craftbukkit.inventory.FactoryItemMaterialTest" time="0.001"/>
  <testcase name="generalCase[Material[123]:LOG_2]" classname="org.bukkit.craftbukkit.inventory.FactoryItemMaterialTest" time="0"/>
  <testcase name="asMetaFor[Material[123]:LOG_2]" classname="org.bukkit.craftbukkit.inventory.FactoryItemMaterialTest" time="0.001"/>
  <testcase name="itemStack[Material[123]:LOG_2]" classname="org.bukkit.craftbukkit.inventory.FactoryItemMaterialTest" time="0"/>
  <testcase name="blankEqualities[Material[124]:ACACIA_STAIRS]" classname="org.bukkit.craftbukkit.inventory.FactoryItemMaterialTest" time="0.002"/>
  <testcase name="generalCase[Material[124]:ACACIA_STAIRS]" classname="org.bukkit.craftbukkit.inventory.FactoryItemMaterialTest" time="0"/>
  <testcase name="asMetaFor[Material[124]:ACACIA_STAIRS]" classname="org.bukkit.craftbukkit.inventory.FactoryItemMaterialTest" time="0.001"/>
  <testcase name="itemStack[Material[124]:ACACIA_STAIRS]" classname="org.bukkit.craftbukkit.inventory.FactoryItemMaterialTest" time="0"/>
  <testcase name="blankEqualities[Material[125]:DARK_OAK_STAIRS]" classname="org.bukkit.craftbukkit.inventory.FactoryItemMaterialTest" time="0.001"/>
  <testcase name="generalCase[Material[125]:DARK_OAK_STAIRS]" classname="org.bukkit.craftbukkit.inventory.FactoryItemMaterialTest" time="0"/>
  <testcase name="asMetaFor[Material[125]:DARK_OAK_STAIRS]" classname="org.bukkit.craftbukkit.inventory.FactoryItemMaterialTest" time="0.001"/>
  <testcase name="itemStack[Material[125]:DARK_OAK_STAIRS]" classname="org.bukkit.craftbukkit.inventory.FactoryItemMaterialTest" time="0"/>
  <testcase name="blankEqualities[Material[126]:SLIME_BLOCK]" classname="org.bukkit.craftbukkit.inventory.FactoryItemMaterialTest" time="0.001"/>
  <testcase name="generalCase[Material[126]:SLIME_BLOCK]" classname="org.bukkit.craftbukkit.inventory.FactoryItemMaterialTest" time="0"/>
  <testcase name="asMetaFor[Material[126]:SLIME_BLOCK]" classname="org.bukkit.craftbukkit.inventory.FactoryItemMaterialTest" time="0.001"/>
  <testcase name="itemStack[Material[126]:SLIME_BLOCK]" classname="org.bukkit.craftbukkit.inventory.FactoryItemMaterialTest" time="0"/>
  <testcase name="blankEqualities[Material[127]:BARRIER]" classname="org.bukkit.craftbukkit.inventory.FactoryItemMaterialTest" time="0.001"/>
  <testcase name="generalCase[Material[127]:BARRIER]" classname="org.bukkit.craftbukkit.inventory.FactoryItemMaterialTest" time="0"/>
  <testcase name="asMetaFor[Material[127]:BARRIER]" classname="org.bukkit.craftbukkit.inventory.FactoryItemMaterialTest" time="0.001"/>
  <testcase name="itemStack[Material[127]:BARRIER]" classname="org.bukkit.craftbukkit.inventory.FactoryItemMaterialTest" time="0"/>
  <testcase name="blankEqualities[Material[128]:IRON_TRAPDOOR]" classname="org.bukkit.craftbukkit.inventory.FactoryItemMaterialTest" time="0.001"/>
  <testcase name="generalCase[Material[128]:IRON_TRAPDOOR]" classname="org.bukkit.craftbukkit.inventory.FactoryItemMaterialTest" time="0"/>
  <testcase name="asMetaFor[Material[128]:IRON_TRAPDOOR]" classname="org.bukkit.craftbukkit.inventory.FactoryItemMaterialTest" time="0.001"/>
  <testcase name="itemStack[Material[128]:IRON_TRAPDOOR]" classname="org.bukkit.craftbukkit.inventory.FactoryItemMaterialTest" time="0"/>
  <testcase name="blankEqualities[Material[129]:PRISMARINE]" classname="org.bukkit.craftbukkit.inventory.FactoryItemMaterialTest" time="0.001"/>
  <testcase name="generalCase[Material[129]:PRISMARINE]" classname="org.bukkit.craftbukkit.inventory.FactoryItemMaterialTest" time="0"/>
  <testcase name="asMetaFor[Material[129]:PRISMARINE]" classname="org.bukkit.craftbukkit.inventory.FactoryItemMaterialTest" time="0.001"/>
  <testcase name="itemStack[Material[129]:PRISMARINE]" classname="org.bukkit.craftbukkit.inventory.FactoryItemMaterialTest" time="0"/>
  <testcase name="blankEqualities[Material[130]:SEA_LANTERN]" classname="org.bukkit.craftbukkit.inventory.FactoryItemMaterialTest" time="0.001"/>
  <testcase name="generalCase[Material[130]:SEA_LANTERN]" classname="org.bukkit.craftbukkit.inventory.FactoryItemMaterialTest" time="0"/>
  <testcase name="asMetaFor[Material[130]:SEA_LANTERN]" classname="org.bukkit.craftbukkit.inventory.FactoryItemMaterialTest" time="0.001"/>
  <testcase name="itemStack[Material[130]:SEA_LANTERN]" classname="org.bukkit.craftbukkit.inventory.FactoryItemMaterialTest" time="0"/>
  <testcase name="blankEqualities[Material[131]:HAY_BLOCK]" classname="org.bukkit.craftbukkit.inventory.FactoryItemMaterialTest" time="0.001"/>
  <testcase name="generalCase[Material[131]:HAY_BLOCK]" classname="org.bukkit.craftbukkit.inventory.FactoryItemMaterialTest" time="0"/>
  <testcase name="asMetaFor[Material[131]:HAY_BLOCK]" classname="org.bukkit.craftbukkit.inventory.FactoryItemMaterialTest" time="0.001"/>
  <testcase name="itemStack[Material[131]:HAY_BLOCK]" classname="org.bukkit.craftbukkit.inventory.FactoryItemMaterialTest" time="0"/>
  <testcase name="blankEqualities[Material[132]:CARPET]" classname="org.bukkit.craftbukkit.inventory.FactoryItemMaterialTest" time="0.001"/>
  <testcase name="generalCase[Material[132]:CARPET]" classname="org.bukkit.craftbukkit.inventory.FactoryItemMaterialTest" time="0"/>
  <testcase name="asMetaFor[Material[132]:CARPET]" classname="org.bukkit.craftbukkit.inventory.FactoryItemMaterialTest" time="0.001"/>
  <testcase name="itemStack[Material[132]:CARPET]" classname="org.bukkit.craftbukkit.inventory.FactoryItemMaterialTest" time="0"/>
  <testcase name="blankEqualities[Material[133]:HARD_CLAY]" classname="org.bukkit.craftbukkit.inventory.FactoryItemMaterialTest" time="0.001"/>
  <testcase name="generalCase[Material[133]:HARD_CLAY]" classname="org.bukkit.craftbukkit.inventory.FactoryItemMaterialTest" time="0"/>
  <testcase name="asMetaFor[Material[133]:HARD_CLAY]" classname="org.bukkit.craftbukkit.inventory.FactoryItemMaterialTest" time="0"/>
  <testcase name="itemStack[Material[133]:HARD_CLAY]" classname="org.bukkit.craftbukkit.inventory.FactoryItemMaterialTest" time="0"/>
  <testcase name="blankEqualities[Material[134]:COAL_BLOCK]" classname="org.bukkit.craftbukkit.inventory.FactoryItemMaterialTest" time="0.001"/>
  <testcase name="generalCase[Material[134]:COAL_BLOCK]" classname="org.bukkit.craftbukkit.inventory.FactoryItemMaterialTest" time="0"/>
  <testcase name="asMetaFor[Material[134]:COAL_BLOCK]" classname="org.bukkit.craftbukkit.inventory.FactoryItemMaterialTest" time="0.001"/>
  <testcase name="itemStack[Material[134]:COAL_BLOCK]" classname="org.bukkit.craftbukkit.inventory.FactoryItemMaterialTest" time="0"/>
  <testcase name="blankEqualities[Material[135]:PACKED_ICE]" classname="org.bukkit.craftbukkit.inventory.FactoryItemMaterialTest" time="0.001"/>
  <testcase name="generalCase[Material[135]:PACKED_ICE]" classname="org.bukkit.craftbukkit.inventory.FactoryItemMaterialTest" time="0"/>
  <testcase name="asMetaFor[Material[135]:PACKED_ICE]" classname="org.bukkit.craftbukkit.inventory.FactoryItemMaterialTest" time="0.001"/>
  <testcase name="itemStack[Material[135]:PACKED_ICE]" classname="org.bukkit.craftbukkit.inventory.FactoryItemMaterialTest" time="0"/>
  <testcase name="blankEqualities[Material[136]:DOUBLE_PLANT]" classname="org.bukkit.craftbukkit.inventory.FactoryItemMaterialTest" time="0.001"/>
  <testcase name="generalCase[Material[136]:DOUBLE_PLANT]" classname="org.bukkit.craftbukkit.inventory.FactoryItemMaterialTest" time="0"/>
  <testcase name="asMetaFor[Material[136]:DOUBLE_PLANT]" classname="org.bukkit.craftbukkit.inventory.FactoryItemMaterialTest" time="0.002"/>
  <testcase name="itemStack[Material[136]:DOUBLE_PLANT]" classname="org.bukkit.craftbukkit.inventory.FactoryItemMaterialTest" time="0"/>
  <testcase name="blankEqualities[Material[137]:RED_SANDSTONE]" classname="org.bukkit.craftbukkit.inventory.FactoryItemMaterialTest" time="0.001"/>
  <testcase name="generalCase[Material[137]:RED_SANDSTONE]" classname="org.bukkit.craftbukkit.inventory.FactoryItemMaterialTest" time="0"/>
  <testcase name="asMetaFor[Material[137]:RED_SANDSTONE]" classname="org.bukkit.craftbukkit.inventory.FactoryItemMaterialTest" time="0"/>
  <testcase name="itemStack[Material[137]:RED_SANDSTONE]" classname="org.bukkit.craftbukkit.inventory.FactoryItemMaterialTest" time="0"/>
  <testcase name="blankEqualities[Material[138]:RED_SANDSTONE_STAIRS]" classname="org.bukkit.craftbukkit.inventory.FactoryItemMaterialTest" time="0"/>
  <testcase name="generalCase[Material[138]:RED_SANDSTONE_STAIRS]" classname="org.bukkit.craftbukkit.inventory.FactoryItemMaterialTest" time="0"/>
  <testcase name="asMetaFor[Material[138]:RED_SANDSTONE_STAIRS]" classname="org.bukkit.craftbukkit.inventory.FactoryItemMaterialTest" time="0"/>
  <testcase name="itemStack[Material[138]:RED_SANDSTONE_STAIRS]" classname="org.bukkit.craftbukkit.inventory.FactoryItemMaterialTest" time="0"/>
  <testcase name="blankEqualities[Material[139]:STONE_SLAB2]" classname="org.bukkit.craftbukkit.inventory.FactoryItemMaterialTest" time="0.001"/>
  <testcase name="generalCase[Material[139]:STONE_SLAB2]" classname="org.bukkit.craftbukkit.inventory.FactoryItemMaterialTest" time="0"/>
  <testcase name="asMetaFor[Material[139]:STONE_SLAB2]" classname="org.bukkit.craftbukkit.inventory.FactoryItemMaterialTest" time="0.001"/>
  <testcase name="itemStack[Material[139]:STONE_SLAB2]" classname="org.bukkit.craftbukkit.inventory.FactoryItemMaterialTest" time="0"/>
  <testcase name="blankEqualities[Material[140]:SPRUCE_FENCE_GATE]" classname="org.bukkit.craftbukkit.inventory.FactoryItemMaterialTest" time="0.001"/>
  <testcase name="generalCase[Material[140]:SPRUCE_FENCE_GATE]" classname="org.bukkit.craftbukkit.inventory.FactoryItemMaterialTest" time="0"/>
  <testcase name="asMetaFor[Material[140]:SPRUCE_FENCE_GATE]" classname="org.bukkit.craftbukkit.inventory.FactoryItemMaterialTest" time="0"/>
  <testcase name="itemStack[Material[140]:SPRUCE_FENCE_GATE]" classname="org.bukkit.craftbukkit.inventory.FactoryItemMaterialTest" time="0"/>
  <testcase name="blankEqualities[Material[141]:BIRCH_FENCE_GATE]" classname="org.bukkit.craftbukkit.inventory.FactoryItemMaterialTest" time="0.001"/>
  <testcase name="generalCase[Material[141]:BIRCH_FENCE_GATE]" classname="org.bukkit.craftbukkit.inventory.FactoryItemMaterialTest" time="0"/>
  <testcase name="asMetaFor[Material[141]:BIRCH_FENCE_GATE]" classname="org.bukkit.craftbukkit.inventory.FactoryItemMaterialTest" time="0.001"/>
  <testcase name="itemStack[Material[141]:BIRCH_FENCE_GATE]" classname="org.bukkit.craftbukkit.inventory.FactoryItemMaterialTest" time="0"/>
  <testcase name="blankEqualities[Material[142]:JUNGLE_FENCE_GATE]" classname="org.bukkit.craftbukkit.inventory.FactoryItemMaterialTest" time="0.001"/>
  <testcase name="generalCase[Material[142]:JUNGLE_FENCE_GATE]" classname="org.bukkit.craftbukkit.inventory.FactoryItemMaterialTest" time="0"/>
  <testcase name="asMetaFor[Material[142]:JUNGLE_FENCE_GATE]" classname="org.bukkit.craftbukkit.inventory.FactoryItemMaterialTest" time="0"/>
  <testcase name="itemStack[Material[142]:JUNGLE_FENCE_GATE]" classname="org.bukkit.craftbukkit.inventory.FactoryItemMaterialTest" time="0"/>
  <testcase name="blankEqualities[Material[143]:DARK_OAK_FENCE_GATE]" classname="org.bukkit.craftbukkit.inventory.FactoryItemMaterialTest" time="0"/>
  <testcase name="generalCase[Material[143]:DARK_OAK_FENCE_GATE]" classname="org.bukkit.craftbukkit.inventory.FactoryItemMaterialTest" time="0"/>
  <testcase name="asMetaFor[Material[143]:DARK_OAK_FENCE_GATE]" classname="org.bukkit.craftbukkit.inventory.FactoryItemMaterialTest" time="0.001"/>
[...]
  <testcase name="generalCase[Material[336]:BANNER]" classname="org.bukkit.craftbukkit.inventory.FactoryItemMaterialTest" time="0"/>
  <testcase name="asMetaFor[Material[336]:BANNER]" classname="org.bukkit.craftbukkit.inventory.FactoryItemMaterialTest" time="0"/>
  <testcase name="itemStack[Material[336]:BANNER]" classname="org.bukkit.craftbukkit.inventory.FactoryItemMaterialTest" time="0"/>
  <testcase name="blankEqualities[Material[337]:END_CRYSTAL]" classname="org.bukkit.craftbukkit.inventory.FactoryItemMaterialTest" time="0"/>
  <testcase name="generalCase[Material[337]:END_CRYSTAL]" classname="org.bukkit.craftbukkit.inventory.FactoryItemMaterialTest" time="0"/>
  <testcase name="asMetaFor[Material[337]:END_CRYSTAL]" classname="org.bukkit.craftbukkit.inventory.FactoryItemMaterialTest" time="0.001"/>
  <testcase name="itemStack[Material[337]:END_CRYSTAL]" classname="org.bukkit.craftbukkit.inventory.FactoryItemMaterialTest" time="0"/>
  <testcase name="blankEqualities[Material[338]:SPRUCE_DOOR_ITEM]" classname="org.bukkit.craftbukkit.inventory.FactoryItemMaterialTest" time="0.001"/>
  <testcase name="generalCase[Material[338]:SPRUCE_DOOR_ITEM]" classname="org.bukkit.craftbukkit.inventory.FactoryItemMaterialTest" time="0"/>
  <testcase name="asMetaFor[Material[338]:SPRUCE_DOOR_ITEM]" classname="org.bukkit.craftbukkit.inventory.FactoryItemMaterialTest" time="0.001"/>
  <testcase name="itemStack[Material[338]:SPRUCE_DOOR_ITEM]" classname="org.bukkit.craftbukkit.inventory.FactoryItemMaterialTest" time="0"/>
  <testcase name="blankEqualities[Material[339]:BIRCH_DOOR_ITEM]" classname="org.bukkit.craftbukkit.inventory.FactoryItemMaterialTest" time="0.001"/>
  <testcase name="generalCase[Material[339]:BIRCH_DOOR_ITEM]" classname="org.bukkit.craftbukkit.inventory.FactoryItemMaterialTest" time="0"/>
  <testcase name="asMetaFor[Material[339]:BIRCH_DOOR_ITEM]" classname="org.bukkit.craftbukkit.inventory.FactoryItemMaterialTest" time="0"/>
  <testcase name="itemStack[Material[339]:BIRCH_DOOR_ITEM]" classname="org.bukkit.craftbukkit.inventory.FactoryItemMaterialTest" time="0"/>
  <testcase name="blankEqualities[Material[340]:JUNGLE_DOOR_ITEM]" classname="org.bukkit.craftbukkit.inventory.FactoryItemMaterialTest" time="0.001"/>
  <testcase name="generalCase[Material[340]:JUNGLE_DOOR_ITEM]" classname="org.bukkit.craftbukkit.inventory.FactoryItemMaterialTest" time="0"/>
  <testcase name="asMetaFor[Material[340]:JUNGLE_DOOR_ITEM]" classname="org.bukkit.craftbukkit.inventory.FactoryItemMaterialTest" time="0.001"/>
  <testcase name="itemStack[Material[340]:JUNGLE_DOOR_ITEM]" classname="org.bukkit.craftbukkit.inventory.FactoryItemMaterialTest" time="0"/>
  <testcase name="blankEqualities[Material[341]:ACACIA_DOOR_ITEM]" classname="org.bukkit.craftbukkit.inventory.FactoryItemMaterialTest" time="0"/>
  <testcase name="generalCase[Material[341]:ACACIA_DOOR_ITEM]" classname="org.bukkit.craftbukkit.inventory.FactoryItemMaterialTest" time="0.001"/>
  <testcase name="asMetaFor[Material[341]:ACACIA_DOOR_ITEM]" classname="org.bukkit.craftbukkit.inventory.FactoryItemMaterialTest" time="0"/>
  <testcase name="itemStack[Material[341]:ACACIA_DOOR_ITEM]" classname="org.bukkit.craftbukkit.inventory.FactoryItemMaterialTest" time="0"/>
  <testcase name="blankEqualities[Material[342]:DARK_OAK_DOOR_ITEM]" classname="org.bukkit.craftbukkit.inventory.FactoryItemMaterialTest" time="0.001"/>
  <testcase name="generalCase[Material[342]:DARK_OAK_DOOR_ITEM]" classname="org.bukkit.craftbukkit.inventory.FactoryItemMaterialTest" time="0"/>
  <testcase name="asMetaFor[Material[342]:DARK_OAK_DOOR_ITEM]" classname="org.bukkit.craftbukkit.inventory.FactoryItemMaterialTest" time="0"/>
  <testcase name="itemStack[Material[342]:DARK_OAK_DOOR_ITEM]" classname="org.bukkit.craftbukkit.inventory.FactoryItemMaterialTest" time="0"/>
  <testcase name="blankEqualities[Material[343]:CHORUS_FRUIT]" classname="org.bukkit.craftbukkit.inventory.FactoryItemMaterialTest" time="0.001"/>
  <testcase name="generalCase[Material[343]:CHORUS_FRUIT]" classname="org.bukkit.craftbukkit.inventory.FactoryItemMaterialTest" time="0"/>
  <testcase name="asMetaFor[Material[343]:CHORUS_FRUIT]" classname="org.bukkit.craftbukkit.inventory.FactoryItemMaterialTest" time="0"/>
  <testcase name="itemStack[Material[343]:CHORUS_FRUIT]" classname="org.bukkit.craftbukkit.inventory.FactoryItemMaterialTest" time="0"/>
  <testcase name="blankEqualities[Material[344]:CHORUS_FRUIT_POPPED]" classname="org.bukkit.craftbukkit.inventory.FactoryItemMaterialTest" time="0.001"/>
  <testcase name="generalCase[Material[344]:CHORUS_FRUIT_POPPED]" classname="org.bukkit.craftbukkit.inventory.FactoryItemMaterialTest" time="0"/>
  <testcase name="asMetaFor[Material[344]:CHORUS_FRUIT_POPPED]" classname="org.bukkit.craftbukkit.inventory.FactoryItemMaterialTest" time="0"/>
  <testcase name="itemStack[Material[344]:CHORUS_FRUIT_POPPED]" classname="org.bukkit.craftbukkit.inventory.FactoryItemMaterialTest" time="0"/>
  <testcase name="blankEqualities[Material[345]:BEETROOT]" classname="org.bukkit.craftbukkit.inventory.FactoryItemMaterialTest" time="0.001"/>
  <testcase name="generalCase[Material[345]:BEETROOT]" classname="org.bukkit.craftbukkit.inventory.FactoryItemMaterialTest" time="0"/>
  <testcase name="asMetaFor[Material[345]:BEETROOT]" classname="org.bukkit.craftbukkit.inventory.FactoryItemMaterialTest" time="0"/>
  <testcase name="itemStack[Material[345]:BEETROOT]" classname="org.bukkit.craftbukkit.inventory.FactoryItemMaterialTest" time="0"/>
  <testcase name="blankEqualities[Material[346]:BEETROOT_SEEDS]" classname="org.bukkit.craftbukkit.inventory.FactoryItemMaterialTest" time="0"/>
  <testcase name="generalCase[Material[346]:BEETROOT_SEEDS]" classname="org.bukkit.craftbukkit.inventory.FactoryItemMaterialTest" time="0"/>
  <testcase name="asMetaFor[Material[346]:BEETROOT_SEEDS]" classname="org.bukkit.craftbukkit.inventory.FactoryItemMaterialTest" time="0"/>
  <testcase name="itemStack[Material[346]:BEETROOT_SEEDS]" classname="org.bukkit.craftbukkit.inventory.FactoryItemMaterialTest" time="0"/>
  <testcase name="blankEqualities[Material[347]:BEETROOT_SOUP]" classname="org.bukkit.craftbukkit.inventory.FactoryItemMaterialTest" time="0.001"/>
  <testcase name="generalCase[Material[347]:BEETROOT_SOUP]" classname="org.bukkit.craftbukkit.inventory.FactoryItemMaterialTest" time="0"/>
  <testcase name="asMetaFor[Material[347]:BEETROOT_SOUP]" classname="org.bukkit.craftbukkit.inventory.FactoryItemMaterialTest" time="0"/>
  <testcase name="itemStack[Material[347]:BEETROOT_SOUP]" classname="org.bukkit.craftbukkit.inventory.FactoryItemMaterialTest" time="0"/>
  <testcase name="blankEqualities[Material[348]:DRAGONS_BREATH]" classname="org.bukkit.craftbukkit.inventory.FactoryItemMaterialTest" time="0.001"/>
  <testcase name="generalCase[Material[348]:DRAGONS_BREATH]" classname="org.bukkit.craftbukkit.inventory.FactoryItemMaterialTest" time="0"/>
  <testcase name="asMetaFor[Material[348]:DRAGONS_BREATH]" classname="org.bukkit.craftbukkit.inventory.FactoryItemMaterialTest" time="0.001"/>
  <testcase name="itemStack[Material[348]:DRAGONS_BREATH]" classname="org.bukkit.craftbukkit.inventory.FactoryItemMaterialTest" time="0"/>
  <testcase name="blankEqualities[Material[349]:SPLASH_POTION]" classname="org.bukkit.craftbukkit.inventory.FactoryItemMaterialTest" time="0.002"/>
  <testcase name="generalCase[Material[349]:SPLASH_POTION]" classname="org.bukkit.craftbukkit.inventory.FactoryItemMaterialTest" time="0"/>
  <testcase name="asMetaFor[Material[349]:SPLASH_POTION]" classname="org.bukkit.craftbukkit.inventory.FactoryItemMaterialTest" time="0"/>
  <testcase name="itemStack[Material[349]:SPLASH_POTION]" classname="org.bukkit.craftbukkit.inventory.FactoryItemMaterialTest" time="0"/>
  <testcase name="blankEqualities[Material[350]:SPECTRAL_ARROW]" classname="org.bukkit.craftbukkit.inventory.FactoryItemMaterialTest" time="0"/>
  <testcase name="generalCase[Material[350]:SPECTRAL_ARROW]" classname="org.bukkit.craftbukkit.inventory.FactoryItemMaterialTest" time="0"/>
  <testcase name="asMetaFor[Material[350]:SPECTRAL_ARROW]" classname="org.bukkit.craftbukkit.inventory.FactoryItemMaterialTest" time="0"/>
  <testcase name="itemStack[Material[350]:SPECTRAL_ARROW]" classname="org.bukkit.craftbukkit.inventory.FactoryItemMaterialTest" time="0"/>
  <testcase name="blankEqualities[Material[351]:TIPPED_ARROW]" classname="org.bukkit.craftbukkit.inventory.FactoryItemMaterialTest" time="0.001"/>
  <testcase name="generalCase[Material[351]:TIPPED_ARROW]" classname="org.bukkit.craftbukkit.inventory.FactoryItemMaterialTest" time="0"/>
  <testcase name="asMetaFor[Material[351]:TIPPED_ARROW]" classname="org.bukkit.craftbukkit.inventory.FactoryItemMaterialTest" time="0"/>
  <testcase name="itemStack[Material[351]:TIPPED_ARROW]" classname="org.bukkit.craftbukkit.inventory.FactoryItemMaterialTest" time="0"/>
  <testcase name="blankEqualities[Material[352]:LINGERING_POTION]" classname="org.bukkit.craftbukkit.inventory.FactoryItemMaterialTest" time="0.001"/>
  <testcase name="generalCase[Material[352]:LINGERING_POTION]" classname="org.bukkit.craftbukkit.inventory.FactoryItemMaterialTest" time="0"/>
  <testcase name="asMetaFor[Material[352]:LINGERING_POTION]" classname="org.bukkit.craftbukkit.inventory.FactoryItemMaterialTest" time="0.001"/>
  <testcase name="itemStack[Material[352]:LINGERING_POTION]" classname="org.bukkit.craftbukkit.inventory.FactoryItemMaterialTest" time="0"/>
  <testcase name="blankEqualities[Material[353]:SHIELD]" classname="org.bukkit.craftbukkit.inventory.FactoryItemMaterialTest" time="0"/>
  <testcase name="generalCase[Material[353]:SHIELD]" classname="org.bukkit.craftbukkit.inventory.FactoryItemMaterialTest" time="0"/>
  <testcase name="asMetaFor[Material[353]:SHIELD]" classname="org.bukkit.craftbukkit.inventory.FactoryItemMaterialTest" time="0"/>
  <testcase name="itemStack[Material[353]:SHIELD]" classname="org.bukkit.craftbukkit.inventory.FactoryItemMaterialTest" time="0"/>
  <testcase name="blankEqualities[Material[354]:ELYTRA]" classname="org.bukkit.craftbukkit.inventory.FactoryItemMaterialTest" time="0"/>
  <testcase name="generalCase[Material[354]:ELYTRA]" classname="org.bukkit.craftbukkit.inventory.FactoryItemMaterialTest" time="0"/>
  <testcase name="asMetaFor[Material[354]:ELYTRA]" classname="org.bukkit.craftbukkit.inventory.FactoryItemMaterialTest" time="0.001"/>
  <testcase name="itemStack[Material[354]:ELYTRA]" classname="org.bukkit.craftbukkit.inventory.FactoryItemMaterialTest" time="0"/>
  <testcase name="blankEqualities[Material[355]:BOAT_SPRUCE]" classname="org.bukkit.craftbukkit.inventory.FactoryItemMaterialTest" time="0"/>
  <testcase name="generalCase[Material[355]:BOAT_SPRUCE]" classname="org.bukkit.craftbukkit.inventory.FactoryItemMaterialTest" time="0"/>
  <testcase name="asMetaFor[Material[355]:BOAT_SPRUCE]" classname="org.bukkit.craftbukkit.inventory.FactoryItemMaterialTest" time="0"/>
  <testcase name="itemStack[Material[355]:BOAT_SPRUCE]" classname="org.bukkit.craftbukkit.inventory.FactoryItemMaterialTest" time="0"/>
  <testcase name="blankEqualities[Material[356]:BOAT_BIRCH]" classname="org.bukkit.craftbukkit.inventory.FactoryItemMaterialTest" time="0"/>
  <testcase name="generalCase[Material[356]:BOAT_BIRCH]" classname="org.bukkit.craftbukkit.inventory.FactoryItemMaterialTest" time="0"/>
  <testcase name="asMetaFor[Material[356]:BOAT_BIRCH]" classname="org.bukkit.craftbukkit.inventory.FactoryItemMaterialTest" time="0"/>
  <testcase name="itemStack[Material[356]:BOAT_BIRCH]" classname="org.bukkit.craftbukkit.inventory.FactoryItemMaterialTest" time="0"/>
  <testcase name="blankEqualities[Material[357]:BOAT_JUNGLE]" classname="org.bukkit.craftbukkit.inventory.FactoryItemMaterialTest" time="0"/>
  <testcase name="generalCase[Material[357]:BOAT_JUNGLE]" classname="org.bukkit.craftbukkit.inventory.FactoryItemMaterialTest" time="0"/>
  <testcase name="asMetaFor[Material[357]:BOAT_JUNGLE]" classname="org.bukkit.craftbukkit.inventory.FactoryItemMaterialTest" time="0.001"/>
  <testcase name="itemStack[Material[357]:BOAT_JUNGLE]" classname="org.bukkit.craftbukkit.inventory.FactoryItemMaterialTest" time="0"/>
  <testcase name="blankEqualities[Material[358]:BOAT_ACACIA]" classname="org.bukkit.craftbukkit.inventory.FactoryItemMaterialTest" time="0"/>
  <testcase name="generalCase[Material[358]:BOAT_ACACIA]" classname="org.bukkit.craftbukkit.inventory.FactoryItemMaterialTest" time="0"/>
  <testcase name="asMetaFor[Material[358]:BOAT_ACACIA]" classname="org.bukkit.craftbukkit.inventory.FactoryItemMaterialTest" time="0.001"/>
  <testcase name="itemStack[Material[358]:BOAT_ACACIA]" classname="org.bukkit.craftbukkit.inventory.FactoryItemMaterialTest" time="0"/>
  <testcase name="blankEqualities[Material[359]:BOAT_DARK_OAK]" classname="org.bukkit.craftbukkit.inventory.FactoryItemMaterialTest" time="0"/>
  <testcase name="generalCase[Material[359]:BOAT_DARK_OAK]" classname="org.bukkit.craftbukkit.inventory.FactoryItemMaterialTest" time="0"/>
  <testcase name="asMetaFor[Material[359]:BOAT_DARK_OAK]" classname="org.bukkit.craftbukkit.inventory.FactoryItemMaterialTest" time="0"/>
  <testcase name="itemStack[Material[359]:BOAT_DARK_OAK]" classname="org.bukkit.craftbukkit.inventory.FactoryItemMaterialTest" time="0"/>
  <testcase name="blankEqualities[Material[360]:GOLD_RECORD]" classname="org.bukkit.craftbukkit.inventory.FactoryItemMaterialTest" time="0.001"/>
  <testcase name="generalCase[Material[360]:GOLD_RECORD]" classname="org.bukkit.craftbukkit.inventory.FactoryItemMaterialTest" time="0"/>
  <testcase name="asMetaFor[Material[360]:GOLD_RECORD]" classname="org.bukkit.craftbukkit.inventory.FactoryItemMaterialTest" time="0"/>
  <testcase name="itemStack[Material[360]:GOLD_RECORD]" classname="org.bukkit.craftbukkit.inventory.FactoryItemMaterialTest" time="0"/>
  <testcase name="blankEqualities[Material[361]:GREEN_RECORD]" classname="org.bukkit.craftbukkit.inventory.FactoryItemMaterialTest" time="0.001"/>
  <testcase name="generalCase[Material[361]:GREEN_RECORD]" classname="org.bukkit.craftbukkit.inventory.FactoryItemMaterialTest" time="0"/>
  <testcase name="asMetaFor[Material[361]:GREEN_RECORD]" classname="org.bukkit.craftbukkit.inventory.FactoryItemMaterialTest" time="0"/>
  <testcase name="itemStack[Material[361]:GREEN_RECORD]" classname="org.bukkit.craftbukkit.inventory.FactoryItemMaterialTest" time="0"/>
  <testcase name="blankEqualities[Material[362]:RECORD_3]" classname="org.bukkit.craftbukkit.inventory.FactoryItemMaterialTest" time="0.001"/>
  <testcase name="generalCase[Material[362]:RECORD_3]" classname="org.bukkit.craftbukkit.inventory.FactoryItemMaterialTest" time="0"/>
  <testcase name="asMetaFor[Material[362]:RECORD_3]" classname="org.bukkit.craftbukkit.inventory.FactoryItemMaterialTest" time="0"/>
  <testcase name="itemStack[Material[362]:RECORD_3]" classname="org.bukkit.craftbukkit.inventory.FactoryItemMaterialTest" time="0"/>
  <testcase name="blankEqualities[Material[363]:RECORD_4]" classname="org.bukkit.craftbukkit.inventory.FactoryItemMaterialTest" time="0.001"/>
  <testcase name="generalCase[Material[363]:RECORD_4]" classname="org.bukkit.craftbukkit.inventory.FactoryItemMaterialTest" time="0"/>
  <testcase name="asMetaFor[Material[363]:RECORD_4]" classname="org.bukkit.craftbukkit.inventory.FactoryItemMaterialTest" time="0"/>
  <testcase name="itemStack[Material[363]:RECORD_4]" classname="org.bukkit.craftbukkit.inventory.FactoryItemMaterialTest" time="0"/>
  <testcase name="blankEqualities[Material[364]:RECORD_5]" classname="org.bukkit.craftbukkit.inventory.FactoryItemMaterialTest" time="0.001"/>
  <testcase name="generalCase[Material[364]:RECORD_5]" classname="org.bukkit.craftbukkit.inventory.FactoryItemMaterialTest" time="0"/>
  <testcase name="asMetaFor[Material[364]:RECORD_5]" classname="org.bukkit.craftbukkit.inventory.FactoryItemMaterialTest" time="0"/>
  <testcase name="itemStack[Material[364]:RECORD_5]" classname="org.bukkit.craftbukkit.inventory.FactoryItemMaterialTest" time="0"/>
  <testcase name="blankEqualities[Material[365]:RECORD_6]" classname="org.bukkit.craftbukkit.inventory.FactoryItemMaterialTest" time="0.001"/>
  <testcase name="generalCase[Material[365]:RECORD_6]" classname="org.bukkit.craftbukkit.inventory.FactoryItemMaterialTest" time="0"/>
  <testcase name="asMetaFor[Material[365]:RECORD_6]" classname="org.bukkit.craftbukkit.inventory.FactoryItemMaterialTest" time="0"/>
  <testcase name="itemStack[Material[365]:RECORD_6]" classname="org.bukkit.craftbukkit.inventory.FactoryItemMaterialTest" time="0"/>
  <testcase name="blankEqualities[Material[366]:RECORD_7]" classname="org.bukkit.craftbukkit.inventory.FactoryItemMaterialTest" time="0.001"/>
  <testcase name="generalCase[Material[366]:RECORD_7]" classname="org.bukkit.craftbukkit.inventory.FactoryItemMaterialTest" time="0"/>
  <testcase name="asMetaFor[Material[366]:RECORD_7]" classname="org.bukkit.craftbukkit.inventory.FactoryItemMaterialTest" time="0"/>
  <testcase name="itemStack[Material[366]:RECORD_7]" classname="org.bukkit.craftbukkit.inventory.FactoryItemMaterialTest" time="0"/>
  <testcase name="blankEqualities[Material[367]:RECORD_8]" classname="org.bukkit.craftbukkit.inventory.FactoryItemMaterialTest" time="0"/>
  <testcase name="generalCase[Material[367]:RECORD_8]" classname="org.bukkit.craftbukkit.inventory.FactoryItemMaterialTest" time="0"/>
  <testcase name="asMetaFor[Material[367]:RECORD_8]" classname="org.bukkit.craftbukkit.inventory.FactoryItemMaterialTest" time="0"/>
  <testcase name="itemStack[Material[367]:RECORD_8]" classname="org.bukkit.craftbukkit.inventory.FactoryItemMaterialTest" time="0"/>
  <testcase name="blankEqualities[Material[368]:RECORD_9]" classname="org.bukkit.craftbukkit.inventory.FactoryItemMaterialTest" time="0"/>
  <testcase name="generalCase[Material[368]:RECORD_9]" classname="org.bukkit.craftbukkit.inventory.FactoryItemMaterialTest" time="0"/>
  <testcase name="asMetaFor[Material[368]:RECORD_9]" classname="org.bukkit.craftbukkit.inventory.FactoryItemMaterialTest" time="0.001"/>
  <testcase name="itemStack[Material[368]:RECORD_9]" classname="org.bukkit.craftbukkit.inventory.FactoryItemMaterialTest" time="0"/>
  <testcase name="blankEqualities[Material[369]:RECORD_10]" classname="org.bukkit.craftbukkit.inventory.FactoryItemMaterialTest" time="0"/>
  <testcase name="generalCase[Material[369]:RECORD_10]" classname="org.bukkit.craftbukkit.inventory.FactoryItemMaterialTest" time="0"/>
  <testcase name="asMetaFor[Material[369]:RECORD_10]" classname="org.bukkit.craftbukkit.inventory.FactoryItemMaterialTest" time="0.001"/>
  <testcase name="itemStack[Material[369]:RECORD_10]" classname="org.bukkit.craftbukkit.inventory.FactoryItemMaterialTest" time="0"/>
  <testcase name="blankEqualities[Material[370]:RECORD_11]" classname="org.bukkit.craftbukkit.inventory.FactoryItemMaterialTest" time="0"/>
  <testcase name="generalCase[Material[370]:RECORD_11]" classname="org.bukkit.craftbukkit.inventory.FactoryItemMaterialTest" time="0"/>
  <testcase name="asMetaFor[Material[370]:RECORD_11]" classname="org.bukkit.craftbukkit.inventory.FactoryItemMaterialTest" time="0.001"/>
  <testcase name="itemStack[Material[370]:RECORD_11]" classname="org.bukkit.craftbukkit.inventory.FactoryItemMaterialTest" time="0"/>
  <testcase name="blankEqualities[Material[371]:RECORD_12]" classname="org.bukkit.craftbukkit.inventory.FactoryItemMaterialTest" time="0"/>
  <testcase name="generalCase[Material[371]:RECORD_12]" classname="org.bukkit.craftbukkit.inventory.FactoryItemMaterialTest" time="0"/>
  <testcase name="asMetaFor[Material[371]:RECORD_12]" classname="org.bukkit.craftbukkit.inventory.FactoryItemMaterialTest" time="0.001"/>
  <testcase name="itemStack[Material[371]:RECORD_12]" classname="org.bukkit.craftbukkit.inventory.FactoryItemMaterialTest" time="0"/>
</testsuite>